
954     export = assert;
                 ~~~~~~
  node_modules/.bun/@types+node@25.2.0/node_modules/@types/node/assert.d.ts:950:14
    950     export = assert;
                     ~~~~~~
    'assert' was also declared here.
  node_modules/.bun/@types+node@25.2.0/node_modules/@types/node/assert.d.ts:954:14
    954     export = assert;
                     ~~~~~~
    and here.
node_modules/.bun/@types+node@25.1.0/node_modules/@types/node/assert/strict.d.ts:100:14 - error TS2300: Duplicate identifier 'strict'.
100     export = strict;
                 ~~~~~~
  node_modules/.bun/@types+node@25.2.0/node_modules/@types/node/assert/strict.d.ts:100:14
    100     export = strict;
                     ~~~~~~
    'strict' was also declared here.
  node_modules/.bun/@types+node@25.2.0/node_modules/@types/node/assert/strict.d.ts:104:14
    104     export = strict;
                     ~~~~~~
    and here.
node_modules/.bun/@types+node@25.1.0/node_modules/@types/node/assert/strict.d.ts:104:14 - error TS2300: Duplicate identifier 'strict'.
104     export = strict;
                 ~~~~~~
  node_modules/.bun/@types+node@25.2.0/node_modules/@types/node/assert/strict.d.ts:100:14
    100     export = strict;
                     ~~~~~~
    'strict' was also declared here.
  node_modules/.bun/@types+node@25.2.0/node_modules/@types/node/assert/strict.d.ts:104:14
    104     export = strict;
                     ~~~~~~
    and here.
node_modules/.bun/@types+node@25.1.0/node_modules/@types/node/async_hooks.d.ts:17:1 - error TS6200: Definitions of the following identifiers conflict with those in another file: AsyncResource, AsyncLocalStorage, NONE, DIRHANDLE, DNSCHANNEL, ELDHISTOGRAM, FILEHANDLE, FILEHANDLECLOSEREQ, FIXEDSIZEBLOBCOPY, FSEVENTWRAP, FSREQCALLBACK, FSREQPROMISE, GETADDRINFOREQWRAP, GETNAMEINFOREQWRAP, HEAPSNAPSHOT, HTTP2SESSION, HTTP2STREAM, HTTP2PING, HTTP2SETTINGS, HTTPINCOMINGMESSAGE, HTTPCLIENTREQUEST, JSSTREAM, JSUDPWRAP, MESSAGEPORT, PIPECONNECTWRAP, PIPESERVERWRAP, PIPEWRAP, PROCESSWRAP, PROMISE, QUERYWRAP, SHUTDOWNWRAP, SIGNALWRAP, STATWATCHER, STREAMPIPE, TCPCONNECTWRAP, TCPSERVERWRAP, TCPWRAP, TTYWRAP, UDPSENDWRAP, UDPWRAP, SIGINTWATCHDOG, WORKER, WORKERHEAPSNAPSHOT, WRITEWRAP, ZLIB, CHECKPRIMEREQUEST, PBKDF2REQUEST, KEYPAIRGENREQUEST, KEYGENREQUEST, KEYEXPORTREQUEST, CIPHERREQUEST, DERIVEBITSREQUEST, HASHREQUEST, RANDOMBYTESREQUEST, RANDOMPRIMEREQUEST, SCRYPTREQUEST, SIGNREQUEST, TLSWRAP, VERIFYREQUEST
17 declare module "node:async_hooks" {
   ~~~~~~~
  node_modules/.bun/@types+node@25.2.0/node_modules/@types/node/async_hooks.d.ts:17:1
    17 declare module "node:async_hooks" {
       ~~~~~~~
    Conflicts are in this file.
node_modules/.bun/@types+node@25.1.0/node_modules/@types/node/buffer.buffer.d.ts:2:10 - error TS2300: Duplicate identifier 'ImplicitArrayBuffer'.
2     type ImplicitArrayBuffer<T extends WithImplicitCoercion<ArrayBufferLike>> = T extends
           ~~~~~~~~~~~~~~~~~~~
  node_modules/.bun/@types+node@25.2.0/node_modules/@types/node/buffer.buffer.d.ts:2:10
    2     type ImplicitArrayBuffer<T extends WithImplicitCoercion<ArrayBufferLike>> = T extends
               ~~~~~~~~~~~~~~~~~~~
    'ImplicitArrayBuffer' was also declared here.
node_modules/.bun/@types+node@25.1.0/node_modules/@types/node/buffer.buffer.d.ts:459:14 - error TS2300: Duplicate identifier 'NonSharedBuffer'.
459         type NonSharedBuffer = Buffer<ArrayBuffer>;
                 ~~~~~~~~~~~~~~~
  node_modules/.bun/@types+node@25.2.0/node_modules/@types/node/buffer.buffer.d.ts:459:14
    459         type NonSharedBuffer = Buffer<ArrayBuffer>;
                     ~~~~~~~~~~~~~~~
    'NonSharedBuffer' was also declared here.
node_modules/.bun/@types+node@25.1.0/node_modules/@types/node/buffer.buffer.d.ts:464:14 - error TS2300: Duplicate identifier 'AllowSharedBuffer'.
464         type AllowSharedBuffer = Buffer<ArrayBufferLike>;
                 ~~~~~~~~~~~~~~~~~
  node_modules/.bun/@types+node@25.2.0/node_modules/@types/node/buffer.buffer.d.ts:464:14
    464         type AllowSharedBuffer = Buffer<ArrayBufferLike>;
                     ~~~~~~~~~~~~~~~~~
    'AllowSharedBuffer' was also declared here.
node_modules/.bun/@types+node@25.1.0/node_modules/@types/node/buffer.d.ts:46:1 - error TS6200: Definitions of the following identifiers conflict with those in another file: INSPECT_MAX_BYTES, kMaxLength, kStringMaxLength, constants, TranscodeEncoding, AllowSharedBuffer, Buffer, NonSharedBuffer, WithImplicitCoercion, BlobPart, atob, btoa, BufferEncoding
46 declare module "node:buffer" {
   ~~~~~~~
  node_modules/.bun/@types+node@25.2.0/node_modules/@types/node/buffer.d.ts:46:1
    46 declare module "node:buffer" {
       ~~~~~~~
    Conflicts are in this file.
node_modules/.bun/@types+node@25.1.0/node_modules/@types/node/child_process.d.ts:68:1 - error TS6200: Definitions of the following identifiers conflict with those in another file: Serializable, SendHandle, ChildProcess, IOType, StdioOptions, SerializationType, StdioNull, StdioPipeNamed, StdioPipe, ExecFileException
68 declare module "node:child_process" {
   ~~~~~~~
  node_modules/.bun/@types+node@25.2.0/node_modules/@types/node/child_process.d.ts:68:1
    68 declare module "node:child_process" {
       ~~~~~~~
    Conflicts are in this file.
node_modules/.bun/@types+node@25.1.0/node_modules/@types/node/cluster.d.ts:481:14 - error TS2300: Duplicate identifier 'cluster'.
481     export = cluster;
                 ~~~~~~~
  node_modules/.bun/@types+node@25.2.0/node_modules/@types/node/cluster.d.ts:481:14
    481     export = cluster;
                     ~~~~~~~
    'cluster' was also declared here.
  node_modules/.bun/@types+node@25.2.0/node_modules/@types/node/cluster.d.ts:485:14
    485     export = cluster;
                     ~~~~~~~
    and here.
node_modules/.bun/@types+node@25.1.0/node_modules/@types/node/cluster.d.ts:485:14 - error TS2300: Duplicate identifier 'cluster'.
485     export = cluster;
                 ~~~~~~~
  node_modules/.bun/@types+node@25.2.0/node_modules/@types/node/cluster.d.ts:481:14
    481     export = cluster;
                     ~~~~~~~
    'cluster' was also declared here.
  node_modules/.bun/@types+node@25.2.0/node_modules/@types/node/cluster.d.ts:485:14
    485     export = cluster;
                     ~~~~~~~
    and here.
node_modules/.bun/@types+node@25.1.0/node_modules/@types/node/compatibility/iterators.d.ts:18:10 - error TS2300: Duplicate identifier 'BuiltinIteratorReturn'.
18     type BuiltinIteratorReturn = ReturnType<any[][typeof Symbol.iterator]> extends
            ~~~~~~~~~~~~~~~~~~~~~
  node_modules/.bun/@types+node@25.2.0/node_modules/@types/node/compatibility/iterators.d.ts:18:10
    18     type BuiltinIteratorReturn = ReturnType<any[][typeof Symbol.iterator]> extends
                ~~~~~~~~~~~~~~~~~~~~~
    'BuiltinIteratorReturn' was also declared here.
node_modules/.bun/@types+node@25.1.0/node_modules/@types/node/console.d.ts:146:14 - error TS2300: Duplicate identifier 'console'.
146     export = console;
                 ~~~~~~~
  node_modules/.bun/@types+node@25.2.0/node_modules/@types/node/console.d.ts:146:14
    146     export = console;
                     ~~~~~~~
    'console' was also declared here.
  node_modules/.bun/@types+node@25.2.0/node_modules/@types/node/console.d.ts:150:14
    150     export = console;
                     ~~~~~~~
    and here.
node_modules/.bun/@types+node@25.1.0/node_modules/@types/node/console.d.ts:150:14 - error TS2300: Duplicate identifier 'console'.
150     export = console;
                 ~~~~~~~
  node_modules/.bun/@types+node@25.2.0/node_modules/@types/node/console.d.ts:146:14
    146     export = console;
                     ~~~~~~~
    'console' was also declared here.
  node_modules/.bun/@types+node@25.2.0/node_modules/@types/node/console.d.ts:150:14
    150     export = console;
                     ~~~~~~~
    and here.
node_modules/.bun/@types+node@25.1.0/node_modules/@types/node/constants.d.ts:15:14 - error TS2300: Duplicate identifier 'constants'.
15     export = constants;
                ~~~~~~~~~
  node_modules/.bun/@types+node@25.2.0/node_modules/@types/node/constants.d.ts:15:14
    15     export = constants;
                    ~~~~~~~~~
    'constants' was also declared here.
  node_modules/.bun/@types+node@25.2.0/node_modules/@types/node/constants.d.ts:19:14
    19     export = constants;
                    ~~~~~~~~~
    and here.
node_modules/.bun/@types+node@25.1.0/node_modules/@types/node/constants.d.ts:19:14 - error TS2300: Duplicate identifier 'constants'.
19     export = constants;
                ~~~~~~~~~
  node_modules/.bun/@types+node@25.2.0/node_modules/@types/node/constants.d.ts:15:14
    15     export = constants;
                    ~~~~~~~~~
    'constants' was also declared here.
  node_modules/.bun/@types+node@25.2.0/node_modules/@types/node/constants.d.ts:19:14
    19     export = constants;
                    ~~~~~~~~~
    and here.
node_modules/.bun/@types+node@25.1.0/node_modules/@types/node/crypto.d.ts:19:1 - error TS6200: Definitions of the following identifiers conflict with those in another file: Certificate, OPENSSL_VERSION_NUMBER, SSL_OP_ALL, SSL_OP_ALLOW_NO_DHE_KEX, SSL_OP_ALLOW_UNSAFE_LEGACY_RENEGOTIATION, SSL_OP_CIPHER_SERVER_PREFERENCE, SSL_OP_CISCO_ANYCONNECT, SSL_OP_COOKIE_EXCHANGE, SSL_OP_CRYPTOPRO_TLSEXT_BUG, SSL_OP_DONT_INSERT_EMPTY_FRAGMENTS, SSL_OP_LEGACY_SERVER_CONNECT, SSL_OP_NO_COMPRESSION, SSL_OP_NO_ENCRYPT_THEN_MAC, SSL_OP_NO_QUERY_MTU, SSL_OP_NO_RENEGOTIATION, SSL_OP_NO_SESSION_RESUMPTION_ON_RENEGOTIATION, SSL_OP_NO_SSLv2, SSL_OP_NO_SSLv3, SSL_OP_NO_TICKET, SSL_OP_NO_TLSv1, SSL_OP_NO_TLSv1_1, SSL_OP_NO_TLSv1_2, SSL_OP_NO_TLSv1_3, SSL_OP_PRIORITIZE_CHACHA, SSL_OP_TLS_ROLLBACK_BUG, ENGINE_METHOD_RSA, ENGINE_METHOD_DSA, ENGINE_METHOD_DH, ENGINE_METHOD_RAND, ENGINE_METHOD_EC, ENGINE_METHOD_CIPHERS, ENGINE_METHOD_DIGESTS, ENGINE_METHOD_PKEY_METHS, ENGINE_METHOD_PKEY_ASN1_METHS, ENGINE_METHOD_ALL, ENGINE_METHOD_NONE, DH_CHECK_P_NOT_SAFE_PRIME, DH_CHECK_P_NOT_PRIME, DH_UNABLE_TO_CHECK_GENERATOR, DH_NOT_SUITABLE_GENERATOR, RSA_PKCS1_PADDING, RSA_SSLV23_PADDING, RSA_NO_PADDING, RSA_PKCS1_OAEP_PADDING, RSA_X931_PADDING, RSA_PKCS1_PSS_PADDING, RSA_PSS_SALTLEN_DIGEST, RSA_PSS_SALTLEN_MAX_SIGN, RSA_PSS_SALTLEN_AUTO, POINT_CONVERSION_COMPRESSED, POINT_CONVERSION_UNCOMPRESSED, POINT_CONVERSION_HYBRID, defaultCoreCipherList, defaultCipherList, fips, BinaryToTextEncoding, CharacterEncoding, LegacyCharacterEncoding, Encoding, ECDHKeyFormat, Hash, Hmac, KeyFormat, KeyObjectType, PublicKeyExportType, PrivateKeyExportType, KeyExportOptions, KeyExportResult, KeyPairExportCallback, MLDSAKeyType, MLKEMKeyType, SLHDSAKeyType, AsymmetricKeyType, KeyObject, CipherCCMTypes, CipherGCMTypes, CipherOCBTypes, CipherChaCha20Poly1305Types, BinaryLike, CipherKey, Cipheriv, Decipheriv, DSAEncoding, KeyLike, Sign, Verify, DiffieHellman, DiffieHellmanGroup, ECDH, CipherMode, UUID, X509Certificate, LargeNumberLike, Argon2Algorithm, subtle
19 declare module "node:crypto" {
   ~~~~~~~
  node_modules/.bun/@types+node@25.2.0/node_modules/@types/node/crypto.d.ts:19:1
    19 declare module "node:crypto" {
       ~~~~~~~
    Conflicts are in this file.
node_modules/.bun/@types+node@25.1.0/node_modules/@types/node/crypto.d.ts:3742:11 - error TS2649: Cannot augment module 'webcrypto' with value exports because it resolves to a non-module entity.
3742     const webcrypto: webcrypto.Crypto;
               ~~~~~~~~~
node_modules/.bun/@types+node@25.1.0/node_modules/@types/node/dgram.d.ts:45:10 - error TS2300: Duplicate identifier 'SocketType'.
45     type SocketType = "udp4" | "udp6";
            ~~~~~~~~~~
  node_modules/.bun/@types+node@25.2.0/node_modules/@types/node/dgram.d.ts:45:10
    45     type SocketType = "udp4" | "udp6";
                ~~~~~~~~~~
    'SocketType' was also declared here.
node_modules/.bun/@types+node@25.1.0/node_modules/@types/node/dgram.d.ts:105:11 - error TS2300: Duplicate identifier 'Socket'.
105     class Socket implements EventEmitter {
              ~~~~~~
  node_modules/.bun/@types+node@25.2.0/node_modules/@types/node/dgram.d.ts:105:11
    105     class Socket implements EventEmitter {
                  ~~~~~~
    'Socket' was also declared here.
  node_modules/.bun/@types+node@25.2.0/node_modules/@types/node/dgram.d.ts:560:15
    560     interface Socket extends InternalEventEmitter<SocketEventMap> {}
                      ~~~~~~
    and here.
node_modules/.bun/@types+node@25.1.0/node_modules/@types/node/dgram.d.ts:560:15 - error TS2300: Duplicate identifier 'Socket'.
560     interface Socket extends InternalEventEmitter<SocketEventMap> {}
                  ~~~~~~
  node_modules/.bun/@types+node@25.2.0/node_modules/@types/node/dgram.d.ts:105:11
    105     class Socket implements EventEmitter {
                  ~~~~~~
    'Socket' was also declared here.
  node_modules/.bun/@types+node@25.2.0/node_modules/@types/node/dgram.d.ts:560:15
    560     interface Socket extends InternalEventEmitter<SocketEventMap> {}
                      ~~~~~~
    and here.
node_modules/.bun/@types+node@25.1.0/node_modules/@types/node/diagnostics_channel.d.ts:61:10 - error TS2300: Duplicate identifier 'ChannelListener'.
61     type ChannelListener = (message: unknown, name: string | symbol) => void;
            ~~~~~~~~~~~~~~~
  node_modules/.bun/@types+node@25.2.0/node_modules/@types/node/diagnostics_channel.d.ts:61:10
    61     type ChannelListener = (message: unknown, name: string | symbol) => void;
                ~~~~~~~~~~~~~~~
    'ChannelListener' was also declared here.
node_modules/.bun/@types+node@25.1.0/node_modules/@types/node/diagnostics_channel.d.ts:138:11 - error TS2300: Duplicate identifier 'Channel'.
138     class Channel<StoreType = unknown, ContextType = StoreType> {
              ~~~~~~~
  node_modules/.bun/@types+node@25.2.0/node_modules/@types/node/diagnostics_channel.d.ts:138:11
    138     class Channel<StoreType = unknown, ContextType = StoreType> {
                  ~~~~~~~
    'Channel' was also declared here.
node_modules/.bun/@types+node@25.1.0/node_modules/@types/node/diagnostics_channel.d.ts:347:11 - error TS2300: Duplicate identifier 'TracingChannel'.
347     class TracingChannel<StoreType = unknown, ContextType extends object = {}> implements TracingChannelCollection {
              ~~~~~~~~~~~~~~
  node_modules/.bun/@types+node@25.2.0/node_modules/@types/node/diagnostics_channel.d.ts:347:11
    347     class TracingChannel<StoreType = unknown, ContextType extends object = {}> implements TracingChannelCollection {
                  ~~~~~~~~~~~~~~
    'TracingChannel' was also declared here.
node_modules/.bun/@types+node@25.1.0/node_modules/@types/node/dns.d.ts:47:1 - error TS6200: Definitions of the following identifiers conflict with those in another file: ADDRCONFIG, V4MAPPED, ALL, AnyRecord, NODATA, FORMERR, SERVFAIL, NOTFOUND, NOTIMP, REFUSED, BADQUERY, BADNAME, BADFAMILY, BADRESP, CONNREFUSED, TIMEOUT, EOF, FILE, NOMEM, DESTRUCTION, BADSTR, BADFLAGS, NONAME, BADHINTS, NOTINITIALIZED, LOADIPHLPAPI, ADDRGETNETWORKPARAMS, CANCELLED, Resolver, promises
47 declare module "node:dns" {
   ~~~~~~~
  node_modules/.bun/@types+node@25.2.0/node_modules/@types/node/dns.d.ts:47:1
    47 declare module "node:dns" {
       ~~~~~~~
    Conflicts are in this file.
node_modules/.bun/@types+node@25.1.0/node_modules/@types/node/dns/promises.d.ts:7:1 - error TS6200: Definitions of the following identifiers conflict with those in another file: NODATA, FORMERR, SERVFAIL, NOTFOUND, NOTIMP, REFUSED, BADQUERY, BADNAME, BADFAMILY, BADRESP, CONNREFUSED, TIMEOUT, EOF, FILE, NOMEM, DESTRUCTION, BADSTR, BADFLAGS, NONAME, BADHINTS, NOTINITIALIZED, LOADIPHLPAPI, ADDRGETNETWORKPARAMS, CANCELLED, Resolver
7 declare module "node:dns/promises" {
  ~~~~~~~
  node_modules/.bun/@types+node@25.2.0/node_modules/@types/node/dns/promises.d.ts:7:1
    7 declare module "node:dns/promises" {
      ~~~~~~~
    Conflicts are in this file.
node_modules/.bun/@types+node@25.1.0/node_modules/@types/node/domain.d.ts:25:11 - error TS2300: Duplicate identifier 'Domain'.
25     class Domain extends EventEmitter {
             ~~~~~~
  node_modules/.bun/@types+node@25.2.0/node_modules/@types/node/domain.d.ts:25:11
    25     class Domain extends EventEmitter {
                 ~~~~~~
    'Domain' was also declared here.
node_modules/.bun/@types+node@25.1.0/node_modules/@types/node/events.d.ts:1049:14 - error TS2300: Duplicate identifier 'EventEmitter'.
1049     export = EventEmitter;
                  ~~~~~~~~~~~~
  node_modules/.bun/@types+node@25.2.0/node_modules/@types/node/events.d.ts:1049:14
    1049     export = EventEmitter;
                      ~~~~~~~~~~~~
    'EventEmitter' was also declared here.
node_modules/.bun/@types+node@25.1.0/node_modules/@types/node/events.d.ts:1053:14 - error TS2300: Duplicate identifier 'events'.
1053     export = events;
                  ~~~~~~
  node_modules/.bun/@types+node@25.2.0/node_modules/@types/node/events.d.ts:1053:14
    1053     export = events;
                      ~~~~~~
    'events' was also declared here.
node_modules/.bun/@types+node@25.1.0/node_modules/@types/node/fs.d.ts:21:1 - error TS6200: Definitions of the following identifiers conflict with those in another file: Type, PathLike, PathOrFileDescriptor, TimeLike, NoParamCallback, BufferEncodingOption, EncodingOption, OpenMode, Mode, Stats, StatsFs, Dirent, Dir, ReadStream, Utf8Stream, WriteStream, statSync, lstatSync, ReadPosition, WriteFileOptions, WatchEventType, WatchListener, StatsListener, BigIntStatsListener, F_OK, R_OK, W_OK, X_OK, COPYFILE_EXCL, COPYFILE_FICLONE, COPYFILE_FICLONE_FORCE, O_RDONLY, O_WRONLY, O_RDWR, O_CREAT, O_EXCL, O_NOCTTY, O_TRUNC, O_APPEND, O_DIRECTORY, O_NOATIME, O_NOFOLLOW, O_SYNC, O_DSYNC, O_SYMLINK, O_DIRECT, O_NONBLOCK, S_IFMT, S_IFREG, S_IFDIR, S_IFCHR, S_IFBLK, S_IFIFO, S_IFLNK, S_IFSOCK, S_IRWXU, S_IRUSR, S_IWUSR, S_IXUSR, S_IRWXG, S_IRGRP, S_IWGRP, S_IXGRP, S_IRWXO, S_IROTH, S_IWOTH, S_IXOTH, UV_FS_O_FILEMAP, promises
21 declare module "node:fs" {
   ~~~~~~~
  node_modules/.bun/@types+node@25.2.0/node_modules/@types/node/fs.d.ts:21:1
    21 declare module "node:fs" {
       ~~~~~~~
    Conflicts are in this file.
node_modules/.bun/@types+node@25.1.0/node_modules/@types/node/fs/promises.d.ts:498:11 - error TS2451: Cannot redeclare block-scoped variable 'constants'.
498     const constants: typeof fsConstants;
              ~~~~~~~~~
  node_modules/.bun/@types+node@25.2.0/node_modules/@types/node/fs/promises.d.ts:498:11
    498     const constants: typeof fsConstants;
                  ~~~~~~~~~
    'constants' was also declared here.
node_modules/.bun/@types+node@25.1.0/node_modules/@types/node/globals.d.ts:113:9 - error TS2374: Duplicate index signature for type 'string'.
113         [key: string]: T | undefined;
            ~~~~~~~~~~~~~~~~~~~~~~~~~~~~~
node_modules/.bun/@types+node@25.1.0/node_modules/@types/node/globals.d.ts:117:9 - error TS2374: Duplicate index signature for type 'string'.
117         readonly [key: string]: T | undefined;
            ~~~~~~~~~~~~~~~~~~~~~~~~~~~~~~~~~~~~~~
node_modules/.bun/@types+node@25.1.0/node_modules/@types/node/globals.d.ts:120:10 - error TS2300: Duplicate identifier 'PartialOptions'.
120     type PartialOptions<T> = { [K in keyof T]?: T[K] | undefined };
             ~~~~~~~~~~~~~~
  node_modules/.bun/@types+node@25.2.0/node_modules/@types/node/globals.d.ts:120:10
    120     type PartialOptions<T> = { [K in keyof T]?: T[K] | undefined };
                 ~~~~~~~~~~~~~~
    'PartialOptions' was also declared here.
node_modules/.bun/@types+node@25.1.0/node_modules/@types/node/globals.d.ts:146:10 - error TS2300: Duplicate identifier 'BufferSource'.
146     type BufferSource = NonSharedArrayBufferView | ArrayBuffer;
             ~~~~~~~~~~~~
  node_modules/.bun/@types+node@25.2.0/node_modules/@types/node/globals.d.ts:146:10
    146     type BufferSource = NonSharedArrayBufferView | ArrayBuffer;
                 ~~~~~~~~~~~~
    'BufferSource' was also declared here.
node_modules/.bun/@types+node@25.1.0/node_modules/@types/node/globals.d.ts:149:10 - error TS2300: Duplicate identifier 'AllowSharedBufferSource'.
149     type AllowSharedBufferSource = ArrayBufferView | ArrayBufferLike;
             ~~~~~~~~~~~~~~~~~~~~~~~
  node_modules/.bun/@types+node@25.2.0/node_modules/@types/node/globals.d.ts:149:10
    149     type AllowSharedBufferSource = ArrayBufferView | ArrayBufferLike;
                 ~~~~~~~~~~~~~~~~~~~~~~~
    'AllowSharedBufferSource' was also declared here.
node_modules/.bun/@types+node@25.1.0/node_modules/@types/node/globals.typedarray.d.ts:1:1 - error TS6200: Definitions of the following identifiers conflict with those in another file: TypedArray, ArrayBufferView, NonSharedUint8Array, NonSharedUint8ClampedArray, NonSharedUint16Array, NonSharedUint32Array, NonSharedInt8Array, NonSharedInt16Array, NonSharedInt32Array, NonSharedBigUint64Array, NonSharedBigInt64Array, NonSharedFloat16Array, NonSharedFloat32Array, NonSharedFloat64Array, NonSharedDataView, NonSharedTypedArray, NonSharedArrayBufferView
1 export {}; // Make this a module
  ~~~~~~
  node_modules/.bun/@types+node@25.2.0/node_modules/@types/node/globals.typedarray.d.ts:1:1
    1 export {}; // Make this a module
      ~~~~~~
    Conflicts are in this file.
node_modules/.bun/@types+node@25.1.0/node_modules/@types/node/http.d.ts:42:1 - error TS6200: Definitions of the following identifiers conflict with those in another file: OutgoingHttpHeader, RequestListener, Server, OutgoingMessage, ServerResponse, ClientRequest, IncomingMessage, Agent, METHODS, STATUS_CODES, globalAgent, maxHeaderSize, WebSocket, CloseEvent, MessageEvent
42 declare module "node:http" {
   ~~~~~~~
  node_modules/.bun/@types+node@25.2.0/node_modules/@types/node/http.d.ts:42:1
    42 declare module "node:http" {
       ~~~~~~~
    Conflicts are in this file.
node_modules/.bun/@types+node@25.1.0/node_modules/@types/node/http.d.ts:372:48 - error TS2344: Type 'InstanceType<Request>' does not satisfy the constraint 'IncomingMessage'.
  Type 'import("node:http").IncomingMessage' is not assignable to type 'import("node:http").IncomingMessage'. Two different types with this name exist, but they are unrelated.
    The types returned by 'setTimeout(...)' are incompatible between these types.
      Type 'IncomingMessage' is not assignable to type 'InstanceType<Request>'.
372         Response extends typeof ServerResponse<InstanceType<Request>> = typeof ServerResponse,
                                                   ~~~~~~~~~~~~~~~~~~~~~
node_modules/.bun/@types+node@25.1.0/node_modules/@types/node/http.d.ts:392:48 - error TS2344: Type 'InstanceType<Request>' does not satisfy the constraint 'IncomingMessage'.
  Type 'import("node:http").IncomingMessage' is not assignable to type 'import("node:http").IncomingMessage'. Two different types with this name exist, but they are unrelated.
    The types returned by 'setTimeout(...)' are incompatible between these types.
      Type 'IncomingMessage' is not assignable to type 'InstanceType<Request>'.
392         Response extends typeof ServerResponse<InstanceType<Request>> = typeof ServerResponse,
                                                   ~~~~~~~~~~~~~~~~~~~~~
node_modules/.bun/@types+node@25.1.0/node_modules/@types/node/http.d.ts:394:64 - error TS2344: Type 'Response' does not satisfy the constraint '{ new (req: InstanceType<Request>): ServerResponse<InstanceType<Request>>; prototype: ServerResponse<any>; ... 31 more ...; EventEmitterAsyncResource: typeof EventEmitterAsyncResource; }'.
  Types of construct signatures are incompatible.
    Type 'new <Request extends IncomingMessage = IncomingMessage>(req: Request) => ServerResponse<Request>' is not assignable to type 'new (req: InstanceType<Request>) => ServerResponse<InstanceType<Request>>'.
      Construct signature return types 'ServerResponse<IncomingMessage>' and 'ServerResponse<InstanceType<Request>>' are incompatible.
        The types of 'writeHead' are incompatible between these types.
          Type '{ (statusCode: number, statusMessage?: string, headers?: OutgoingHttpHeaders | OutgoingHttpHeader[]): ServerResponse<IncomingMessage>; (statusCode: number, headers?: OutgoingHttpHeaders | OutgoingHttpHeader[]): ServerResponse<...>; }' is not assignable to type '{ (statusCode: number, statusMessage?: string, headers?: OutgoingHttpHeaders | OutgoingHttpHeader[]): ServerResponse<InstanceType<Request>>; (statusCode: number, headers?: OutgoingHttpHeaders | OutgoingHttpHeader[]): ServerResponse<...>; }'.
            Types of parameters 'statusMessage' and 'headers' are incompatible.
              Type 'OutgoingHttpHeaders | OutgoingHttpHeader[]' is not assignable to type 'string'.
                Type 'OutgoingHttpHeaders' is not assignable to type 'string'.
394         constructor(requestListener?: RequestListener<Request, Response>);
                                                                   ~~~~~~~~
node_modules/.bun/@types+node@25.1.0/node_modules/@types/node/http.d.ts:395:53 - error TS2344: Type 'Response' does not satisfy the constraint '{ new (req: InstanceType<Request>): ServerResponse<InstanceType<Request>>; prototype: ServerResponse<any>; ... 31 more ...; EventEmitterAsyncResource: typeof EventEmitterAsyncResource; }'.
  Types of construct signatures are incompatible.
    Type 'new <Request extends IncomingMessage = IncomingMessage>(req: Request) => ServerResponse<Request>' is not assignable to type 'new (req: InstanceType<Request>) => ServerResponse<InstanceType<Request>>'.
      Construct signature return types 'ServerResponse<IncomingMessage>' and 'ServerResponse<InstanceType<Request>>' are incompatible.
        The types of 'writeHead' are incompatible between these types.
          Type '{ (statusCode: number, statusMessage?: string, headers?: OutgoingHttpHeaders | OutgoingHttpHeader[]): ServerResponse<IncomingMessage>; (statusCode: number, headers?: OutgoingHttpHeaders | OutgoingHttpHeader[]): ServerResponse<...>; }' is not assignable to type '{ (statusCode: number, statusMessage?: string, headers?: OutgoingHttpHeaders | OutgoingHttpHeader[]): ServerResponse<InstanceType<Request>>; (statusCode: number, headers?: OutgoingHttpHeaders | OutgoingHttpHeader[]): ServerResponse<...>; }'.
            Types of parameters 'statusMessage' and 'headers' are incompatible.
              Type 'OutgoingHttpHeaders | OutgoingHttpHeader[]' is not assignable to type 'string'.
                Type 'OutgoingHttpHeaders' is not assignable to type 'string'.
395         constructor(options: ServerOptions<Request, Response>, requestListener?: RequestListener<Request, Response>);
                                                        ~~~~~~~~
node_modules/.bun/@types+node@25.1.0/node_modules/@types/node/http.d.ts:395:107 - error TS2344: Type 'Response' does not satisfy the constraint '{ new (req: InstanceType<Request>): ServerResponse<InstanceType<Request>>; prototype: ServerResponse<any>; ... 31 more ...; EventEmitterAsyncResource: typeof EventEmitterAsyncResource; }'.
  Types of construct signatures are incompatible.
    Type 'new <Request extends IncomingMessage = IncomingMessage>(req: Request) => ServerResponse<Request>' is not assignable to type 'new (req: InstanceType<Request>) => ServerResponse<InstanceType<Request>>'.
      Construct signature return types 'ServerResponse<IncomingMessage>' and 'ServerResponse<InstanceType<Request>>' are incompatible.
        The types of 'writeHead' are incompatible between these types.
          Type '{ (statusCode: number, statusMessage?: string, headers?: OutgoingHttpHeaders | OutgoingHttpHeader[]): ServerResponse<IncomingMessage>; (statusCode: number, headers?: OutgoingHttpHeaders | OutgoingHttpHeader[]): ServerResponse<...>; }' is not assignable to type '{ (statusCode: number, statusMessage?: string, headers?: OutgoingHttpHeaders | OutgoingHttpHeader[]): ServerResponse<InstanceType<Request>>; (statusCode: number, headers?: OutgoingHttpHeaders | OutgoingHttpHeader[]): ServerResponse<...>; }'.
            Types of parameters 'statusMessage' and 'headers' are incompatible.
              Type 'OutgoingHttpHeaders | OutgoingHttpHeader[]' is not assignable to type 'string'.
                Type 'OutgoingHttpHeaders' is not assignable to type 'string'.
395         constructor(options: ServerOptions<Request, Response>, requestListener?: RequestListener<Request, Response>);
                                                                                                              ~~~~~~~~
node_modules/.bun/@types+node@25.1.0/node_modules/@types/node/http.d.ts:514:57 - error TS2344: Type 'Response' does not satisfy the constraint '{ new (req: InstanceType<Request>): ServerResponse<InstanceType<Request>>; prototype: ServerResponse<any>; ... 31 more ...; EventEmitterAsyncResource: typeof EventEmitterAsyncResource; }'.
  Types of construct signatures are incompatible.
    Type 'new <Request extends IncomingMessage = IncomingMessage>(req: Request) => ServerResponse<Request>' is not assignable to type 'new (req: InstanceType<Request>) => ServerResponse<InstanceType<Request>>'.
      Construct signature return types 'ServerResponse<IncomingMessage>' and 'ServerResponse<InstanceType<Request>>' are incompatible.
        The types of 'writeHead' are incompatible between these types.
          Type '{ (statusCode: number, statusMessage?: string, headers?: OutgoingHttpHeaders | OutgoingHttpHeader[]): ServerResponse<IncomingMessage>; (statusCode: number, headers?: OutgoingHttpHeaders | OutgoingHttpHeader[]): ServerResponse<...>; }' is not assignable to type '{ (statusCode: number, statusMessage?: string, headers?: OutgoingHttpHeaders | OutgoingHttpHeader[]): ServerResponse<InstanceType<Request>>; (statusCode: number, headers?: OutgoingHttpHeaders | OutgoingHttpHeader[]): ServerResponse<...>; }'.
            Types of parameters 'statusMessage' and 'headers' are incompatible.
              Type 'OutgoingHttpHeaders | OutgoingHttpHeader[]' is not assignable to type 'string'.
                Type 'OutgoingHttpHeaders' is not assignable to type 'string'.
514             listener: (...args: ServerEventMap<Request, Response>[E]) => void,
                                                            ~~~~~~~~
node_modules/.bun/@types+node@25.1.0/node_modules/@types/node/http.d.ts:517:93 - error TS2344: Type 'Response' does not satisfy the constraint '{ new (req: InstanceType<Request>): ServerResponse<InstanceType<Request>>; prototype: ServerResponse<any>; ... 31 more ...; EventEmitterAsyncResource: typeof EventEmitterAsyncResource; }'.
  Types of construct signatures are incompatible.
    Type 'new <Request extends IncomingMessage = IncomingMessage>(req: Request) => ServerResponse<Request>' is not assignable to type 'new (req: InstanceType<Request>) => ServerResponse<InstanceType<Request>>'.
      Construct signature return types 'ServerResponse<IncomingMessage>' and 'ServerResponse<InstanceType<Request>>' are incompatible.
        The types of 'writeHead' are incompatible between these types.
          Type '{ (statusCode: number, statusMessage?: string, headers?: OutgoingHttpHeaders | OutgoingHttpHeader[]): ServerResponse<IncomingMessage>; (statusCode: number, headers?: OutgoingHttpHeaders | OutgoingHttpHeader[]): ServerResponse<...>; }' is not assignable to type '{ (statusCode: number, statusMessage?: string, headers?: OutgoingHttpHeaders | OutgoingHttpHeader[]): ServerResponse<InstanceType<Request>>; (statusCode: number, headers?: OutgoingHttpHeaders | OutgoingHttpHeader[]): ServerResponse<...>; }'.
            Types of parameters 'statusMessage' and 'headers' are incompatible.
              Type 'OutgoingHttpHeaders | OutgoingHttpHeader[]' is not assignable to type 'string'.
                Type 'OutgoingHttpHeaders' is not assignable to type 'string'.
517         emit<E extends keyof ServerEventMap>(eventName: E, ...args: ServerEventMap<Request, Response>[E]): boolean;
                                                                                                ~~~~~~~~
node_modules/.bun/@types+node@25.1.0/node_modules/@types/node/http.d.ts:521:58 - error TS2344: Type 'Response' does not satisfy the constraint '{ new (req: InstanceType<Request>): ServerResponse<InstanceType<Request>>; prototype: ServerResponse<any>; ... 31 more ...; EventEmitterAsyncResource: typeof EventEmitterAsyncResource; }'.
  Types of construct signatures are incompatible.
    Type 'new <Request extends IncomingMessage = IncomingMessage>(req: Request) => ServerResponse<Request>' is not assignable to type 'new (req: InstanceType<Request>) => ServerResponse<InstanceType<Request>>'.
      Construct signature return types 'ServerResponse<IncomingMessage>' and 'ServerResponse<InstanceType<Request>>' are incompatible.
        The types of 'writeHead' are incompatible between these types.
          Type '{ (statusCode: number, statusMessage?: string, headers?: OutgoingHttpHeaders | OutgoingHttpHeader[]): ServerResponse<IncomingMessage>; (statusCode: number, headers?: OutgoingHttpHeaders | OutgoingHttpHeader[]): ServerResponse<...>; }' is not assignable to type '{ (statusCode: number, statusMessage?: string, headers?: OutgoingHttpHeaders | OutgoingHttpHeader[]): ServerResponse<InstanceType<Request>>; (statusCode: number, headers?: OutgoingHttpHeaders | OutgoingHttpHeader[]): ServerResponse<...>; }'.
            Types of parameters 'statusMessage' and 'headers' are incompatible.
              Type 'OutgoingHttpHeaders | OutgoingHttpHeader[]' is not assignable to type 'string'.
                Type 'OutgoingHttpHeaders' is not assignable to type 'string'.
521             listener?: (...args: ServerEventMap<Request, Response>[E]) => void,
                                                             ~~~~~~~~
node_modules/.bun/@types+node@25.1.0/node_modules/@types/node/http.d.ts:526:47 - error TS2344: Type 'Response' does not satisfy the constraint '{ new (req: InstanceType<Request>): ServerResponse<InstanceType<Request>>; prototype: ServerResponse<any>; ... 31 more ...; EventEmitterAsyncResource: typeof EventEmitterAsyncResource; }'.
  Types of construct signatures are incompatible.
    Type 'new <Request extends IncomingMessage = IncomingMessage>(req: Request) => ServerResponse<Request>' is not assignable to type 'new (req: InstanceType<Request>) => ServerResponse<InstanceType<Request>>'.
      Construct signature return types 'ServerResponse<IncomingMessage>' and 'ServerResponse<InstanceType<Request>>' are incompatible.
        The types of 'writeHead' are incompatible between these types.
          Type '{ (statusCode: number, statusMessage?: string, headers?: OutgoingHttpHeaders | OutgoingHttpHeader[]): ServerResponse<IncomingMessage>; (statusCode: number, headers?: OutgoingHttpHeaders | OutgoingHttpHeader[]): ServerResponse<...>; }' is not assignable to type '{ (statusCode: number, statusMessage?: string, headers?: OutgoingHttpHeaders | OutgoingHttpHeader[]): ServerResponse<InstanceType<Request>>; (statusCode: number, headers?: OutgoingHttpHeaders | OutgoingHttpHeader[]): ServerResponse<...>; }'.
            Types of parameters 'statusMessage' and 'headers' are incompatible.
              Type 'OutgoingHttpHeaders | OutgoingHttpHeader[]' is not assignable to type 'string'.
                Type 'OutgoingHttpHeaders' is not assignable to type 'string'.
526         ): ((...args: ServerEventMap<Request, Response>[E]) => void)[];
                                                  ~~~~~~~~
node_modules/.bun/@types+node@25.1.0/node_modules/@types/node/http.d.ts:530:57 - error TS2344: Type 'Response' does not satisfy the constraint '{ new (req: InstanceType<Request>): ServerResponse<InstanceType<Request>>; prototype: ServerResponse<any>; ... 31 more ...; EventEmitterAsyncResource: typeof EventEmitterAsyncResource; }'.
  Types of construct signatures are incompatible.
    Type 'new <Request extends IncomingMessage = IncomingMessage>(req: Request) => ServerResponse<Request>' is not assignable to type 'new (req: InstanceType<Request>) => ServerResponse<InstanceType<Request>>'.
      Construct signature return types 'ServerResponse<IncomingMessage>' and 'ServerResponse<InstanceType<Request>>' are incompatible.
        The types of 'writeHead' are incompatible between these types.
          Type '{ (statusCode: number, statusMessage?: string, headers?: OutgoingHttpHeaders | OutgoingHttpHeader[]): ServerResponse<IncomingMessage>; (statusCode: number, headers?: OutgoingHttpHeaders | OutgoingHttpHeader[]): ServerResponse<...>; }' is not assignable to type '{ (statusCode: number, statusMessage?: string, headers?: OutgoingHttpHeaders | OutgoingHttpHeader[]): ServerResponse<InstanceType<Request>>; (statusCode: number, headers?: OutgoingHttpHeaders | OutgoingHttpHeader[]): ServerResponse<...>; }'.
            Types of parameters 'statusMessage' and 'headers' are incompatible.
              Type 'OutgoingHttpHeaders | OutgoingHttpHeader[]' is not assignable to type 'string'.
                Type 'OutgoingHttpHeaders' is not assignable to type 'string'.
530             listener: (...args: ServerEventMap<Request, Response>[E]) => void,
                                                            ~~~~~~~~
node_modules/.bun/@types+node@25.1.0/node_modules/@types/node/http.d.ts:535:57 - error TS2344: Type 'Response' does not satisfy the constraint '{ new (req: InstanceType<Request>): ServerResponse<InstanceType<Request>>; prototype: ServerResponse<any>; ... 31 more ...; EventEmitterAsyncResource: typeof EventEmitterAsyncResource; }'.
  Types of construct signatures are incompatible.
    Type 'new <Request extends IncomingMessage = IncomingMessage>(req: Request) => ServerResponse<Request>' is not assignable to type 'new (req: InstanceType<Request>) => ServerResponse<InstanceType<Request>>'.
      Construct signature return types 'ServerResponse<IncomingMessage>' and 'ServerResponse<InstanceType<Request>>' are incompatible.
        The types of 'writeHead' are incompatible between these types.
          Type '{ (statusCode: number, statusMessage?: string, headers?: OutgoingHttpHeaders | OutgoingHttpHeader[]): ServerResponse<IncomingMessage>; (statusCode: number, headers?: OutgoingHttpHeaders | OutgoingHttpHeader[]): ServerResponse<...>; }' is not assignable to type '{ (statusCode: number, statusMessage?: string, headers?: OutgoingHttpHeaders | OutgoingHttpHeader[]): ServerResponse<InstanceType<Request>>; (statusCode: number, headers?: OutgoingHttpHeaders | OutgoingHttpHeader[]): ServerResponse<...>; }'.
            Types of parameters 'statusMessage' and 'headers' are incompatible.
              Type 'OutgoingHttpHeaders | OutgoingHttpHeader[]' is not assignable to type 'string'.
                Type 'OutgoingHttpHeaders' is not assignable to type 'string'.
535             listener: (...args: ServerEventMap<Request, Response>[E]) => void,
                                                            ~~~~~~~~
node_modules/.bun/@types+node@25.1.0/node_modules/@types/node/http.d.ts:540:57 - error TS2344: Type 'Response' does not satisfy the constraint '{ new (req: InstanceType<Request>): ServerResponse<InstanceType<Request>>; prototype: ServerResponse<any>; ... 31 more ...; EventEmitterAsyncResource: typeof EventEmitterAsyncResource; }'.
  Types of construct signatures are incompatible.
    Type 'new <Request extends IncomingMessage = IncomingMessage>(req: Request) => ServerResponse<Request>' is not assignable to type 'new (req: InstanceType<Request>) => ServerResponse<InstanceType<Request>>'.
      Construct signature return types 'ServerResponse<IncomingMessage>' and 'ServerResponse<InstanceType<Request>>' are incompatible.
        The types of 'writeHead' are incompatible between these types.
          Type '{ (statusCode: number, statusMessage?: string, headers?: OutgoingHttpHeaders | OutgoingHttpHeader[]): ServerResponse<IncomingMessage>; (statusCode: number, headers?: OutgoingHttpHeaders | OutgoingHttpHeader[]): ServerResponse<...>; }' is not assignable to type '{ (statusCode: number, statusMessage?: string, headers?: OutgoingHttpHeaders | OutgoingHttpHeader[]): ServerResponse<InstanceType<Request>>; (statusCode: number, headers?: OutgoingHttpHeaders | OutgoingHttpHeader[]): ServerResponse<...>; }'.
            Types of parameters 'statusMessage' and 'headers' are incompatible.
              Type 'OutgoingHttpHeaders | OutgoingHttpHeader[]' is not assignable to type 'string'.
                Type 'OutgoingHttpHeaders' is not assignable to type 'string'.
540             listener: (...args: ServerEventMap<Request, Response>[E]) => void,
                                                            ~~~~~~~~
node_modules/.bun/@types+node@25.1.0/node_modules/@types/node/http.d.ts:545:57 - error TS2344: Type 'Response' does not satisfy the constraint '{ new (req: InstanceType<Request>): ServerResponse<InstanceType<Request>>; prototype: ServerResponse<any>; ... 31 more ...; EventEmitterAsyncResource: typeof EventEmitterAsyncResource; }'.
  Types of construct signatures are incompatible.
    Type 'new <Request extends IncomingMessage = IncomingMessage>(req: Request) => ServerResponse<Request>' is not assignable to type 'new (req: InstanceType<Request>) => ServerResponse<InstanceType<Request>>'.
      Construct signature return types 'ServerResponse<IncomingMessage>' and 'ServerResponse<InstanceType<Request>>' are incompatible.
        The types of 'writeHead' are incompatible between these types.
          Type '{ (statusCode: number, statusMessage?: string, headers?: OutgoingHttpHeaders | OutgoingHttpHeader[]): ServerResponse<IncomingMessage>; (statusCode: number, headers?: OutgoingHttpHeaders | OutgoingHttpHeader[]): ServerResponse<...>; }' is not assignable to type '{ (statusCode: number, statusMessage?: string, headers?: OutgoingHttpHeaders | OutgoingHttpHeader[]): ServerResponse<InstanceType<Request>>; (statusCode: number, headers?: OutgoingHttpHeaders | OutgoingHttpHeader[]): ServerResponse<...>; }'.
            Types of parameters 'statusMessage' and 'headers' are incompatible.
              Type 'OutgoingHttpHeaders | OutgoingHttpHeader[]' is not assignable to type 'string'.
                Type 'OutgoingHttpHeaders' is not assignable to type 'string'.
545             listener: (...args: ServerEventMap<Request, Response>[E]) => void,
                                                            ~~~~~~~~
node_modules/.bun/@types+node@25.1.0/node_modules/@types/node/http.d.ts:550:57 - error TS2344: Type 'Response' does not satisfy the constraint '{ new (req: InstanceType<Request>): ServerResponse<InstanceType<Request>>; prototype: ServerResponse<any>; ... 31 more ...; EventEmitterAsyncResource: typeof EventEmitterAsyncResource; }'.
  Types of construct signatures are incompatible.
    Type 'new <Request extends IncomingMessage = IncomingMessage>(req: Request) => ServerResponse<Request>' is not assignable to type 'new (req: InstanceType<Request>) => ServerResponse<InstanceType<Request>>'.
      Construct signature return types 'ServerResponse<IncomingMessage>' and 'ServerResponse<InstanceType<Request>>' are incompatible.
        The types of 'writeHead' are incompatible between these types.
          Type '{ (statusCode: number, statusMessage?: string, headers?: OutgoingHttpHeaders | OutgoingHttpHeader[]): ServerResponse<IncomingMessage>; (statusCode: number, headers?: OutgoingHttpHeaders | OutgoingHttpHeader[]): ServerResponse<...>; }' is not assignable to type '{ (statusCode: number, statusMessage?: string, headers?: OutgoingHttpHeaders | OutgoingHttpHeader[]): ServerResponse<InstanceType<Request>>; (statusCode: number, headers?: OutgoingHttpHeaders | OutgoingHttpHeader[]): ServerResponse<...>; }'.
            Types of parameters 'statusMessage' and 'headers' are incompatible.
              Type 'OutgoingHttpHeaders | OutgoingHttpHeader[]' is not assignable to type 'string'.
                Type 'OutgoingHttpHeaders' is not assignable to type 'string'.
550             listener: (...args: ServerEventMap<Request, Response>[E]) => void,
                                                            ~~~~~~~~
node_modules/.bun/@types+node@25.1.0/node_modules/@types/node/http.d.ts:555:47 - error TS2344: Type 'Response' does not satisfy the constraint '{ new (req: InstanceType<Request>): ServerResponse<InstanceType<Request>>; prototype: ServerResponse<any>; ... 31 more ...; EventEmitterAsyncResource: typeof EventEmitterAsyncResource; }'.
  Types of construct signatures are incompatible.
    Type 'new <Request extends IncomingMessage = IncomingMessage>(req: Request) => ServerResponse<Request>' is not assignable to type 'new (req: InstanceType<Request>) => ServerResponse<InstanceType<Request>>'.
      Construct signature return types 'ServerResponse<IncomingMessage>' and 'ServerResponse<InstanceType<Request>>' are incompatible.
        The types of 'writeHead' are incompatible between these types.
          Type '{ (statusCode: number, statusMessage?: string, headers?: OutgoingHttpHeaders | OutgoingHttpHeader[]): ServerResponse<IncomingMessage>; (statusCode: number, headers?: OutgoingHttpHeaders | OutgoingHttpHeader[]): ServerResponse<...>; }' is not assignable to type '{ (statusCode: number, statusMessage?: string, headers?: OutgoingHttpHeaders | OutgoingHttpHeader[]): ServerResponse<InstanceType<Request>>; (statusCode: number, headers?: OutgoingHttpHeaders | OutgoingHttpHeader[]): ServerResponse<...>; }'.
            Types of parameters 'statusMessage' and 'headers' are incompatible.
              Type 'OutgoingHttpHeaders | OutgoingHttpHeader[]' is not assignable to type 'string'.
                Type 'OutgoingHttpHeaders' is not assignable to type 'string'.
555         ): ((...args: ServerEventMap<Request, Response>[E]) => void)[];
                                                  ~~~~~~~~
node_modules/.bun/@types+node@25.1.0/node_modules/@types/node/http.d.ts:562:57 - error TS2344: Type 'Response' does not satisfy the constraint '{ new (req: InstanceType<Request>): ServerResponse<InstanceType<Request>>; prototype: ServerResponse<any>; ... 31 more ...; EventEmitterAsyncResource: typeof EventEmitterAsyncResource; }'.
  Types of construct signatures are incompatible.
    Type 'new <Request extends IncomingMessage = IncomingMessage>(req: Request) => ServerResponse<Request>' is not assignable to type 'new (req: InstanceType<Request>) => ServerResponse<InstanceType<Request>>'.
      Construct signature return types 'ServerResponse<IncomingMessage>' and 'ServerResponse<InstanceType<Request>>' are incompatible.
        The types of 'writeHead' are incompatible between these types.
          Type '{ (statusCode: number, statusMessage?: string, headers?: OutgoingHttpHeaders | OutgoingHttpHeader[]): ServerResponse<IncomingMessage>; (statusCode: number, headers?: OutgoingHttpHeaders | OutgoingHttpHeader[]): ServerResponse<...>; }' is not assignable to type '{ (statusCode: number, statusMessage?: string, headers?: OutgoingHttpHeaders | OutgoingHttpHeader[]): ServerResponse<InstanceType<Request>>; (statusCode: number, headers?: OutgoingHttpHeaders | OutgoingHttpHeader[]): ServerResponse<...>; }'.
            Types of parameters 'statusMessage' and 'headers' are incompatible.
              Type 'OutgoingHttpHeaders | OutgoingHttpHeader[]' is not assignable to type 'string'.
                Type 'OutgoingHttpHeaders' is not assignable to type 'string'.
562             listener: (...args: ServerEventMap<Request, Response>[E]) => void,
                                                            ~~~~~~~~
node_modules/.bun/@types+node@25.1.0/node_modules/@types/node/http.d.ts:1787:48 - error TS2344: Type 'InstanceType<Request>' does not satisfy the constraint 'IncomingMessage'.
  Type 'import("node:http").IncomingMessage' is not assignable to type 'import("node:http").IncomingMessage'. Two different types with this name exist, but they are unrelated.
    The types returned by 'setTimeout(...)' are incompatible between these types.
      Type 'IncomingMessage' is not assignable to type 'InstanceType<Request>'.
1787         Response extends typeof ServerResponse<InstanceType<Request>> = typeof ServerResponse,
                                                    ~~~~~~~~~~~~~~~~~~~~~
node_modules/.bun/@types+node@25.1.0/node_modules/@types/node/http.d.ts:1788:50 - error TS2344: Type 'Response' does not satisfy the constraint '{ new (req: InstanceType<Request>): ServerResponse<InstanceType<Request>>; prototype: ServerResponse<any>; ... 31 more ...; EventEmitterAsyncResource: typeof EventEmitterAsyncResource; }'.
  Types of construct signatures are incompatible.
    Type 'new <Request extends IncomingMessage = IncomingMessage>(req: Request) => ServerResponse<Request>' is not assignable to type 'new (req: InstanceType<Request>) => ServerResponse<InstanceType<Request>>'.
      Construct signature return types 'ServerResponse<IncomingMessage>' and 'ServerResponse<InstanceType<Request>>' are incompatible.
        The types of 'writeHead' are incompatible between these types.
          Type '{ (statusCode: number, statusMessage?: string, headers?: OutgoingHttpHeaders | OutgoingHttpHeader[]): ServerResponse<IncomingMessage>; (statusCode: number, headers?: OutgoingHttpHeaders | OutgoingHttpHeader[]): ServerResponse<...>; }' is not assignable to type '{ (statusCode: number, statusMessage?: string, headers?: OutgoingHttpHeaders | OutgoingHttpHeader[]): ServerResponse<InstanceType<Request>>; (statusCode: number, headers?: OutgoingHttpHeaders | OutgoingHttpHeader[]): ServerResponse<...>; }'.
            Types of parameters 'statusMessage' and 'headers' are incompatible.
              Type 'OutgoingHttpHeaders | OutgoingHttpHeader[]' is not assignable to type 'string'.
                Type 'OutgoingHttpHeaders' is not assignable to type 'string'.
1788     >(requestListener?: RequestListener<Request, Response>): Server<Request, Response>;
                                                      ~~~~~~~~
node_modules/.bun/@types+node@25.1.0/node_modules/@types/node/http.d.ts:1788:78 - error TS2344: Type 'Response' does not satisfy the constraint '{ new (req: InstanceType<Request>): ServerResponse<InstanceType<Request>>; prototype: ServerResponse<any>; ... 31 more ...; EventEmitterAsyncResource: typeof EventEmitterAsyncResource; }'.
  Types of construct signatures are incompatible.
    Type 'new <Request extends IncomingMessage = IncomingMessage>(req: Request) => ServerResponse<Request>' is not assignable to type 'new (req: InstanceType<Request>) => ServerResponse<InstanceType<Request>>'.
      Construct signature return types 'ServerResponse<IncomingMessage>' and 'ServerResponse<InstanceType<Request>>' are incompatible.
        The types of 'writeHead' are incompatible between these types.
          Type '{ (statusCode: number, statusMessage?: string, headers?: OutgoingHttpHeaders | OutgoingHttpHeader[]): ServerResponse<IncomingMessage>; (statusCode: number, headers?: OutgoingHttpHeaders | OutgoingHttpHeader[]): ServerResponse<...>; }' is not assignable to type '{ (statusCode: number, statusMessage?: string, headers?: OutgoingHttpHeaders | OutgoingHttpHeader[]): ServerResponse<InstanceType<Request>>; (statusCode: number, headers?: OutgoingHttpHeaders | OutgoingHttpHeader[]): ServerResponse<...>; }'.
            Types of parameters 'statusMessage' and 'headers' are incompatible.
              Type 'OutgoingHttpHeaders | OutgoingHttpHeader[]' is not assignable to type 'string'.
                Type 'OutgoingHttpHeaders' is not assignable to type 'string'.
1788     >(requestListener?: RequestListener<Request, Response>): Server<Request, Response>;
                                                                                  ~~~~~~~~
node_modules/.bun/@types+node@25.1.0/node_modules/@types/node/http.d.ts:1791:48 - error TS2344: Type 'InstanceType<Request>' does not satisfy the constraint 'IncomingMessage'.
  Type 'import("node:http").IncomingMessage' is not assignable to type 'import("node:http").IncomingMessage'. Two different types with this name exist, but they are unrelated.
    The types returned by 'setTimeout(...)' are incompatible between these types.
      Type 'IncomingMessage' is not assignable to type 'InstanceType<Request>'.
1791         Response extends typeof ServerResponse<InstanceType<Request>> = typeof ServerResponse,
                                                    ~~~~~~~~~~~~~~~~~~~~~
node_modules/.bun/@types+node@25.1.0/node_modules/@types/node/http.d.ts:1793:41 - error TS2344: Type 'Response' does not satisfy the constraint '{ new (req: InstanceType<Request>): ServerResponse<InstanceType<Request>>; prototype: ServerResponse<any>; ... 31 more ...; EventEmitterAsyncResource: typeof EventEmitterAsyncResource; }'.
  Types of construct signatures are incompatible.
    Type 'new <Request extends IncomingMessage = IncomingMessage>(req: Request) => ServerResponse<Request>' is not assignable to type 'new (req: InstanceType<Request>) => ServerResponse<InstanceType<Request>>'.
      Construct signature return types 'ServerResponse<IncomingMessage>' and 'ServerResponse<InstanceType<Request>>' are incompatible.
        The types of 'writeHead' are incompatible between these types.
          Type '{ (statusCode: number, statusMessage?: string, headers?: OutgoingHttpHeaders | OutgoingHttpHeader[]): ServerResponse<IncomingMessage>; (statusCode: number, headers?: OutgoingHttpHeaders | OutgoingHttpHeader[]): ServerResponse<...>; }' is not assignable to type '{ (statusCode: number, statusMessage?: string, headers?: OutgoingHttpHeaders | OutgoingHttpHeader[]): ServerResponse<InstanceType<Request>>; (statusCode: number, headers?: OutgoingHttpHeaders | OutgoingHttpHeader[]): ServerResponse<...>; }'.
            Types of parameters 'statusMessage' and 'headers' are incompatible.
              Type 'OutgoingHttpHeaders | OutgoingHttpHeader[]' is not assignable to type 'string'.
                Type 'OutgoingHttpHeaders' is not assignable to type 'string'.
1793         options: ServerOptions<Request, Response>,
                                             ~~~~~~~~
node_modules/.bun/@types+node@25.1.0/node_modules/@types/node/http.d.ts:1794:52 - error TS2344: Type 'Response' does not satisfy the constraint '{ new (req: InstanceType<Request>): ServerResponse<InstanceType<Request>>; prototype: ServerResponse<any>; ... 31 more ...; EventEmitterAsyncResource: typeof EventEmitterAsyncResource; }'.
  Types of construct signatures are incompatible.
    Type 'new <Request extends IncomingMessage = IncomingMessage>(req: Request) => ServerResponse<Request>' is not assignable to type 'new (req: InstanceType<Request>) => ServerResponse<InstanceType<Request>>'.
      Construct signature return types 'ServerResponse<IncomingMessage>' and 'ServerResponse<InstanceType<Request>>' are incompatible.
        The types of 'writeHead' are incompatible between these types.
          Type '{ (statusCode: number, statusMessage?: string, headers?: OutgoingHttpHeaders | OutgoingHttpHeader[]): ServerResponse<IncomingMessage>; (statusCode: number, headers?: OutgoingHttpHeaders | OutgoingHttpHeader[]): ServerResponse<...>; }' is not assignable to type '{ (statusCode: number, statusMessage?: string, headers?: OutgoingHttpHeaders | OutgoingHttpHeader[]): ServerResponse<InstanceType<Request>>; (statusCode: number, headers?: OutgoingHttpHeaders | OutgoingHttpHeader[]): ServerResponse<...>; }'.
            Types of parameters 'statusMessage' and 'headers' are incompatible.
              Type 'OutgoingHttpHeaders | OutgoingHttpHeader[]' is not assignable to type 'string'.
                Type 'OutgoingHttpHeaders' is not assignable to type 'string'.
1794         requestListener?: RequestListener<Request, Response>,
                                                        ~~~~~~~~
node_modules/.bun/@types+node@25.1.0/node_modules/@types/node/http.d.ts:1795:24 - error TS2344: Type 'Response' does not satisfy the constraint '{ new (req: InstanceType<Request>): ServerResponse<InstanceType<Request>>; prototype: ServerResponse<any>; ... 31 more ...; EventEmitterAsyncResource: typeof EventEmitterAsyncResource; }'.
  Types of construct signatures are incompatible.
    Type 'new <Request extends IncomingMessage = IncomingMessage>(req: Request) => ServerResponse<Request>' is not assignable to type 'new (req: InstanceType<Request>) => ServerResponse<InstanceType<Request>>'.
      Construct signature return types 'ServerResponse<IncomingMessage>' and 'ServerResponse<InstanceType<Request>>' are incompatible.
        The types of 'writeHead' are incompatible between these types.
          Type '{ (statusCode: number, statusMessage?: string, headers?: OutgoingHttpHeaders | OutgoingHttpHeader[]): ServerResponse<IncomingMessage>; (statusCode: number, headers?: OutgoingHttpHeaders | OutgoingHttpHeader[]): ServerResponse<...>; }' is not assignable to type '{ (statusCode: number, statusMessage?: string, headers?: OutgoingHttpHeaders | OutgoingHttpHeader[]): ServerResponse<InstanceType<Request>>; (statusCode: number, headers?: OutgoingHttpHeaders | OutgoingHttpHeader[]): ServerResponse<...>; }'.
            Types of parameters 'statusMessage' and 'headers' are incompatible.
              Type 'OutgoingHttpHeaders | OutgoingHttpHeader[]' is not assignable to type 'string'.
                Type 'OutgoingHttpHeaders' is not assignable to type 'string'.
1795     ): Server<Request, Response>;
                            ~~~~~~~~
node_modules/.bun/@types+node@25.1.0/node_modules/@types/node/http2.d.ts:11:1 - error TS6200: Definitions of the following identifiers conflict with those in another file: Http2ServerRequest, Http2ServerResponse, NGHTTP2_SESSION_SERVER, NGHTTP2_SESSION_CLIENT, NGHTTP2_STREAM_STATE_IDLE, NGHTTP2_STREAM_STATE_OPEN, NGHTTP2_STREAM_STATE_RESERVED_LOCAL, NGHTTP2_STREAM_STATE_RESERVED_REMOTE, NGHTTP2_STREAM_STATE_HALF_CLOSED_LOCAL, NGHTTP2_STREAM_STATE_HALF_CLOSED_REMOTE, NGHTTP2_STREAM_STATE_CLOSED, NGHTTP2_NO_ERROR, NGHTTP2_PROTOCOL_ERROR, NGHTTP2_INTERNAL_ERROR, NGHTTP2_FLOW_CONTROL_ERROR, NGHTTP2_SETTINGS_TIMEOUT, NGHTTP2_STREAM_CLOSED, NGHTTP2_FRAME_SIZE_ERROR, NGHTTP2_REFUSED_STREAM, NGHTTP2_CANCEL, NGHTTP2_COMPRESSION_ERROR, NGHTTP2_CONNECT_ERROR, NGHTTP2_ENHANCE_YOUR_CALM, NGHTTP2_INADEQUATE_SECURITY, NGHTTP2_HTTP_1_1_REQUIRED, NGHTTP2_ERR_FRAME_SIZE_ERROR, NGHTTP2_FLAG_NONE, NGHTTP2_FLAG_END_STREAM, NGHTTP2_FLAG_END_HEADERS, NGHTTP2_FLAG_ACK, NGHTTP2_FLAG_PADDED, NGHTTP2_FLAG_PRIORITY, DEFAULT_SETTINGS_HEADER_TABLE_SIZE, DEFAULT_SETTINGS_ENABLE_PUSH, DEFAULT_SETTINGS_INITIAL_WINDOW_SIZE, DEFAULT_SETTINGS_MAX_FRAME_SIZE, MAX_MAX_FRAME_SIZE, MIN_MAX_FRAME_SIZE, MAX_INITIAL_WINDOW_SIZE, NGHTTP2_DEFAULT_WEIGHT, NGHTTP2_SETTINGS_HEADER_TABLE_SIZE, NGHTTP2_SETTINGS_ENABLE_PUSH, NGHTTP2_SETTINGS_MAX_CONCURRENT_STREAMS, NGHTTP2_SETTINGS_INITIAL_WINDOW_SIZE, NGHTTP2_SETTINGS_MAX_FRAME_SIZE, NGHTTP2_SETTINGS_MAX_HEADER_LIST_SIZE, PADDING_STRATEGY_NONE, PADDING_STRATEGY_MAX, PADDING_STRATEGY_CALLBACK, HTTP2_HEADER_STATUS, HTTP2_HEADER_METHOD, HTTP2_HEADER_AUTHORITY, HTTP2_HEADER_SCHEME, HTTP2_HEADER_PATH, HTTP2_HEADER_ACCEPT_CHARSET, HTTP2_HEADER_ACCEPT_ENCODING, HTTP2_HEADER_ACCEPT_LANGUAGE, HTTP2_HEADER_ACCEPT_RANGES, HTTP2_HEADER_ACCEPT, HTTP2_HEADER_ACCESS_CONTROL_ALLOW_CREDENTIALS, HTTP2_HEADER_ACCESS_CONTROL_ALLOW_HEADERS, HTTP2_HEADER_ACCESS_CONTROL_ALLOW_METHODS, HTTP2_HEADER_ACCESS_CONTROL_ALLOW_ORIGIN, HTTP2_HEADER_ACCESS_CONTROL_EXPOSE_HEADERS, HTTP2_HEADER_ACCESS_CONTROL_REQUEST_HEADERS, HTTP2_HEADER_ACCESS_CONTROL_REQUEST_METHOD, HTTP2_HEADER_AGE, HTTP2_HEADER_ALLOW, HTTP2_HEADER_AUTHORIZATION, HTTP2_HEADER_CACHE_CONTROL, HTTP2_HEADER_CONNECTION, HTTP2_HEADER_CONTENT_DISPOSITION, HTTP2_HEADER_CONTENT_ENCODING, HTTP2_HEADER_CONTENT_LANGUAGE, HTTP2_HEADER_CONTENT_LENGTH, HTTP2_HEADER_CONTENT_LOCATION, HTTP2_HEADER_CONTENT_MD5, HTTP2_HEADER_CONTENT_RANGE, HTTP2_HEADER_CONTENT_TYPE, HTTP2_HEADER_COOKIE, HTTP2_HEADER_DATE, HTTP2_HEADER_ETAG, HTTP2_HEADER_EXPECT, HTTP2_HEADER_EXPIRES, HTTP2_HEADER_FROM, HTTP2_HEADER_HOST, HTTP2_HEADER_IF_MATCH, HTTP2_HEADER_IF_MODIFIED_SINCE, HTTP2_HEADER_IF_NONE_MATCH, HTTP2_HEADER_IF_RANGE, HTTP2_HEADER_IF_UNMODIFIED_SINCE, HTTP2_HEADER_LAST_MODIFIED, HTTP2_HEADER_LINK, HTTP2_HEADER_LOCATION, HTTP2_HEADER_MAX_FORWARDS, HTTP2_HEADER_PREFER, HTTP2_HEADER_PROXY_AUTHENTICATE, HTTP2_HEADER_PROXY_AUTHORIZATION, HTTP2_HEADER_RANGE, HTTP2_HEADER_REFERER, HTTP2_HEADER_REFRESH, HTTP2_HEADER_RETRY_AFTER, HTTP2_HEADER_SERVER, HTTP2_HEADER_SET_COOKIE, HTTP2_HEADER_STRICT_TRANSPORT_SECURITY, HTTP2_HEADER_TRANSFER_ENCODING, HTTP2_HEADER_TE, HTTP2_HEADER_UPGRADE, HTTP2_HEADER_USER_AGENT, HTTP2_HEADER_VARY, HTTP2_HEADER_VIA, HTTP2_HEADER_WWW_AUTHENTICATE, HTTP2_HEADER_HTTP2_SETTINGS, HTTP2_HEADER_KEEP_ALIVE, HTTP2_HEADER_PROXY_CONNECTION, HTTP2_METHOD_ACL, HTTP2_METHOD_BASELINE_CONTROL, HTTP2_METHOD_BIND, HTTP2_METHOD_CHECKIN, HTTP2_METHOD_CHECKOUT, HTTP2_METHOD_CONNECT, HTTP2_METHOD_COPY, HTTP2_METHOD_DELETE, HTTP2_METHOD_GET, HTTP2_METHOD_HEAD, HTTP2_METHOD_LABEL, HTTP2_METHOD_LINK, HTTP2_METHOD_LOCK, HTTP2_METHOD_MERGE, HTTP2_METHOD_MKACTIVITY, HTTP2_METHOD_MKCALENDAR, HTTP2_METHOD_MKCOL, HTTP2_METHOD_MKREDIRECTREF, HTTP2_METHOD_MKWORKSPACE, HTTP2_METHOD_MOVE, HTTP2_METHOD_OPTIONS, HTTP2_METHOD_ORDERPATCH, HTTP2_METHOD_PATCH, HTTP2_METHOD_POST, HTTP2_METHOD_PRI, HTTP2_METHOD_PROPFIND, HTTP2_METHOD_PROPPATCH, HTTP2_METHOD_PUT, HTTP2_METHOD_REBIND, HTTP2_METHOD_REPORT, HTTP2_METHOD_SEARCH, HTTP2_METHOD_TRACE, HTTP2_METHOD_UNBIND, HTTP2_METHOD_UNCHECKOUT, HTTP2_METHOD_UNLINK, HTTP2_METHOD_UNLOCK, HTTP2_METHOD_UPDATE, HTTP2_METHOD_UPDATEREDIRECTREF, HTTP2_METHOD_VERSION_CONTROL, HTTP_STATUS_CONTINUE, HTTP_STATUS_SWITCHING_PROTOCOLS, HTTP_STATUS_PROCESSING, HTTP_STATUS_OK, HTTP_STATUS_CREATED, HTTP_STATUS_ACCEPTED, HTTP_STATUS_NON_AUTHORITATIVE_INFORMATION, HTTP_STATUS_NO_CONTENT, HTTP_STATUS_RESET_CONTENT, HTTP_STATUS_PARTIAL_CONTENT, HTTP_STATUS_MULTI_STATUS, HTTP_STATUS_ALREADY_REPORTED, HTTP_STATUS_IM_USED, HTTP_STATUS_MULTIPLE_CHOICES, HTTP_STATUS_MOVED_PERMANENTLY, HTTP_STATUS_FOUND, HTTP_STATUS_SEE_OTHER, HTTP_STATUS_NOT_MODIFIED, HTTP_STATUS_USE_PROXY, HTTP_STATUS_TEMPORARY_REDIRECT, HTTP_STATUS_PERMANENT_REDIRECT, HTTP_STATUS_BAD_REQUEST, HTTP_STATUS_UNAUTHORIZED, HTTP_STATUS_PAYMENT_REQUIRED, HTTP_STATUS_FORBIDDEN, HTTP_STATUS_NOT_FOUND, HTTP_STATUS_METHOD_NOT_ALLOWED, HTTP_STATUS_NOT_ACCEPTABLE, HTTP_STATUS_PROXY_AUTHENTICATION_REQUIRED, HTTP_STATUS_REQUEST_TIMEOUT, HTTP_STATUS_CONFLICT, HTTP_STATUS_GONE, HTTP_STATUS_LENGTH_REQUIRED, HTTP_STATUS_PRECONDITION_FAILED, HTTP_STATUS_PAYLOAD_TOO_LARGE, HTTP_STATUS_URI_TOO_LONG, HTTP_STATUS_UNSUPPORTED_MEDIA_TYPE, HTTP_STATUS_RANGE_NOT_SATISFIABLE, HTTP_STATUS_EXPECTATION_FAILED, HTTP_STATUS_TEAPOT, HTTP_STATUS_MISDIRECTED_REQUEST, HTTP_STATUS_UNPROCESSABLE_ENTITY, HTTP_STATUS_LOCKED, HTTP_STATUS_FAILED_DEPENDENCY, HTTP_STATUS_UNORDERED_COLLECTION, HTTP_STATUS_UPGRADE_REQUIRED, HTTP_STATUS_PRECONDITION_REQUIRED, HTTP_STATUS_TOO_MANY_REQUESTS, HTTP_STATUS_REQUEST_HEADER_FIELDS_TOO_LARGE, HTTP_STATUS_UNAVAILABLE_FOR_LEGAL_REASONS, HTTP_STATUS_INTERNAL_SERVER_ERROR, HTTP_STATUS_NOT_IMPLEMENTED, HTTP_STATUS_BAD_GATEWAY, HTTP_STATUS_SERVICE_UNAVAILABLE, HTTP_STATUS_GATEWAY_TIMEOUT, HTTP_STATUS_HTTP_VERSION_NOT_SUPPORTED, HTTP_STATUS_VARIANT_ALSO_NEGOTIATES, HTTP_STATUS_INSUFFICIENT_STORAGE, HTTP_STATUS_LOOP_DETECTED, HTTP_STATUS_BANDWIDTH_LIMIT_EXCEEDED, HTTP_STATUS_NOT_EXTENDED, HTTP_STATUS_NETWORK_AUTHENTICATION_REQUIRED, sensitiveHeaders, OutgoingHttpHeaders
11 declare module "node:http2" {
   ~~~~~~~
  node_modules/.bun/@types+node@25.2.0/node_modules/@types/node/http2.d.ts:11:1
    11 declare module "node:http2" {
       ~~~~~~~
    Conflicts are in this file.
node_modules/.bun/@types+node@25.1.0/node_modules/@types/node/http2.d.ts:2389:58 - error TS2344: Type 'InstanceType<Http2Request>' does not satisfy the constraint 'Http2ServerRequest'.
  Type 'import("node:http2").Http2ServerRequest' is not assignable to type 'import("node:http2").Http2ServerRequest'. Two different types with this name exist, but they are unrelated.
    The types returned by 'addListener(...)' are incompatible between these types.
      Type 'Http2ServerRequest' is not assignable to type 'InstanceType<Http2Request>'.
2389         Http2Response extends typeof Http2ServerResponse<InstanceType<Http2Request>> = typeof Http2ServerResponse,
                                                              ~~~~~~~~~~~~~~~~~~~~~~~~~~
node_modules/.bun/@types+node@25.1.0/node_modules/@types/node/http2.d.ts:2391:75 - error TS2344: Type 'Http2Response' does not satisfy the constraint '{ new (stream: ServerHttp2Stream): Http2ServerResponse<InstanceType<Http2Request>>; prototype: Http2ServerResponse<any>; ... 31 more ...; EventEmitterAsyncResource: typeof EventEmitterAsyncResource; }'.
  Types of construct signatures are incompatible.
    Type 'new <Request extends Http2ServerRequest = Http2ServerRequest>(stream: ServerHttp2Stream) => Http2ServerResponse<Request>' is not assignable to type 'new (stream: ServerHttp2Stream) => Http2ServerResponse<InstanceType<Http2Request>>'.
      Construct signature return types 'Http2ServerResponse<Http2ServerRequest>' and 'Http2ServerResponse<InstanceType<Http2Request>>' are incompatible.
        The types of 'req' are incompatible between these types.
          Type 'Http2ServerRequest' is not assignable to type 'InstanceType<Http2Request>'.
2391         options: ServerOptions<Http1Request, Http1Response, Http2Request, Http2Response>,
                                                                               ~~~~~~~~~~~~~
node_modules/.bun/@types+node@25.1.0/node_modules/@types/node/http2.d.ts:2393:63 - error TS2344: Type 'Http2Response' does not satisfy the constraint '{ new (stream: ServerHttp2Stream): Http2ServerResponse<InstanceType<Http2Request>>; prototype: Http2ServerResponse<any>; ... 31 more ...; EventEmitterAsyncResource: typeof EventEmitterAsyncResource; }'.
  Types of construct signatures are incompatible.
    Type 'new <Request extends Http2ServerRequest = Http2ServerRequest>(stream: ServerHttp2Stream) => Http2ServerResponse<Request>' is not assignable to type 'new (stream: ServerHttp2Stream) => Http2ServerResponse<InstanceType<Http2Request>>'.
      Construct signature return types 'Http2ServerResponse<Http2ServerRequest>' and 'Http2ServerResponse<InstanceType<Http2Request>>' are incompatible.
        The types of 'req' are incompatible between these types.
          Type 'Http2ServerRequest' is not assignable to type 'InstanceType<Http2Request>'.
2393     ): Http2Server<Http1Request, Http1Response, Http2Request, Http2Response>;
                                                                   ~~~~~~~~~~~~~
node_modules/.bun/@types+node@25.1.0/node_modules/@types/node/http2.d.ts:2429:58 - error TS2344: Type 'InstanceType<Http2Request>' does not satisfy the constraint 'Http2ServerRequest'.
  Type 'import("node:http2").Http2ServerRequest' is not assignable to type 'import("node:http2").Http2ServerRequest'. Two different types with this name exist, but they are unrelated.
    The types returned by 'addListener(...)' are incompatible between these types.
      Type 'Http2ServerRequest' is not assignable to type 'InstanceType<Http2Request>'.
2429         Http2Response extends typeof Http2ServerResponse<InstanceType<Http2Request>> = typeof Http2ServerResponse,
                                                              ~~~~~~~~~~~~~~~~~~~~~~~~~~
node_modules/.bun/@types+node@25.1.0/node_modules/@types/node/http2.d.ts:2431:81 - error TS2344: Type 'Http2Response' does not satisfy the constraint '{ new (stream: ServerHttp2Stream): Http2ServerResponse<InstanceType<Http2Request>>; prototype: Http2ServerResponse<any>; ... 31 more ...; EventEmitterAsyncResource: typeof EventEmitterAsyncResource; }'.
  Types of construct signatures are incompatible.
    Type 'new <Request extends Http2ServerRequest = Http2ServerRequest>(stream: ServerHttp2Stream) => Http2ServerResponse<Request>' is not assignable to type 'new (stream: ServerHttp2Stream) => Http2ServerResponse<InstanceType<Http2Request>>'.
      Construct signature return types 'Http2ServerResponse<Http2ServerRequest>' and 'Http2ServerResponse<InstanceType<Http2Request>>' are incompatible.
        The types of 'req' are incompatible between these types.
          Type 'Http2ServerRequest' is not assignable to type 'InstanceType<Http2Request>'.
2431         options: SecureServerOptions<Http1Request, Http1Response, Http2Request, Http2Response>,
                                                                                     ~~~~~~~~~~~~~
node_modules/.bun/@types+node@25.1.0/node_modules/@types/node/http2.d.ts:2433:69 - error TS2344: Type 'Http2Response' does not satisfy the constraint '{ new (stream: ServerHttp2Stream): Http2ServerResponse<InstanceType<Http2Request>>; prototype: Http2ServerResponse<any>; ... 31 more ...; EventEmitterAsyncResource: typeof EventEmitterAsyncResource; }'.
  Types of construct signatures are incompatible.
    Type 'new <Request extends Http2ServerRequest = Http2ServerRequest>(stream: ServerHttp2Stream) => Http2ServerResponse<Request>' is not assignable to type 'new (stream: ServerHttp2Stream) => Http2ServerResponse<InstanceType<Http2Request>>'.
      Construct signature return types 'Http2ServerResponse<Http2ServerRequest>' and 'Http2ServerResponse<InstanceType<Http2Request>>' are incompatible.
        The types of 'req' are incompatible between these types.
          Type 'Http2ServerRequest' is not assignable to type 'InstanceType<Http2Request>'.
2433     ): Http2SecureServer<Http1Request, Http1Response, Http2Request, Http2Response>;
                                                                         ~~~~~~~~~~~~~
node_modules/.bun/@types+node@25.1.0/node_modules/@types/node/http2.d.ts:2469:58 - error TS2344: Type 'InstanceType<Http2Request>' does not satisfy the constraint 'Http2ServerRequest'.
  Type 'import("node:http2").Http2ServerRequest' is not assignable to type 'import("node:http2").Http2ServerRequest'. Two different types with this name exist, but they are unrelated.
    The types returned by 'addListener(...)' are incompatible between these types.
      Type 'Http2ServerRequest' is not assignable to type 'InstanceType<Http2Request>'.
2469         Http2Response extends typeof Http2ServerResponse<InstanceType<Http2Request>> = typeof Http2ServerResponse,
                                                              ~~~~~~~~~~~~~~~~~~~~~~~~~~
node_modules/.bun/@types+node@25.1.0/node_modules/@types/node/http2.d.ts:2472:76 - error TS2344: Type 'Http2Response' does not satisfy the constraint '{ new (stream: ServerHttp2Stream): Http2ServerResponse<InstanceType<Http2Request>>; prototype: Http2ServerResponse<any>; ... 31 more ...; EventEmitterAsyncResource: typeof EventEmitterAsyncResource; }'.
  Types of construct signatures are incompatible.
    Type 'new <Request extends Http2ServerRequest = Http2ServerRequest>(stream: ServerHttp2Stream) => Http2ServerResponse<Request>' is not assignable to type 'new (stream: ServerHttp2Stream) => Http2ServerResponse<InstanceType<Http2Request>>'.
      Construct signature return types 'Http2ServerResponse<Http2ServerRequest>' and 'Http2ServerResponse<InstanceType<Http2Request>>' are incompatible.
        The types of 'req' are incompatible between these types.
          Type 'Http2ServerRequest' is not assignable to type 'InstanceType<Http2Request>'.
2472         options?: ServerOptions<Http1Request, Http1Response, Http2Request, Http2Response>,
                                                                                ~~~~~~~~~~~~~
node_modules/.bun/@types+node@25.1.0/node_modules/@types/node/http2.d.ts:2473:70 - error TS2344: Type 'Http2Response' does not satisfy the constraint '{ new (stream: ServerHttp2Stream): Http2ServerResponse<InstanceType<Http2Request>>; prototype: Http2ServerResponse<any>; ... 31 more ...; EventEmitterAsyncResource: typeof EventEmitterAsyncResource; }'.
  Types of construct signatures are incompatible.
    Type 'new <Request extends Http2ServerRequest = Http2ServerRequest>(stream: ServerHttp2Stream) => Http2ServerResponse<Request>' is not assignable to type 'new (stream: ServerHttp2Stream) => Http2ServerResponse<InstanceType<Http2Request>>'.
      Construct signature return types 'Http2ServerResponse<Http2ServerRequest>' and 'Http2ServerResponse<InstanceType<Http2Request>>' are incompatible.
        The types of 'req' are incompatible between these types.
          Type 'Http2ServerRequest' is not assignable to type 'InstanceType<Http2Request>'.
2473     ): ServerHttp2Session<Http1Request, Http1Response, Http2Request, Http2Response>;
                                                                          ~~~~~~~~~~~~~
node_modules/.bun/@types+node@25.1.0/node_modules/@types/node/https.d.ts:29:11 - error TS2300: Duplicate identifier 'Agent'.
29     class Agent extends http.Agent {
             ~~~~~
  node_modules/.bun/@types+node@25.2.0/node_modules/@types/node/https.d.ts:35:11
    35     class Agent extends http.Agent {
                 ~~~~~
    'Agent' was also declared here.
node_modules/.bun/@types+node@25.1.0/node_modules/@types/node/https.d.ts:46:11 - error TS2300: Duplicate identifier 'Server'.
46     class Server<
             ~~~~~~
  node_modules/.bun/@types+node@25.2.0/node_modules/@types/node/https.d.ts:52:11
    52     class Server<
                 ~~~~~~
    'Server' was also declared here.
  node_modules/.bun/@types+node@25.2.0/node_modules/@types/node/https.d.ts:127:15
    127     interface Server<
                      ~~~~~~
    and here.
node_modules/.bun/@types+node@25.1.0/node_modules/@types/node/https.d.ts:121:15 - error TS2300: Duplicate identifier 'Server'.
121     interface Server<
                  ~~~~~~
  node_modules/.bun/@types+node@25.2.0/node_modules/@types/node/https.d.ts:52:11
    52     class Server<
                 ~~~~~~
    'Server' was also declared here.
  node_modules/.bun/@types+node@25.2.0/node_modules/@types/node/https.d.ts:127:15
    127     interface Server<
                      ~~~~~~
    and here.
node_modules/.bun/@types+node@25.1.0/node_modules/@types/node/https.d.ts:395:9 - error TS2451: Cannot redeclare block-scoped variable 'globalAgent'.
395     let globalAgent: Agent;
            ~~~~~~~~~~~
  node_modules/.bun/@types+node@25.2.0/node_modules/@types/node/https.d.ts:401:9
    401     let globalAgent: Agent;
                ~~~~~~~~~~~
    'globalAgent' was also declared here.
node_modules/.bun/@types+node@25.1.0/node_modules/@types/node/inspector.d.ts:12:11 - error TS2300: Duplicate identifier 'Session'.
12     class Session extends EventEmitter {
             ~~~~~~~
  node_modules/.bun/@types+node@25.2.0/node_modules/@types/node/inspector.d.ts:12:11
    12     class Session extends EventEmitter {
                 ~~~~~~~
    'Session' was also declared here.
  node_modules/.bun/@types+node@25.2.0/node_modules/@types/node/inspector.generated.d.ts:2035:15
    2035     interface Session {
                       ~~~~~~~
    and here.
node_modules/.bun/@types+node@25.1.0/node_modules/@types/node/inspector.d.ts:110:11 - error TS2451: Cannot redeclare block-scoped variable 'console'.
110     const console: InspectorConsole;
              ~~~~~~~
  node_modules/.bun/@types+node@25.2.0/node_modules/@types/node/inspector.d.ts:110:11
    110     const console: InspectorConsole;
                  ~~~~~~~
    'console' was also declared here.
node_modules/.bun/@types+node@25.1.0/node_modules/@types/node/inspector.generated.d.ts:6:1 - error TS6200: Definitions of the following identifiers conflict with those in another file: ScriptId, RemoteObjectId, UnserializableValue, ExecutionContextId, Timestamp, UniqueDebuggerId, BreakpointId, CallFrameId, HeapSnapshotObjectId, WorkerID, SessionID, ResourceType, RequestId, TimeSinceEpoch, MonotonicTime, TargetID, StreamHandle, Schema, Runtime, Debugger, Console, Profiler, HeapProfiler, NodeTracing, NodeWorker, Network, NodeRuntime, Target, IO
6 declare module "node:inspector" {
  ~~~~~~~
  node_modules/.bun/@types+node@25.2.0/node_modules/@types/node/inspector.generated.d.ts:6:1
    6 declare module "node:inspector" {
      ~~~~~~~
    Conflicts are in this file.
node_modules/.bun/@types+node@25.1.0/node_modules/@types/node/inspector.generated.d.ts:3182:15 - error TS2300: Duplicate identifier 'Session'.
3182     interface Session {
                   ~~~~~~~
  node_modules/.bun/@types+node@25.1.0/node_modules/@types/node/inspector/promises.d.ts:15:18
    15     export class Session extends EventEmitter {
                        ~~~~~~~
    'Session' was also declared here.
node_modules/.bun/@types+node@25.1.0/node_modules/@types/node/inspector/promises.d.ts:9:14 - error TS2300: Duplicate identifier 'close'.
9     export { close, console, NetworkResources, open, url, waitForDebugger } from "node:inspector";
               ~~~~~
  node_modules/.bun/@types+node@25.2.0/node_modules/@types/node/inspector/promises.d.ts:9:14
    9     export { close, console, NetworkResources, open, url, waitForDebugger } from "node:inspector";
                   ~~~~~
    'close' was also declared here.
node_modules/.bun/@types+node@25.1.0/node_modules/@types/node/inspector/promises.d.ts:9:21 - error TS2300: Duplicate identifier 'console'.
9     export { close, console, NetworkResources, open, url, waitForDebugger } from "node:inspector";
                      ~~~~~~~
  node_modules/.bun/@types+node@25.2.0/node_modules/@types/node/inspector/promises.d.ts:9:21
    9     export { close, console, NetworkResources, open, url, waitForDebugger } from "node:inspector";
                          ~~~~~~~
    'console' was also declared here.
node_modules/.bun/@types+node@25.1.0/node_modules/@types/node/inspector/promises.d.ts:9:30 - error TS2300: Duplicate identifier 'NetworkResources'.
9     export { close, console, NetworkResources, open, url, waitForDebugger } from "node:inspector";
                               ~~~~~~~~~~~~~~~~
  node_modules/.bun/@types+node@25.2.0/node_modules/@types/node/inspector/promises.d.ts:9:30
    9     export { close, console, NetworkResources, open, url, waitForDebugger } from "node:inspector";
                                   ~~~~~~~~~~~~~~~~
    'NetworkResources' was also declared here.
node_modules/.bun/@types+node@25.1.0/node_modules/@types/node/inspector/promises.d.ts:9:48 - error TS2300: Duplicate identifier 'open'.
9     export { close, console, NetworkResources, open, url, waitForDebugger } from "node:inspector";
                                                 ~~~~
  node_modules/.bun/@types+node@25.2.0/node_modules/@types/node/inspector/promises.d.ts:9:48
    9     export { close, console, NetworkResources, open, url, waitForDebugger } from "node:inspector";
                                                     ~~~~
    'open' was also declared here.
node_modules/.bun/@types+node@25.1.0/node_modules/@types/node/inspector/promises.d.ts:9:54 - error TS2300: Duplicate identifier 'url'.
9     export { close, console, NetworkResources, open, url, waitForDebugger } from "node:inspector";
                                                       ~~~
  node_modules/.bun/@types+node@25.2.0/node_modules/@types/node/inspector/promises.d.ts:9:54
    9     export { close, console, NetworkResources, open, url, waitForDebugger } from "node:inspector";
                                                           ~~~
    'url' was also declared here.
node_modules/.bun/@types+node@25.1.0/node_modules/@types/node/inspector/promises.d.ts:9:59 - error TS2300: Duplicate identifier 'waitForDebugger'.
9     export { close, console, NetworkResources, open, url, waitForDebugger } from "node:inspector";
                                                            ~~~~~~~~~~~~~~~
  node_modules/.bun/@types+node@25.2.0/node_modules/@types/node/inspector/promises.d.ts:9:59
    9     export { close, console, NetworkResources, open, url, waitForDebugger } from "node:inspector";
                                                                ~~~~~~~~~~~~~~~
    'waitForDebugger' was also declared here.
node_modules/.bun/@types+node@25.1.0/node_modules/@types/node/inspector/promises.d.ts:15:18 - error TS2300: Duplicate identifier 'Session'.
15     export class Session extends EventEmitter {
                    ~~~~~~~
  node_modules/.bun/@types+node@25.2.0/node_modules/@types/node/inspector.generated.d.ts:3182:15
    3182     interface Session {
                       ~~~~~~~
    'Session' was also declared here.
  node_modules/.bun/@types+node@25.2.0/node_modules/@types/node/inspector/promises.d.ts:15:18
    15     export class Session extends EventEmitter {
                        ~~~~~~~
    and here.
  node_modules/.bun/@types+node@25.1.0/node_modules/@types/node/inspector.generated.d.ts:3182:15
    3182     interface Session {
                       ~~~~~~~
    and here.
node_modules/.bun/@types+node@25.1.0/node_modules/@types/node/module.d.ts:814:14 - error TS2300: Duplicate identifier 'Module'.
814     export = Module;
                 ~~~~~~
  node_modules/.bun/@types+node@25.2.0/node_modules/@types/node/module.d.ts:814:14
    814     export = Module;
                     ~~~~~~
    'Module' was also declared here.
node_modules/.bun/@types+node@25.1.0/node_modules/@types/node/module.d.ts:818:14 - error TS2300: Duplicate identifier 'module'.
818     export = module;
                 ~~~~~~
  node_modules/.bun/@types+node@25.2.0/node_modules/@types/node/module.d.ts:818:14
    818     export = module;
                     ~~~~~~
    'module' was also declared here.
node_modules/.bun/@types+node@25.1.0/node_modules/@types/node/net.d.ts:15:1 - error TS6200: Definitions of the following identifiers conflict with those in another file: LookupFunction, SocketConnectOpts, SocketReadyState, Socket, Server, IPVersion, BlockList, NetConnectOpts, SocketAddress
15 declare module "node:net" {
   ~~~~~~~
  node_modules/.bun/@types+node@25.2.0/node_modules/@types/node/net.d.ts:15:1
    15 declare module "node:net" {
       ~~~~~~~
    Conflicts are in this file.
node_modules/.bun/@types+node@25.1.0/node_modules/@types/node/os.d.ts:10:1 - error TS6200: Definitions of the following identifiers conflict with those in another file: NetworkInterfaceInfo, SignalConstants, UV_UDP_REUSEADDR, E2BIG, EACCES, EADDRINUSE, EADDRNOTAVAIL, EAFNOSUPPORT, EAGAIN, EALREADY, EBADF, EBADMSG, EBUSY, ECANCELED, ECHILD, ECONNABORTED, ECONNREFUSED, ECONNRESET, EDEADLK, EDESTADDRREQ, EDOM, EDQUOT, EEXIST, EFAULT, EFBIG, EHOSTUNREACH, EIDRM, EILSEQ, EINPROGRESS, EINTR, EINVAL, EIO, EISCONN, EISDIR, ELOOP, EMFILE, EMLINK, EMSGSIZE, EMULTIHOP, ENAMETOOLONG, ENETDOWN, ENETRESET, ENETUNREACH, ENFILE, ENOBUFS, ENODATA, ENODEV, ENOENT, ENOEXEC, ENOLCK, ENOLINK, ENOMEM, ENOMSG, ENOPROTOOPT, ENOSPC, ENOSR, ENOSTR, ENOSYS, ENOTCONN, ENOTDIR, ENOTEMPTY, ENOTSOCK, ENOTSUP, ENOTTY, ENXIO, EOPNOTSUPP, EOVERFLOW, EPERM, EPIPE, EPROTO, EPROTONOSUPPORT, EPROTOTYPE, ERANGE, EROFS, ESPIPE, ESRCH, ESTALE, ETIME, ETIMEDOUT, ETXTBSY, EWOULDBLOCK, EXDEV, WSAEINTR, WSAEBADF, WSAEACCES, WSAEFAULT, WSAEINVAL, WSAEMFILE, WSAEWOULDBLOCK, WSAEINPROGRESS, WSAEALREADY, WSAENOTSOCK, WSAEDESTADDRREQ, WSAEMSGSIZE, WSAEPROTOTYPE, WSAENOPROTOOPT, WSAEPROTONOSUPPORT, WSAESOCKTNOSUPPORT, WSAEOPNOTSUPP, WSAEPFNOSUPPORT, WSAEAFNOSUPPORT, WSAEADDRINUSE, WSAEADDRNOTAVAIL, WSAENETDOWN, WSAENETUNREACH, WSAENETRESET, WSAECONNABORTED, WSAECONNRESET, WSAENOBUFS, WSAEISCONN, WSAENOTCONN, WSAESHUTDOWN, WSAETOOMANYREFS, WSAETIMEDOUT, WSAECONNREFUSED, WSAELOOP, WSAENAMETOOLONG, WSAEHOSTDOWN, WSAEHOSTUNREACH, WSAENOTEMPTY, WSAEPROCLIM, WSAEUSERS, WSAEDQUOT, WSAESTALE, WSAEREMOTE, WSASYSNOTREADY, WSAVERNOTSUPPORTED, WSANOTINITIALISED, WSAEDISCON, WSAENOMORE, WSAECANCELLED, WSAEINVALIDPROCTABLE, WSAEINVALIDPROVIDER, WSAEPROVIDERFAILEDINIT, WSASYSCALLFAILURE, WSASERVICE_NOT_FOUND, WSATYPE_NOT_FOUND, WSA_E_NO_MORE, WSA_E_CANCELLED, WSAEREFUSED, RTLD_LAZY, RTLD_NOW, RTLD_GLOBAL, RTLD_LOCAL, RTLD_DEEPBIND, PRIORITY_LOW, PRIORITY_BELOW_NORMAL, PRIORITY_NORMAL, PRIORITY_ABOVE_NORMAL, PRIORITY_HIGH, PRIORITY_HIGHEST, devNull, EOL
10 declare module "node:os" {
   ~~~~~~~
  node_modules/.bun/@types+node@25.2.0/node_modules/@types/node/os.d.ts:10:1
    10 declare module "node:os" {
       ~~~~~~~
    Conflicts are in this file.
node_modules/.bun/@types+node@25.1.0/node_modules/@types/node/os.d.ts:265:19 - error TS2649: Cannot augment module 'signals' with value exports because it resolves to a non-module entity.
265         namespace signals {}
                      ~~~~~~~
node_modules/.bun/@types+node@25.1.0/node_modules/@types/node/path.d.ts:182:14 - error TS2300: Duplicate identifier 'path'.
182     export = path;
                 ~~~~
  node_modules/.bun/@types+node@25.2.0/node_modules/@types/node/path.d.ts:182:14
    182     export = path;
                     ~~~~
    'path' was also declared here.
  node_modules/.bun/@types+node@25.2.0/node_modules/@types/node/path.d.ts:186:14
    186     export = path;
                     ~~~~
    and here.
node_modules/.bun/@types+node@25.1.0/node_modules/@types/node/path.d.ts:186:14 - error TS2300: Duplicate identifier 'path'.
186     export = path;
                 ~~~~
  node_modules/.bun/@types+node@25.2.0/node_modules/@types/node/path.d.ts:182:14
    182     export = path;
                     ~~~~
    'path' was also declared here.
  node_modules/.bun/@types+node@25.2.0/node_modules/@types/node/path.d.ts:186:14
    186     export = path;
                     ~~~~
    and here.
node_modules/.bun/@types+node@25.1.0/node_modules/@types/node/path/posix.d.ts:3:5 - error TS2300: Duplicate identifier 'export='.
3     export = path.posix;
      ~~~~~~~~~~~~~~~~~~~~
  node_modules/.bun/@types+node@25.2.0/node_modules/@types/node/path/posix.d.ts:3:5
    3     export = path.posix;
          ~~~~~~~~~~~~~~~~~~~~
    'export=' was also declared here.
  node_modules/.bun/@types+node@25.2.0/node_modules/@types/node/path/posix.d.ts:7:5
    7     export = path.posix;
          ~~~~~~~~~~~~~~~~~~~~
    and here.
node_modules/.bun/@types+node@25.1.0/node_modules/@types/node/path/posix.d.ts:7:5 - error TS2300: Duplicate identifier 'export='.
7     export = path.posix;
      ~~~~~~~~~~~~~~~~~~~~
  node_modules/.bun/@types+node@25.2.0/node_modules/@types/node/path/posix.d.ts:3:5
    3     export = path.posix;
          ~~~~~~~~~~~~~~~~~~~~
    'export=' was also declared here.
  node_modules/.bun/@types+node@25.2.0/node_modules/@types/node/path/posix.d.ts:7:5
    7     export = path.posix;
          ~~~~~~~~~~~~~~~~~~~~
    and here.
node_modules/.bun/@types+node@25.1.0/node_modules/@types/node/path/win32.d.ts:3:5 - error TS2300: Duplicate identifier 'export='.
3     export = path.win32;
      ~~~~~~~~~~~~~~~~~~~~
  node_modules/.bun/@types+node@25.2.0/node_modules/@types/node/path/win32.d.ts:3:5
    3     export = path.win32;
          ~~~~~~~~~~~~~~~~~~~~
    'export=' was also declared here.
  node_modules/.bun/@types+node@25.2.0/node_modules/@types/node/path/win32.d.ts:7:5
    7     export = path.win32;
          ~~~~~~~~~~~~~~~~~~~~
    and here.
node_modules/.bun/@types+node@25.1.0/node_modules/@types/node/path/win32.d.ts:7:5 - error TS2300: Duplicate identifier 'export='.
7     export = path.win32;
      ~~~~~~~~~~~~~~~~~~~~
  node_modules/.bun/@types+node@25.2.0/node_modules/@types/node/path/win32.d.ts:3:5
    3     export = path.win32;
          ~~~~~~~~~~~~~~~~~~~~
    'export=' was also declared here.
  node_modules/.bun/@types+node@25.2.0/node_modules/@types/node/path/win32.d.ts:7:5
    7     export = path.win32;
          ~~~~~~~~~~~~~~~~~~~~
    and here.
node_modules/.bun/@types+node@25.1.0/node_modules/@types/node/perf_hooks.d.ts:32:1 - error TS6200: Definitions of the following identifiers conflict with those in another file: EntryType, PerformanceEntryList, PerformanceNodeEntry, NODE_PERFORMANCE_GC_MAJOR, NODE_PERFORMANCE_GC_MINOR, NODE_PERFORMANCE_GC_INCREMENTAL, NODE_PERFORMANCE_GC_WEAKCB, NODE_PERFORMANCE_GC_FLAGS_NO, NODE_PERFORMANCE_GC_FLAGS_CONSTRUCT_RETAINED, NODE_PERFORMANCE_GC_FLAGS_FORCED, NODE_PERFORMANCE_GC_FLAGS_SYNCHRONOUS_PHANTOM_PROCESSING, NODE_PERFORMANCE_GC_FLAGS_ALL_AVAILABLE_GARBAGE, NODE_PERFORMANCE_GC_FLAGS_ALL_EXTERNAL_MEMORY, NODE_PERFORMANCE_GC_FLAGS_SCHEDULE_IDLE
32 declare module "node:perf_hooks" {
   ~~~~~~~
  node_modules/.bun/@types+node@25.2.0/node_modules/@types/node/perf_hooks.d.ts:32:1
    32 declare module "node:perf_hooks" {
       ~~~~~~~
    Conflicts are in this file.
node_modules/.bun/@types+node@25.1.0/node_modules/@types/node/perf_hooks.d.ts:308:15 - error TS2310: Type 'PerformanceTimerifyOptions' recursively references itself as a base type.
308     interface PerformanceTimerifyOptions {
                  ~~~~~~~~~~~~~~~~~~~~~~~~~~
node_modules/.bun/@types+node@25.1.0/node_modules/@types/node/perf_hooks.d.ts:617:15 - error TS2310: Type 'TimerifyOptions' recursively references itself as a base type.
617     interface TimerifyOptions extends PerformanceTimerifyOptions {}
                  ~~~~~~~~~~~~~~~
node_modules/.bun/@types+node@25.1.0/node_modules/@types/node/process.d.ts:1:1 - error TS6200: Definitions of the following identifiers conflict with those in another file: process, ProcessEventMap, Platform, Architecture, Signals, UncaughtExceptionOrigin, BeforeExitListener, DisconnectListener, ExitListener, MessageListener, RejectionHandledListener, SignalsListener, UncaughtExceptionListener, UnhandledRejectionListener, WarningListener, WorkerListener
1 declare module "node:process" {
  ~~~~~~~
  node_modules/.bun/@types+node@25.2.0/node_modules/@types/node/process.d.ts:1:1
    1 declare module "node:process" {
      ~~~~~~~
    Conflicts are in this file.
node_modules/.bun/@types+node@25.1.0/node_modules/@types/node/punycode.d.ts:87:11 - error TS2451: Cannot redeclare block-scoped variable 'ucs2'.
87     const ucs2: ucs2;
             ~~~~
  node_modules/.bun/@types+node@25.2.0/node_modules/@types/node/punycode.d.ts:87:11
    87     const ucs2: ucs2;
                 ~~~~
    'ucs2' was also declared here.
  node_modules/.bun/@types+node@25.2.0/node_modules/@types/node/punycode.d.ts:88:15
    88     interface ucs2 {
                     ~~~~
    and here.
node_modules/.bun/@types+node@25.1.0/node_modules/@types/node/punycode.d.ts:88:15 - error TS2451: Cannot redeclare block-scoped variable 'ucs2'.
88     interface ucs2 {
                 ~~~~
  node_modules/.bun/@types+node@25.2.0/node_modules/@types/node/punycode.d.ts:87:11
    87     const ucs2: ucs2;
                 ~~~~
    'ucs2' was also declared here.
  node_modules/.bun/@types+node@25.2.0/node_modules/@types/node/punycode.d.ts:88:15
    88     interface ucs2 {
                     ~~~~
    and here.
node_modules/.bun/@types+node@25.1.0/node_modules/@types/node/punycode.d.ts:113:11 - error TS2451: Cannot redeclare block-scoped variable 'version'.
113     const version: string;
              ~~~~~~~
  node_modules/.bun/@types+node@25.2.0/node_modules/@types/node/punycode.d.ts:113:11
    113     const version: string;
                  ~~~~~~~
    'version' was also declared here.
node_modules/.bun/@types+node@25.1.0/node_modules/@types/node/querystring.d.ts:118:11 - error TS2451: Cannot redeclare block-scoped variable 'encode'.
118     const encode: typeof stringify;
              ~~~~~~
  node_modules/.bun/@types+node@25.2.0/node_modules/@types/node/querystring.d.ts:118:11
    118     const encode: typeof stringify;
                  ~~~~~~
    'encode' was also declared here.
node_modules/.bun/@types+node@25.1.0/node_modules/@types/node/querystring.d.ts:122:11 - error TS2451: Cannot redeclare block-scoped variable 'decode'.
122     const decode: typeof parse;
              ~~~~~~
  node_modules/.bun/@types+node@25.2.0/node_modules/@types/node/querystring.d.ts:122:11
    122     const decode: typeof parse;
                  ~~~~~~
    'decode' was also declared here.
node_modules/.bun/@types+node@25.1.0/node_modules/@types/node/quic.d.ts:14:1 - error TS6200: Definitions of the following identifiers conflict with those in another file: OnSessionCallback, OnStreamCallback, OnDatagramCallback, OnDatagramStatusCallback, OnPathValidationCallback, OnSessionTicketCallback, OnVersionNegotiationCallback, OnHandshakeCallback, OnBlockedCallback, OnStreamErrorCallback, QuicEndpoint, QuicSession, QuicStream, RENO, CUBIC, BBR, DEFAULT_CIPHERS, DEFAULT_GROUPS
14 declare module "node:quic" {
   ~~~~~~~
  node_modules/.bun/@types+node@25.2.0/node_modules/@types/node/quic.d.ts:14:1
    14 declare module "node:quic" {
       ~~~~~~~
    Conflicts are in this file.
node_modules/.bun/@types+node@25.1.0/node_modules/@types/node/readline.d.ts:62:11 - error TS2300: Duplicate identifier 'Interface'.
62     class Interface implements EventEmitter, Disposable {
             ~~~~~~~~~
  node_modules/.bun/@types+node@25.2.0/node_modules/@types/node/readline.d.ts:62:11
    62     class Interface implements EventEmitter, Disposable {
                 ~~~~~~~~~
    'Interface' was also declared here.
  node_modules/.bun/@types+node@25.2.0/node_modules/@types/node/readline.d.ts:257:15
    257     interface Interface extends InternalEventEmitter<InterfaceEventMap> {}
                      ~~~~~~~~~
    and here.
node_modules/.bun/@types+node@25.1.0/node_modules/@types/node/readline.d.ts:257:15 - error TS2300: Duplicate identifier 'Interface'.
257     interface Interface extends InternalEventEmitter<InterfaceEventMap> {}
                  ~~~~~~~~~
  node_modules/.bun/@types+node@25.2.0/node_modules/@types/node/readline.d.ts:62:11
    62     class Interface implements EventEmitter, Disposable {
                 ~~~~~~~~~
    'Interface' was also declared here.
  node_modules/.bun/@types+node@25.2.0/node_modules/@types/node/readline.d.ts:257:15
    257     interface Interface extends InternalEventEmitter<InterfaceEventMap> {}
                      ~~~~~~~~~
    and here.
node_modules/.bun/@types+node@25.1.0/node_modules/@types/node/readline.d.ts:258:10 - error TS2300: Duplicate identifier 'ReadLine'.
258     type ReadLine = Interface; // type forwarded for backwards compatibility
             ~~~~~~~~
  node_modules/.bun/@types+node@25.2.0/node_modules/@types/node/readline.d.ts:258:10
    258     type ReadLine = Interface; // type forwarded for backwards compatibility
                 ~~~~~~~~
    'ReadLine' was also declared here.
node_modules/.bun/@types+node@25.1.0/node_modules/@types/node/readline.d.ts:259:10 - error TS2300: Duplicate identifier 'Completer'.
259     type Completer = (line: string) => CompleterResult;
             ~~~~~~~~~
  node_modules/.bun/@types+node@25.2.0/node_modules/@types/node/readline.d.ts:259:10
    259     type Completer = (line: string) => CompleterResult;
                 ~~~~~~~~~
    'Completer' was also declared here.
node_modules/.bun/@types+node@25.1.0/node_modules/@types/node/readline.d.ts:260:10 - error TS2300: Duplicate identifier 'AsyncCompleter'.
260     type AsyncCompleter = (
             ~~~~~~~~~~~~~~
  node_modules/.bun/@types+node@25.2.0/node_modules/@types/node/readline.d.ts:260:10
    260     type AsyncCompleter = (
                 ~~~~~~~~~~~~~~
    'AsyncCompleter' was also declared here.
node_modules/.bun/@types+node@25.1.0/node_modules/@types/node/readline.d.ts:264:10 - error TS2300: Duplicate identifier 'CompleterResult'.
264     type CompleterResult = [string[], string];
             ~~~~~~~~~~~~~~~
  node_modules/.bun/@types+node@25.2.0/node_modules/@types/node/readline.d.ts:264:10
    264     type CompleterResult = [string[], string];
                 ~~~~~~~~~~~~~~~
    'CompleterResult' was also declared here.
node_modules/.bun/@types+node@25.1.0/node_modules/@types/node/readline.d.ts:498:10 - error TS2300: Duplicate identifier 'Direction'.
498     type Direction = -1 | 0 | 1;
             ~~~~~~~~~
  node_modules/.bun/@types+node@25.2.0/node_modules/@types/node/readline.d.ts:498:10
    498     type Direction = -1 | 0 | 1;
                 ~~~~~~~~~
    'Direction' was also declared here.
node_modules/.bun/@types+node@25.1.0/node_modules/@types/node/readline.d.ts:537:17 - error TS2300: Duplicate identifier 'promises'.
537     export * as promises from "node:readline/promises";
                    ~~~~~~~~
  node_modules/.bun/@types+node@25.2.0/node_modules/@types/node/readline.d.ts:537:17
    537     export * as promises from "node:readline/promises";
                        ~~~~~~~~
    'promises' was also declared here.
node_modules/.bun/@types+node@25.1.0/node_modules/@types/node/readline/promises.d.ts:19:11 - error TS2300: Duplicate identifier 'Interface'.
19     class Interface extends _Interface {
             ~~~~~~~~~
  node_modules/.bun/@types+node@25.2.0/node_modules/@types/node/readline/promises.d.ts:19:11
    19     class Interface extends _Interface {
                 ~~~~~~~~~
    'Interface' was also declared here.
node_modules/.bun/@types+node@25.1.0/node_modules/@types/node/readline/promises.d.ts:60:11 - error TS2300: Duplicate identifier 'Readline'.
60     class Readline {
             ~~~~~~~~
  node_modules/.bun/@types+node@25.2.0/node_modules/@types/node/readline/promises.d.ts:60:11
    60     class Readline {
                 ~~~~~~~~
    'Readline' was also declared here.
node_modules/.bun/@types+node@25.1.0/node_modules/@types/node/readline/promises.d.ts:118:10 - error TS2300: Duplicate identifier 'Completer'.
118     type Completer = (line: string) => CompleterResult | Promise<CompleterResult>;
             ~~~~~~~~~
  node_modules/.bun/@types+node@25.2.0/node_modules/@types/node/readline/promises.d.ts:118:10
    118     type Completer = (line: string) => CompleterResult | Promise<CompleterResult>;
                 ~~~~~~~~~
    'Completer' was also declared here.
node_modules/.bun/@types+node@25.1.0/node_modules/@types/node/repl.d.ts:11:1 - error TS6200: Definitions of the following identifiers conflict with those in another file: REPLEval, REPLWriter, writer, REPLCommandAction, REPLServer, REPL_MODE_SLOPPY, REPL_MODE_STRICT, Recoverable
11 declare module "node:repl" {
   ~~~~~~~
  node_modules/.bun/@types+node@25.2.0/node_modules/@types/node/repl.d.ts:11:1
    11 declare module "node:repl" {
       ~~~~~~~
    Conflicts are in this file.
node_modules/.bun/@types+node@25.1.0/node_modules/@types/node/repl.d.ts:92:9 - error TS2717: Subsequent property declarations must have the same type.  Property 'replMode' must be of type 'unique symbol | unique symbol', but here has type 'unique symbol | unique symbol'.
92         replMode?: typeof REPL_MODE_SLOPPY | typeof REPL_MODE_STRICT | undefined;
           ~~~~~~~~
  node_modules/.bun/@types+node@25.2.0/node_modules/@types/node/repl.d.ts:92:9
    92         replMode?: typeof REPL_MODE_SLOPPY | typeof REPL_MODE_STRICT | undefined;
               ~~~~~~~~
    'replMode' was also declared here.
node_modules/.bun/@types+node@25.1.0/node_modules/@types/node/sea.d.ts:117:10 - error TS2300: Duplicate identifier 'AssetKey'.
117     type AssetKey = string;
             ~~~~~~~~
  node_modules/.bun/@types+node@25.2.0/node_modules/@types/node/sea.d.ts:117:10
    117     type AssetKey = string;
                 ~~~~~~~~
    'AssetKey' was also declared here.
node_modules/.bun/@types+node@25.1.0/node_modules/@types/node/sqlite.d.ts:45:1 - error TS6200: Definitions of the following identifiers conflict with those in another file: SQLInputValue, SQLOutputValue, DatabaseSync, StatementSync, SQLITE_CHANGESET_DATA, SQLITE_CHANGESET_NOTFOUND, SQLITE_CHANGESET_CONFLICT, SQLITE_CHANGESET_FOREIGN_KEY, SQLITE_CHANGESET_OMIT, SQLITE_CHANGESET_REPLACE, SQLITE_CHANGESET_ABORT, SQLITE_DENY, SQLITE_IGNORE, SQLITE_OK, SQLITE_CREATE_INDEX, SQLITE_CREATE_TABLE, SQLITE_CREATE_TEMP_INDEX, SQLITE_CREATE_TEMP_TABLE, SQLITE_CREATE_TEMP_TRIGGER, SQLITE_CREATE_TEMP_VIEW, SQLITE_CREATE_TRIGGER, SQLITE_CREATE_VIEW, SQLITE_DELETE, SQLITE_DROP_INDEX, SQLITE_DROP_TABLE, SQLITE_DROP_TEMP_INDEX, SQLITE_DROP_TEMP_TABLE, SQLITE_DROP_TEMP_TRIGGER, SQLITE_DROP_TEMP_VIEW, SQLITE_DROP_TRIGGER, SQLITE_DROP_VIEW, SQLITE_INSERT, SQLITE_PRAGMA, SQLITE_READ, SQLITE_SELECT, SQLITE_TRANSACTION, SQLITE_UPDATE, SQLITE_ATTACH, SQLITE_DETACH, SQLITE_ALTER_TABLE, SQLITE_REINDEX, SQLITE_ANALYZE, SQLITE_CREATE_VTABLE, SQLITE_DROP_VTABLE, SQLITE_FUNCTION, SQLITE_SAVEPOINT, SQLITE_COPY, SQLITE_RECURSIVE
45 declare module "node:sqlite" {
   ~~~~~~~
  node_modules/.bun/@types+node@25.2.0/node_modules/@types/node/sqlite.d.ts:45:1
    45 declare module "node:sqlite" {
       ~~~~~~~
    Conflicts are in this file.
node_modules/.bun/@types+node@25.1.0/node_modules/@types/node/stream.d.ts:1755:14 - error TS2300: Duplicate identifier 'Stream'.
1755     export = Stream;
                  ~~~~~~
  node_modules/.bun/@types+node@25.2.0/node_modules/@types/node/stream.d.ts:1755:14
    1755     export = Stream;
                      ~~~~~~
    'Stream' was also declared here.
node_modules/.bun/@types+node@25.1.0/node_modules/@types/node/stream.d.ts:1759:14 - error TS2300: Duplicate identifier 'stream'.
1759     export = stream;
                  ~~~~~~
  node_modules/.bun/@types+node@25.2.0/node_modules/@types/node/stream.d.ts:1759:14
    1759     export = stream;
                      ~~~~~~
    'stream' was also declared here.
node_modules/.bun/@types+node@25.1.0/node_modules/@types/node/stream/promises.d.ts:55:10 - error TS2300: Duplicate identifier 'PipelineResult'.
55     type PipelineResult<S extends PipelineDestination<any, any>> = S extends (...args: any[]) => PromiseLike<infer R>
            ~~~~~~~~~~~~~~
  node_modules/.bun/@types+node@25.2.0/node_modules/@types/node/stream/promises.d.ts:55:10
    55     type PipelineResult<S extends PipelineDestination<any, any>> = S extends (...args: any[]) => PromiseLike<infer R>
                ~~~~~~~~~~~~~~
    'PipelineResult' was also declared here.
node_modules/.bun/@types+node@25.1.0/node_modules/@types/node/stream/web.d.ts:3:10 - error TS2300: Duplicate identifier 'CompressionFormat'.
3     type CompressionFormat = "brotli" | "deflate" | "deflate-raw" | "gzip";
           ~~~~~~~~~~~~~~~~~
  node_modules/.bun/@types+node@25.2.0/node_modules/@types/node/stream/web.d.ts:3:10
    3     type CompressionFormat = "brotli" | "deflate" | "deflate-raw" | "gzip";
               ~~~~~~~~~~~~~~~~~
    'CompressionFormat' was also declared here.
node_modules/.bun/@types+node@25.1.0/node_modules/@types/node/stream/web.d.ts:4:10 - error TS2300: Duplicate identifier 'ReadableStreamController'.
4     type ReadableStreamController<T> = ReadableStreamDefaultController<T> | ReadableByteStreamController;
           ~~~~~~~~~~~~~~~~~~~~~~~~
  node_modules/.bun/@types+node@25.2.0/node_modules/@types/node/stream/web.d.ts:4:10
    4     type ReadableStreamController<T> = ReadableStreamDefaultController<T> | ReadableByteStreamController;
               ~~~~~~~~~~~~~~~~~~~~~~~~
    'ReadableStreamController' was also declared here.
node_modules/.bun/@types+node@25.1.0/node_modules/@types/node/stream/web.d.ts:5:10 - error TS2300: Duplicate identifier 'ReadableStreamReader'.
5     type ReadableStreamReader<T> = ReadableStreamDefaultReader<T> | ReadableStreamBYOBReader;
           ~~~~~~~~~~~~~~~~~~~~
  node_modules/.bun/@types+node@25.2.0/node_modules/@types/node/stream/web.d.ts:5:10
    5     type ReadableStreamReader<T> = ReadableStreamDefaultReader<T> | ReadableStreamBYOBReader;
               ~~~~~~~~~~~~~~~~~~~~
    'ReadableStreamReader' was also declared here.
node_modules/.bun/@types+node@25.1.0/node_modules/@types/node/stream/web.d.ts:6:10 - error TS2300: Duplicate identifier 'ReadableStreamReaderMode'.
6     type ReadableStreamReaderMode = "byob";
           ~~~~~~~~~~~~~~~~~~~~~~~~
  node_modules/.bun/@types+node@25.2.0/node_modules/@types/node/stream/web.d.ts:6:10
    6     type ReadableStreamReaderMode = "byob";
               ~~~~~~~~~~~~~~~~~~~~~~~~
    'ReadableStreamReaderMode' was also declared here.
node_modules/.bun/@types+node@25.1.0/node_modules/@types/node/stream/web.d.ts:7:10 - error TS2300: Duplicate identifier 'ReadableStreamReadResult'.
7     type ReadableStreamReadResult<T> = ReadableStreamReadValueResult<T> | ReadableStreamReadDoneResult<T>;
           ~~~~~~~~~~~~~~~~~~~~~~~~
  node_modules/.bun/@types+node@25.2.0/node_modules/@types/node/stream/web.d.ts:7:10
    7     type ReadableStreamReadResult<T> = ReadableStreamReadValueResult<T> | ReadableStreamReadDoneResult<T>;
               ~~~~~~~~~~~~~~~~~~~~~~~~
    'ReadableStreamReadResult' was also declared here.
node_modules/.bun/@types+node@25.1.0/node_modules/@types/node/stream/web.d.ts:8:10 - error TS2300: Duplicate identifier 'ReadableStreamType'.
8     type ReadableStreamType = "bytes";
           ~~~~~~~~~~~~~~~~~~
  node_modules/.bun/@types+node@25.2.0/node_modules/@types/node/stream/web.d.ts:8:10
    8     type ReadableStreamType = "bytes";
               ~~~~~~~~~~~~~~~~~~
    'ReadableStreamType' was also declared here.
node_modules/.bun/@types+node@25.1.0/node_modules/@types/node/string_decoder.d.ts:42:11 - error TS2300: Duplicate identifier 'StringDecoder'.
42     class StringDecoder {
             ~~~~~~~~~~~~~
  node_modules/.bun/@types+node@25.2.0/node_modules/@types/node/string_decoder.d.ts:42:11
    42     class StringDecoder {
                 ~~~~~~~~~~~~~
    'StringDecoder' was also declared here.
node_modules/.bun/@types+node@25.1.0/node_modules/@types/node/test.d.ts:2238:14 - error TS2300: Duplicate identifier 'test'.
2238     export = test;
                  ~~~~
  node_modules/.bun/@types+node@25.2.0/node_modules/@types/node/test.d.ts:2238:14
    2238     export = test;
                      ~~~~
    'test' was also declared here.
node_modules/.bun/@types+node@25.1.0/node_modules/@types/node/test/reporters.d.ts:95:14 - error TS2300: Duplicate identifier 'dot'.
95     export { dot, junit, lcov, spec, tap, TestEvent };
                ~~~
  node_modules/.bun/@types+node@25.2.0/node_modules/@types/node/test/reporters.d.ts:95:14
    95     export { dot, junit, lcov, spec, tap, TestEvent };
                    ~~~
    'dot' was also declared here.
node_modules/.bun/@types+node@25.1.0/node_modules/@types/node/test/reporters.d.ts:95:19 - error TS2300: Duplicate identifier 'junit'.
95     export { dot, junit, lcov, spec, tap, TestEvent };
                     ~~~~~
  node_modules/.bun/@types+node@25.2.0/node_modules/@types/node/test/reporters.d.ts:95:19
    95     export { dot, junit, lcov, spec, tap, TestEvent };
                         ~~~~~
    'junit' was also declared here.
node_modules/.bun/@types+node@25.1.0/node_modules/@types/node/test/reporters.d.ts:95:26 - error TS2300: Duplicate identifier 'lcov'.
95     export { dot, junit, lcov, spec, tap, TestEvent };
                            ~~~~
  node_modules/.bun/@types+node@25.2.0/node_modules/@types/node/test/reporters.d.ts:95:26
    95     export { dot, junit, lcov, spec, tap, TestEvent };
                                ~~~~
    'lcov' was also declared here.
node_modules/.bun/@types+node@25.1.0/node_modules/@types/node/test/reporters.d.ts:95:32 - error TS2300: Duplicate identifier 'spec'.
95     export { dot, junit, lcov, spec, tap, TestEvent };
                                  ~~~~
  node_modules/.bun/@types+node@25.2.0/node_modules/@types/node/test/reporters.d.ts:95:32
    95     export { dot, junit, lcov, spec, tap, TestEvent };
                                      ~~~~
    'spec' was also declared here.
node_modules/.bun/@types+node@25.1.0/node_modules/@types/node/test/reporters.d.ts:95:38 - error TS2300: Duplicate identifier 'tap'.
95     export { dot, junit, lcov, spec, tap, TestEvent };
                                        ~~~
  node_modules/.bun/@types+node@25.2.0/node_modules/@types/node/test/reporters.d.ts:95:38
    95     export { dot, junit, lcov, spec, tap, TestEvent };
                                            ~~~
    'tap' was also declared here.
node_modules/.bun/@types+node@25.1.0/node_modules/@types/node/test/reporters.d.ts:95:43 - error TS2300: Duplicate identifier 'TestEvent'.
95     export { dot, junit, lcov, spec, tap, TestEvent };
                                             ~~~~~~~~~
  node_modules/.bun/@types+node@25.2.0/node_modules/@types/node/test/reporters.d.ts:95:43
    95     export { dot, junit, lcov, spec, tap, TestEvent };
                                                 ~~~~~~~~~
    'TestEvent' was also declared here.
node_modules/.bun/@types+node@25.1.0/node_modules/@types/node/timers.d.ts:155:14 - error TS2300: Duplicate identifier 'clearImmediate'.
155     export { clearImmediate, clearInterval, clearTimeout, promises, setImmediate, setInterval, setTimeout };
                 ~~~~~~~~~~~~~~
  node_modules/.bun/@types+node@25.2.0/node_modules/@types/node/timers.d.ts:155:14
    155     export { clearImmediate, clearInterval, clearTimeout, promises, setImmediate, setInterval, setTimeout };
                     ~~~~~~~~~~~~~~
    'clearImmediate' was also declared here.
node_modules/.bun/@types+node@25.1.0/node_modules/@types/node/timers.d.ts:155:30 - error TS2300: Duplicate identifier 'clearInterval'.
155     export { clearImmediate, clearInterval, clearTimeout, promises, setImmediate, setInterval, setTimeout };
                                 ~~~~~~~~~~~~~
  node_modules/.bun/@types+node@25.2.0/node_modules/@types/node/timers.d.ts:155:30
    155     export { clearImmediate, clearInterval, clearTimeout, promises, setImmediate, setInterval, setTimeout };
                                     ~~~~~~~~~~~~~
    'clearInterval' was also declared here.
node_modules/.bun/@types+node@25.1.0/node_modules/@types/node/timers.d.ts:155:45 - error TS2300: Duplicate identifier 'clearTimeout'.
155     export { clearImmediate, clearInterval, clearTimeout, promises, setImmediate, setInterval, setTimeout };
                                                ~~~~~~~~~~~~
  node_modules/.bun/@types+node@25.2.0/node_modules/@types/node/timers.d.ts:155:45
    155     export { clearImmediate, clearInterval, clearTimeout, promises, setImmediate, setInterval, setTimeout };
                                                    ~~~~~~~~~~~~
    'clearTimeout' was also declared here.
node_modules/.bun/@types+node@25.1.0/node_modules/@types/node/timers.d.ts:155:59 - error TS2300: Duplicate identifier 'promises'.
155     export { clearImmediate, clearInterval, clearTimeout, promises, setImmediate, setInterval, setTimeout };
                                                              ~~~~~~~~
  node_modules/.bun/@types+node@25.2.0/node_modules/@types/node/timers.d.ts:155:59
    155     export { clearImmediate, clearInterval, clearTimeout, promises, setImmediate, setInterval, setTimeout };
                                                                  ~~~~~~~~
    'promises' was also declared here.
node_modules/.bun/@types+node@25.1.0/node_modules/@types/node/timers.d.ts:155:69 - error TS2300: Duplicate identifier 'setImmediate'.
155     export { clearImmediate, clearInterval, clearTimeout, promises, setImmediate, setInterval, setTimeout };
                                                                        ~~~~~~~~~~~~
  node_modules/.bun/@types+node@25.2.0/node_modules/@types/node/timers.d.ts:155:69
    155     export { clearImmediate, clearInterval, clearTimeout, promises, setImmediate, setInterval, setTimeout };
                                                                            ~~~~~~~~~~~~
    'setImmediate' was also declared here.
node_modules/.bun/@types+node@25.1.0/node_modules/@types/node/timers.d.ts:155:83 - error TS2300: Duplicate identifier 'setInterval'.
155     export { clearImmediate, clearInterval, clearTimeout, promises, setImmediate, setInterval, setTimeout };
                                                                                      ~~~~~~~~~~~
  node_modules/.bun/@types+node@25.2.0/node_modules/@types/node/timers.d.ts:155:83
    155     export { clearImmediate, clearInterval, clearTimeout, promises, setImmediate, setInterval, setTimeout };
                                                                                          ~~~~~~~~~~~
    'setInterval' was also declared here.
node_modules/.bun/@types+node@25.1.0/node_modules/@types/node/timers.d.ts:155:96 - error TS2300: Duplicate identifier 'setTimeout'.
155     export { clearImmediate, clearInterval, clearTimeout, promises, setImmediate, setInterval, setTimeout };
                                                                                                   ~~~~~~~~~~
  node_modules/.bun/@types+node@25.2.0/node_modules/@types/node/timers.d.ts:155:96
    155     export { clearImmediate, clearInterval, clearTimeout, promises, setImmediate, setInterval, setTimeout };
                                                                                                       ~~~~~~~~~~
    'setTimeout' was also declared here.
node_modules/.bun/@types+node@25.1.0/node_modules/@types/node/timers/promises.d.ts:104:11 - error TS2451: Cannot redeclare block-scoped variable 'scheduler'.
104     const scheduler: Scheduler;
              ~~~~~~~~~
  node_modules/.bun/@types+node@25.2.0/node_modules/@types/node/timers/promises.d.ts:104:11
    104     const scheduler: Scheduler;
                  ~~~~~~~~~
    'scheduler' was also declared here.
node_modules/.bun/@types+node@25.1.0/node_modules/@types/node/tls.d.ts:11:1 - error TS6200: Definitions of the following identifiers conflict with those in another file: CLIENT_RENEG_LIMIT, CLIENT_RENEG_WINDOW, TLSSocket, Server, SecureVersion, DEFAULT_ECDH_CURVE, DEFAULT_MAX_VERSION, DEFAULT_MIN_VERSION, DEFAULT_CIPHERS, rootCertificates
11 declare module "node:tls" {
   ~~~~~~~
  node_modules/.bun/@types+node@25.2.0/node_modules/@types/node/tls.d.ts:11:1
    11 declare module "node:tls" {
       ~~~~~~~
    Conflicts are in this file.
node_modules/.bun/@types+node@25.1.0/node_modules/@types/node/tty.d.ts:41:11 - error TS2300: Duplicate identifier 'ReadStream'.
41     class ReadStream extends net.Socket {
             ~~~~~~~~~~
  node_modules/.bun/@types+node@25.2.0/node_modules/@types/node/tty.d.ts:41:11
    41     class ReadStream extends net.Socket {
                 ~~~~~~~~~~
    'ReadStream' was also declared here.
node_modules/.bun/@types+node@25.1.0/node_modules/@types/node/tty.d.ts:77:10 - error TS2300: Duplicate identifier 'Direction'.
77     type Direction = -1 | 0 | 1;
            ~~~~~~~~~
  node_modules/.bun/@types+node@25.2.0/node_modules/@types/node/tty.d.ts:77:10
    77     type Direction = -1 | 0 | 1;
                ~~~~~~~~~
    'Direction' was also declared here.
node_modules/.bun/@types+node@25.1.0/node_modules/@types/node/tty.d.ts:86:11 - error TS2300: Duplicate identifier 'WriteStream'.
86     class WriteStream extends net.Socket {
             ~~~~~~~~~~~
  node_modules/.bun/@types+node@25.2.0/node_modules/@types/node/tty.d.ts:86:11
    86     class WriteStream extends net.Socket {
                 ~~~~~~~~~~~
    'WriteStream' was also declared here.
node_modules/.bun/@types+node@25.1.0/node_modules/@types/node/url.d.ts:422:10 - error TS2300: Duplicate identifier 'URLPatternInput'.
422     type URLPatternInput = string | URLPatternInit;
             ~~~~~~~~~~~~~~~
  node_modules/.bun/@types+node@25.2.0/node_modules/@types/node/url.d.ts:422:10
    422     type URLPatternInput = string | URLPatternInit;
                 ~~~~~~~~~~~~~~~
    'URLPatternInput' was also declared here.
node_modules/.bun/@types+node@25.1.0/node_modules/@types/node/util.d.ts:11:1 - error TS6200: Definitions of the following identifiers conflict with those in another file: custom, colors, styles, defaultOptions, replDefaults, types, InspectStyle, InspectColorModifier, InspectColorForeground, InspectColorBackground, InspectColor, Style, CustomInspectFunction, Modifiers, ForegroundColors, BackgroundColors, DiffEntry, DebugLoggerFunction, debug, CustomPromisify, ParseArgsOptionsType, MIMEType, MIMEParams
11 declare module "node:util" {
   ~~~~~~~
  node_modules/.bun/@types+node@25.2.0/node_modules/@types/node/util.d.ts:11:1
    11 declare module "node:util" {
       ~~~~~~~
    Conflicts are in this file.
node_modules/.bun/@types+node@25.1.0/node_modules/@types/node/util.d.ts:1314:9 - error TS2374: Duplicate index signature for type 'string'.
1314         [longOption: string]: ParseArgsOptionDescriptor;
             ~~~~~~~~~~~~~~~~~~~~~~~~~~~~~~~~~~~~~~~~~~~~~~~~
node_modules/.bun/@types+node@25.1.0/node_modules/@types/node/v8.d.ts:9:1 - error TS6200: Definitions of the following identifiers conflict with those in another file: DoesZapCodeSpaceFlag, Serializer, DefaultSerializer, Deserializer, DefaultDeserializer, GCProfiler, promiseHooks, StartupSnapshotCallbackFn
9 declare module "node:v8" {
  ~~~~~~~
  node_modules/.bun/@types+node@25.2.0/node_modules/@types/node/v8.d.ts:9:1
    9 declare module "node:v8" {
      ~~~~~~~
    Conflicts are in this file.
node_modules/.bun/@types+node@25.1.0/node_modules/@types/node/vm.d.ts:39:1 - error TS6200: Definitions of the following identifiers conflict with those in another file: DynamicModuleLoader, MeasureMemoryMode, Script, ModuleLinker, ModuleStatus, Module, SourceTextModule, SyntheticModule, USE_MAIN_CONTEXT_DEFAULT_LOADER, DONT_CONTEXTIFY
39 declare module "node:vm" {
   ~~~~~~~
  node_modules/.bun/@types+node@25.2.0/node_modules/@types/node/vm.d.ts:39:1
    39 declare module "node:vm" {
       ~~~~~~~
    Conflicts are in this file.
node_modules/.bun/@types+node@25.1.0/node_modules/@types/node/wasi.d.ts:136:11 - error TS2300: Duplicate identifier 'WASI'.
136     class WASI {
              ~~~~
  node_modules/.bun/@types+node@25.2.0/node_modules/@types/node/wasi.d.ts:136:11
    136     class WASI {
                  ~~~~
    'WASI' was also declared here.
node_modules/.bun/@types+node@25.1.0/node_modules/@types/node/web-globals/timers.d.ts:18:18 - error TS2300: Duplicate identifier '__promisify__'.
18         export { __promisify__ };
                    ~~~~~~~~~~~~~
  node_modules/.bun/@types+node@25.2.0/node_modules/@types/node/web-globals/timers.d.ts:18:18
    18         export { __promisify__ };
                        ~~~~~~~~~~~~~
    '__promisify__' was also declared here.
  node_modules/.bun/@types+node@25.2.0/node_modules/@types/node/web-globals/timers.d.ts:34:18
    34         export { __promisify__ };
                        ~~~~~~~~~~~~~
    and here.
node_modules/.bun/@types+node@25.1.0/node_modules/@types/node/web-globals/timers.d.ts:34:18 - error TS2300: Duplicate identifier '__promisify__'.
34         export { __promisify__ };
                    ~~~~~~~~~~~~~
  node_modules/.bun/@types+node@25.2.0/node_modules/@types/node/web-globals/timers.d.ts:18:18
    18         export { __promisify__ };
                        ~~~~~~~~~~~~~
    '__promisify__' was also declared here.
  node_modules/.bun/@types+node@25.2.0/node_modules/@types/node/web-globals/timers.d.ts:34:18
    34         export { __promisify__ };
                        ~~~~~~~~~~~~~
    and here.
node_modules/.bun/@types+node@25.1.0/node_modules/@types/node/worker_threads.d.ts:57:1 - error TS6200: Definitions of the following identifiers conflict with those in another file: isInternalThread, isMainThread, parentPort, resourceLimits, SHARE_ENV, threadId, threadName, workerData, TransferListItem, Worker, Serializable, LockMode, Transferable, structuredClone
57 declare module "node:worker_threads" {
   ~~~~~~~
  node_modules/.bun/@types+node@25.2.0/node_modules/@types/node/worker_threads.d.ts:57:1
    57 declare module "node:worker_threads" {
       ~~~~~~~
    Conflicts are in this file.
node_modules/.bun/@types+node@25.1.0/node_modules/@types/node/worker_threads.d.ts:92:9 - error TS2717: Subsequent property declarations must have the same type.  Property 'env' must be of type 'Dict<string> | unique symbol', but here has type 'Dict<string> | unique symbol'.
92         env?: NodeJS.Dict<string> | typeof SHARE_ENV | undefined;
           ~~~
  node_modules/.bun/@types+node@25.2.0/node_modules/@types/node/worker_threads.d.ts:92:9
    92         env?: NodeJS.Dict<string> | typeof SHARE_ENV | undefined;
               ~~~
    'env' was also declared here.
node_modules/.bun/@types+node@25.1.0/node_modules/@types/node/zlib.d.ts:94:1 - error TS6200: Definitions of the following identifiers conflict with those in another file: InputType, CompressCallback, BROTLI_DECODE, BROTLI_DECODER_ERROR_ALLOC_BLOCK_TYPE_TREES, BROTLI_DECODER_ERROR_ALLOC_CONTEXT_MAP, BROTLI_DECODER_ERROR_ALLOC_CONTEXT_MODES, BROTLI_DECODER_ERROR_ALLOC_RING_BUFFER_1, BROTLI_DECODER_ERROR_ALLOC_RING_BUFFER_2, BROTLI_DECODER_ERROR_ALLOC_TREE_GROUPS, BROTLI_DECODER_ERROR_DICTIONARY_NOT_SET, BROTLI_DECODER_ERROR_FORMAT_BLOCK_LENGTH_1, BROTLI_DECODER_ERROR_FORMAT_BLOCK_LENGTH_2, BROTLI_DECODER_ERROR_FORMAT_CL_SPACE, BROTLI_DECODER_ERROR_FORMAT_CONTEXT_MAP_REPEAT, BROTLI_DECODER_ERROR_FORMAT_DICTIONARY, BROTLI_DECODER_ERROR_FORMAT_DISTANCE, BROTLI_DECODER_ERROR_FORMAT_EXUBERANT_META_NIBBLE, BROTLI_DECODER_ERROR_FORMAT_EXUBERANT_NIBBLE, BROTLI_DECODER_ERROR_FORMAT_HUFFMAN_SPACE, BROTLI_DECODER_ERROR_FORMAT_PADDING_1, BROTLI_DECODER_ERROR_FORMAT_PADDING_2, BROTLI_DECODER_ERROR_FORMAT_RESERVED, BROTLI_DECODER_ERROR_FORMAT_SIMPLE_HUFFMAN_ALPHABET, BROTLI_DECODER_ERROR_FORMAT_SIMPLE_HUFFMAN_SAME, BROTLI_DECODER_ERROR_FORMAT_TRANSFORM, BROTLI_DECODER_ERROR_FORMAT_WINDOW_BITS, BROTLI_DECODER_ERROR_INVALID_ARGUMENTS, BROTLI_DECODER_ERROR_UNREACHABLE, BROTLI_DECODER_NEEDS_MORE_INPUT, BROTLI_DECODER_NEEDS_MORE_OUTPUT, BROTLI_DECODER_NO_ERROR, BROTLI_DECODER_PARAM_DISABLE_RING_BUFFER_REALLOCATION, BROTLI_DECODER_PARAM_LARGE_WINDOW, BROTLI_DECODER_RESULT_ERROR, BROTLI_DECODER_RESULT_NEEDS_MORE_INPUT, BROTLI_DECODER_RESULT_NEEDS_MORE_OUTPUT, BROTLI_DECODER_RESULT_SUCCESS, BROTLI_DECODER_SUCCESS, BROTLI_DEFAULT_MODE, BROTLI_DEFAULT_QUALITY, BROTLI_DEFAULT_WINDOW, BROTLI_ENCODE, BROTLI_LARGE_MAX_WINDOW_BITS, BROTLI_MAX_INPUT_BLOCK_BITS, BROTLI_MAX_QUALITY, BROTLI_MAX_WINDOW_BITS, BROTLI_MIN_INPUT_BLOCK_BITS, BROTLI_MIN_QUALITY, BROTLI_MIN_WINDOW_BITS, BROTLI_MODE_FONT, BROTLI_MODE_GENERIC, BROTLI_MODE_TEXT, BROTLI_OPERATION_EMIT_METADATA, BROTLI_OPERATION_FINISH, BROTLI_OPERATION_FLUSH, BROTLI_OPERATION_PROCESS, BROTLI_PARAM_DISABLE_LITERAL_CONTEXT_MODELING, BROTLI_PARAM_LARGE_WINDOW, BROTLI_PARAM_LGBLOCK, BROTLI_PARAM_LGWIN, BROTLI_PARAM_MODE, BROTLI_PARAM_NDIRECT, BROTLI_PARAM_NPOSTFIX, BROTLI_PARAM_QUALITY, BROTLI_PARAM_SIZE_HINT, DEFLATE, DEFLATERAW, GUNZIP, GZIP, INFLATE, INFLATERAW, UNZIP, ZLIB_VERNUM, ZSTD_CLEVEL_DEFAULT, ZSTD_COMPRESS, ZSTD_DECOMPRESS, ZSTD_btlazy2, ZSTD_btopt, ZSTD_btultra, ZSTD_btultra2, ZSTD_c_chainLog, ZSTD_c_checksumFlag, ZSTD_c_compressionLevel, ZSTD_c_contentSizeFlag, ZSTD_c_dictIDFlag, ZSTD_c_enableLongDistanceMatching, ZSTD_c_hashLog, ZSTD_c_jobSize, ZSTD_c_ldmBucketSizeLog, ZSTD_c_ldmHashLog, ZSTD_c_ldmHashRateLog, ZSTD_c_ldmMinMatch, ZSTD_c_minMatch, ZSTD_c_nbWorkers, ZSTD_c_overlapLog, ZSTD_c_searchLog, ZSTD_c_strategy, ZSTD_c_targetLength, ZSTD_c_windowLog, ZSTD_d_windowLogMax, ZSTD_dfast, ZSTD_e_continue, ZSTD_e_end, ZSTD_e_flush, ZSTD_error_GENERIC, ZSTD_error_checksum_wrong, ZSTD_error_corruption_detected, ZSTD_error_dictionaryCreation_failed, ZSTD_error_dictionary_corrupted, ZSTD_error_dictionary_wrong, ZSTD_error_dstBuffer_null, ZSTD_error_dstSize_tooSmall, ZSTD_error_frameParameter_unsupported, ZSTD_error_frameParameter_windowTooLarge, ZSTD_error_init_missing, ZSTD_error_literals_headerWrong, ZSTD_error_maxSymbolValue_tooLarge, ZSTD_error_maxSymbolValue_tooSmall, ZSTD_error_memory_allocation, ZSTD_error_noForwardProgress_destFull, ZSTD_error_noForwardProgress_inputEmpty, ZSTD_error_no_error, ZSTD_error_parameter_combination_unsupported, ZSTD_error_parameter_outOfBound, ZSTD_error_parameter_unsupported, ZSTD_error_prefix_unknown, ZSTD_error_srcSize_wrong, ZSTD_error_stabilityCondition_notRespected, ZSTD_error_stage_wrong, ZSTD_error_tableLog_tooLarge, ZSTD_error_version_unsupported, ZSTD_error_workSpace_tooSmall, ZSTD_fast, ZSTD_greedy, ZSTD_lazy, ZSTD_lazy2, Z_BEST_COMPRESSION, Z_BEST_SPEED, Z_BLOCK, Z_BUF_ERROR, Z_DATA_ERROR, Z_DEFAULT_CHUNK, Z_DEFAULT_COMPRESSION, Z_DEFAULT_LEVEL, Z_DEFAULT_MEMLEVEL, Z_DEFAULT_STRATEGY, Z_DEFAULT_WINDOWBITS, Z_ERRNO, Z_FILTERED, Z_FINISH, Z_FIXED, Z_FULL_FLUSH, Z_HUFFMAN_ONLY, Z_MAX_CHUNK, Z_MAX_LEVEL, Z_MAX_MEMLEVEL, Z_MAX_WINDOWBITS, Z_MEM_ERROR, Z_MIN_CHUNK, Z_MIN_LEVEL, Z_MIN_MEMLEVEL, Z_MIN_WINDOWBITS, Z_NEED_DICT, Z_NO_COMPRESSION, Z_NO_FLUSH, Z_OK, Z_PARTIAL_FLUSH, Z_RLE, Z_STREAM_END, Z_STREAM_ERROR, Z_SYNC_FLUSH, Z_VERSION_ERROR
94 declare module "node:zlib" {
   ~~~~~~~
  node_modules/.bun/@types+node@25.2.0/node_modules/@types/node/zlib.d.ts:94:1
    94 declare module "node:zlib" {
       ~~~~~~~
    Conflicts are in this file.
node_modules/.bun/@types+node@25.2.0/node_modules/@types/node/assert.d.ts:950:14 - error TS2300: Duplicate identifier 'assert'.
950     export = assert;
                 ~~~~~~
  node_modules/.bun/@types+node@25.1.0/node_modules/@types/node/assert.d.ts:950:14
    950     export = assert;
                     ~~~~~~
    'assert' was also declared here.
  node_modules/.bun/@types+node@25.1.0/node_modules/@types/node/assert.d.ts:954:14
    954     export = assert;
                     ~~~~~~
    and here.
node_modules/.bun/@types+node@25.2.0/node_modules/@types/node/assert.d.ts:954:14 - error TS2300: Duplicate identifier 'assert'.
954     export = assert;
                 ~~~~~~
  node_modules/.bun/@types+node@25.1.0/node_modules/@types/node/assert.d.ts:950:14
    950     export = assert;
                     ~~~~~~
    'assert' was also declared here.
  node_modules/.bun/@types+node@25.1.0/node_modules/@types/node/assert.d.ts:954:14
    954     export = assert;
                     ~~~~~~
    and here.
node_modules/.bun/@types+node@25.2.0/node_modules/@types/node/assert/strict.d.ts:100:14 - error TS2300: Duplicate identifier 'strict'.
100     export = strict;
                 ~~~~~~
  node_modules/.bun/@types+node@25.1.0/node_modules/@types/node/assert/strict.d.ts:100:14
    100     export = strict;
                     ~~~~~~
    'strict' was also declared here.
  node_modules/.bun/@types+node@25.1.0/node_modules/@types/node/assert/strict.d.ts:104:14
    104     export = strict;
                     ~~~~~~
    and here.
node_modules/.bun/@types+node@25.2.0/node_modules/@types/node/assert/strict.d.ts:104:14 - error TS2300: Duplicate identifier 'strict'.
104     export = strict;
                 ~~~~~~
  node_modules/.bun/@types+node@25.1.0/node_modules/@types/node/assert/strict.d.ts:100:14
    100     export = strict;
                     ~~~~~~
    'strict' was also declared here.
  node_modules/.bun/@types+node@25.1.0/node_modules/@types/node/assert/strict.d.ts:104:14
    104     export = strict;
                     ~~~~~~
    and here.
node_modules/.bun/@types+node@25.2.0/node_modules/@types/node/async_hooks.d.ts:17:1 - error TS6200: Definitions of the following identifiers conflict with those in another file: AsyncResource, AsyncLocalStorage, NONE, DIRHANDLE, DNSCHANNEL, ELDHISTOGRAM, FILEHANDLE, FILEHANDLECLOSEREQ, FIXEDSIZEBLOBCOPY, FSEVENTWRAP, FSREQCALLBACK, FSREQPROMISE, GETADDRINFOREQWRAP, GETNAMEINFOREQWRAP, HEAPSNAPSHOT, HTTP2SESSION, HTTP2STREAM, HTTP2PING, HTTP2SETTINGS, HTTPINCOMINGMESSAGE, HTTPCLIENTREQUEST, JSSTREAM, JSUDPWRAP, MESSAGEPORT, PIPECONNECTWRAP, PIPESERVERWRAP, PIPEWRAP, PROCESSWRAP, PROMISE, QUERYWRAP, SHUTDOWNWRAP, SIGNALWRAP, STATWATCHER, STREAMPIPE, TCPCONNECTWRAP, TCPSERVERWRAP, TCPWRAP, TTYWRAP, UDPSENDWRAP, UDPWRAP, SIGINTWATCHDOG, WORKER, WORKERHEAPSNAPSHOT, WRITEWRAP, ZLIB, CHECKPRIMEREQUEST, PBKDF2REQUEST, KEYPAIRGENREQUEST, KEYGENREQUEST, KEYEXPORTREQUEST, CIPHERREQUEST, DERIVEBITSREQUEST, HASHREQUEST, RANDOMBYTESREQUEST, RANDOMPRIMEREQUEST, SCRYPTREQUEST, SIGNREQUEST, TLSWRAP, VERIFYREQUEST
17 declare module "node:async_hooks" {
   ~~~~~~~
  node_modules/.bun/@types+node@25.1.0/node_modules/@types/node/async_hooks.d.ts:17:1
    17 declare module "node:async_hooks" {
       ~~~~~~~
    Conflicts are in this file.
node_modules/.bun/@types+node@25.2.0/node_modules/@types/node/buffer.buffer.d.ts:2:10 - error TS2300: Duplicate identifier 'ImplicitArrayBuffer'.
2     type ImplicitArrayBuffer<T extends WithImplicitCoercion<ArrayBufferLike>> = T extends
           ~~~~~~~~~~~~~~~~~~~
  node_modules/.bun/@types+node@25.1.0/node_modules/@types/node/buffer.buffer.d.ts:2:10
    2     type ImplicitArrayBuffer<T extends WithImplicitCoercion<ArrayBufferLike>> = T extends
               ~~~~~~~~~~~~~~~~~~~
    'ImplicitArrayBuffer' was also declared here.
node_modules/.bun/@types+node@25.2.0/node_modules/@types/node/buffer.buffer.d.ts:459:14 - error TS2300: Duplicate identifier 'NonSharedBuffer'.
459         type NonSharedBuffer = Buffer<ArrayBuffer>;
                 ~~~~~~~~~~~~~~~
  node_modules/.bun/@types+node@25.1.0/node_modules/@types/node/buffer.buffer.d.ts:459:14
    459         type NonSharedBuffer = Buffer<ArrayBuffer>;
                     ~~~~~~~~~~~~~~~
    'NonSharedBuffer' was also declared here.
node_modules/.bun/@types+node@25.2.0/node_modules/@types/node/buffer.buffer.d.ts:464:14 - error TS2300: Duplicate identifier 'AllowSharedBuffer'.
464         type AllowSharedBuffer = Buffer<ArrayBufferLike>;
                 ~~~~~~~~~~~~~~~~~
  node_modules/.bun/@types+node@25.1.0/node_modules/@types/node/buffer.buffer.d.ts:464:14
    464         type AllowSharedBuffer = Buffer<ArrayBufferLike>;
                     ~~~~~~~~~~~~~~~~~
    'AllowSharedBuffer' was also declared here.
node_modules/.bun/@types+node@25.2.0/node_modules/@types/node/buffer.d.ts:46:1 - error TS6200: Definitions of the following identifiers conflict with those in another file: INSPECT_MAX_BYTES, kMaxLength, kStringMaxLength, constants, TranscodeEncoding, AllowSharedBuffer, Buffer, NonSharedBuffer, WithImplicitCoercion, BlobPart, atob, btoa, BufferEncoding
46 declare module "node:buffer" {
   ~~~~~~~
  node_modules/.bun/@types+node@25.1.0/node_modules/@types/node/buffer.d.ts:46:1
    46 declare module "node:buffer" {
       ~~~~~~~
    Conflicts are in this file.
node_modules/.bun/@types+node@25.2.0/node_modules/@types/node/child_process.d.ts:68:1 - error TS6200: Definitions of the following identifiers conflict with those in another file: Serializable, SendHandle, ChildProcess, IOType, StdioOptions, SerializationType, StdioNull, StdioPipeNamed, StdioPipe, ExecFileException
68 declare module "node:child_process" {
   ~~~~~~~
  node_modules/.bun/@types+node@25.1.0/node_modules/@types/node/child_process.d.ts:68:1
    68 declare module "node:child_process" {
       ~~~~~~~
    Conflicts are in this file.
node_modules/.bun/@types+node@25.2.0/node_modules/@types/node/cluster.d.ts:481:14 - error TS2300: Duplicate identifier 'cluster'.
481     export = cluster;
                 ~~~~~~~
  node_modules/.bun/@types+node@25.1.0/node_modules/@types/node/cluster.d.ts:481:14
    481     export = cluster;
                     ~~~~~~~
    'cluster' was also declared here.
  node_modules/.bun/@types+node@25.1.0/node_modules/@types/node/cluster.d.ts:485:14
    485     export = cluster;
                     ~~~~~~~
    and here.
node_modules/.bun/@types+node@25.2.0/node_modules/@types/node/cluster.d.ts:485:14 - error TS2300: Duplicate identifier 'cluster'.
485     export = cluster;
                 ~~~~~~~
  node_modules/.bun/@types+node@25.1.0/node_modules/@types/node/cluster.d.ts:481:14
    481     export = cluster;
                     ~~~~~~~
    'cluster' was also declared here.
  node_modules/.bun/@types+node@25.1.0/node_modules/@types/node/cluster.d.ts:485:14
    485     export = cluster;
                     ~~~~~~~
    and here.
node_modules/.bun/@types+node@25.2.0/node_modules/@types/node/compatibility/iterators.d.ts:18:10 - error TS2300: Duplicate identifier 'BuiltinIteratorReturn'.
18     type BuiltinIteratorReturn = ReturnType<any[][typeof Symbol.iterator]> extends
            ~~~~~~~~~~~~~~~~~~~~~
  node_modules/.bun/@types+node@25.1.0/node_modules/@types/node/compatibility/iterators.d.ts:18:10
    18     type BuiltinIteratorReturn = ReturnType<any[][typeof Symbol.iterator]> extends
                ~~~~~~~~~~~~~~~~~~~~~
    'BuiltinIteratorReturn' was also declared here.
node_modules/.bun/@types+node@25.2.0/node_modules/@types/node/console.d.ts:146:14 - error TS2300: Duplicate identifier 'console'.
146     export = console;
                 ~~~~~~~
  node_modules/.bun/@types+node@25.1.0/node_modules/@types/node/console.d.ts:146:14
    146     export = console;
                     ~~~~~~~
    'console' was also declared here.
  node_modules/.bun/@types+node@25.1.0/node_modules/@types/node/console.d.ts:150:14
    150     export = console;
                     ~~~~~~~
    and here.
node_modules/.bun/@types+node@25.2.0/node_modules/@types/node/console.d.ts:150:14 - error TS2300: Duplicate identifier 'console'.
150     export = console;
                 ~~~~~~~
  node_modules/.bun/@types+node@25.1.0/node_modules/@types/node/console.d.ts:146:14
    146     export = console;
                     ~~~~~~~
    'console' was also declared here.
  node_modules/.bun/@types+node@25.1.0/node_modules/@types/node/console.d.ts:150:14
    150     export = console;
                     ~~~~~~~
    and here.
node_modules/.bun/@types+node@25.2.0/node_modules/@types/node/constants.d.ts:15:14 - error TS2300: Duplicate identifier 'constants'.
15     export = constants;
                ~~~~~~~~~
  node_modules/.bun/@types+node@25.1.0/node_modules/@types/node/constants.d.ts:15:14
    15     export = constants;
                    ~~~~~~~~~
    'constants' was also declared here.
  node_modules/.bun/@types+node@25.1.0/node_modules/@types/node/constants.d.ts:19:14
    19     export = constants;
                    ~~~~~~~~~
    and here.
node_modules/.bun/@types+node@25.2.0/node_modules/@types/node/constants.d.ts:19:14 - error TS2300: Duplicate identifier 'constants'.
19     export = constants;
                ~~~~~~~~~
  node_modules/.bun/@types+node@25.1.0/node_modules/@types/node/constants.d.ts:15:14
    15     export = constants;
                    ~~~~~~~~~
    'constants' was also declared here.
  node_modules/.bun/@types+node@25.1.0/node_modules/@types/node/constants.d.ts:19:14
    19     export = constants;
                    ~~~~~~~~~
    and here.
node_modules/.bun/@types+node@25.2.0/node_modules/@types/node/crypto.d.ts:19:1 - error TS6200: Definitions of the following identifiers conflict with those in another file: Certificate, OPENSSL_VERSION_NUMBER, SSL_OP_ALL, SSL_OP_ALLOW_NO_DHE_KEX, SSL_OP_ALLOW_UNSAFE_LEGACY_RENEGOTIATION, SSL_OP_CIPHER_SERVER_PREFERENCE, SSL_OP_CISCO_ANYCONNECT, SSL_OP_COOKIE_EXCHANGE, SSL_OP_CRYPTOPRO_TLSEXT_BUG, SSL_OP_DONT_INSERT_EMPTY_FRAGMENTS, SSL_OP_LEGACY_SERVER_CONNECT, SSL_OP_NO_COMPRESSION, SSL_OP_NO_ENCRYPT_THEN_MAC, SSL_OP_NO_QUERY_MTU, SSL_OP_NO_RENEGOTIATION, SSL_OP_NO_SESSION_RESUMPTION_ON_RENEGOTIATION, SSL_OP_NO_SSLv2, SSL_OP_NO_SSLv3, SSL_OP_NO_TICKET, SSL_OP_NO_TLSv1, SSL_OP_NO_TLSv1_1, SSL_OP_NO_TLSv1_2, SSL_OP_NO_TLSv1_3, SSL_OP_PRIORITIZE_CHACHA, SSL_OP_TLS_ROLLBACK_BUG, ENGINE_METHOD_RSA, ENGINE_METHOD_DSA, ENGINE_METHOD_DH, ENGINE_METHOD_RAND, ENGINE_METHOD_EC, ENGINE_METHOD_CIPHERS, ENGINE_METHOD_DIGESTS, ENGINE_METHOD_PKEY_METHS, ENGINE_METHOD_PKEY_ASN1_METHS, ENGINE_METHOD_ALL, ENGINE_METHOD_NONE, DH_CHECK_P_NOT_SAFE_PRIME, DH_CHECK_P_NOT_PRIME, DH_UNABLE_TO_CHECK_GENERATOR, DH_NOT_SUITABLE_GENERATOR, RSA_PKCS1_PADDING, RSA_SSLV23_PADDING, RSA_NO_PADDING, RSA_PKCS1_OAEP_PADDING, RSA_X931_PADDING, RSA_PKCS1_PSS_PADDING, RSA_PSS_SALTLEN_DIGEST, RSA_PSS_SALTLEN_MAX_SIGN, RSA_PSS_SALTLEN_AUTO, POINT_CONVERSION_COMPRESSED, POINT_CONVERSION_UNCOMPRESSED, POINT_CONVERSION_HYBRID, defaultCoreCipherList, defaultCipherList, fips, BinaryToTextEncoding, CharacterEncoding, LegacyCharacterEncoding, Encoding, ECDHKeyFormat, Hash, Hmac, KeyFormat, KeyObjectType, PublicKeyExportType, PrivateKeyExportType, KeyExportOptions, KeyExportResult, KeyPairExportCallback, MLDSAKeyType, MLKEMKeyType, SLHDSAKeyType, AsymmetricKeyType, KeyObject, CipherCCMTypes, CipherGCMTypes, CipherOCBTypes, CipherChaCha20Poly1305Types, BinaryLike, CipherKey, Cipheriv, Decipheriv, DSAEncoding, KeyLike, Sign, Verify, DiffieHellman, DiffieHellmanGroup, ECDH, CipherMode, UUID, X509Certificate, LargeNumberLike, Argon2Algorithm, subtle
19 declare module "node:crypto" {
   ~~~~~~~
  node_modules/.bun/@types+node@25.1.0/node_modules/@types/node/crypto.d.ts:19:1
    19 declare module "node:crypto" {
       ~~~~~~~
    Conflicts are in this file.
node_modules/.bun/@types+node@25.2.0/node_modules/@types/node/dgram.d.ts:45:10 - error TS2300: Duplicate identifier 'SocketType'.
45     type SocketType = "udp4" | "udp6";
            ~~~~~~~~~~
  node_modules/.bun/@types+node@25.1.0/node_modules/@types/node/dgram.d.ts:45:10
    45     type SocketType = "udp4" | "udp6";
                ~~~~~~~~~~
    'SocketType' was also declared here.
node_modules/.bun/@types+node@25.2.0/node_modules/@types/node/dgram.d.ts:105:11 - error TS2300: Duplicate identifier 'Socket'.
105     class Socket implements EventEmitter {
              ~~~~~~
  node_modules/.bun/@types+node@25.1.0/node_modules/@types/node/dgram.d.ts:105:11
    105     class Socket implements EventEmitter {
                  ~~~~~~
    'Socket' was also declared here.
  node_modules/.bun/@types+node@25.1.0/node_modules/@types/node/dgram.d.ts:560:15
    560     interface Socket extends InternalEventEmitter<SocketEventMap> {}
                      ~~~~~~
    and here.
node_modules/.bun/@types+node@25.2.0/node_modules/@types/node/dgram.d.ts:560:15 - error TS2300: Duplicate identifier 'Socket'.
560     interface Socket extends InternalEventEmitter<SocketEventMap> {}
                  ~~~~~~
  node_modules/.bun/@types+node@25.1.0/node_modules/@types/node/dgram.d.ts:105:11
    105     class Socket implements EventEmitter {
                  ~~~~~~
    'Socket' was also declared here.
  node_modules/.bun/@types+node@25.1.0/node_modules/@types/node/dgram.d.ts:560:15
    560     interface Socket extends InternalEventEmitter<SocketEventMap> {}
                      ~~~~~~
    and here.
node_modules/.bun/@types+node@25.2.0/node_modules/@types/node/diagnostics_channel.d.ts:61:10 - error TS2300: Duplicate identifier 'ChannelListener'.
61     type ChannelListener = (message: unknown, name: string | symbol) => void;
            ~~~~~~~~~~~~~~~
  node_modules/.bun/@types+node@25.1.0/node_modules/@types/node/diagnostics_channel.d.ts:61:10
    61     type ChannelListener = (message: unknown, name: string | symbol) => void;
                ~~~~~~~~~~~~~~~
    'ChannelListener' was also declared here.
node_modules/.bun/@types+node@25.2.0/node_modules/@types/node/diagnostics_channel.d.ts:138:11 - error TS2300: Duplicate identifier 'Channel'.
138     class Channel<StoreType = unknown, ContextType = StoreType> {
              ~~~~~~~
  node_modules/.bun/@types+node@25.1.0/node_modules/@types/node/diagnostics_channel.d.ts:138:11
    138     class Channel<StoreType = unknown, ContextType = StoreType> {
                  ~~~~~~~
    'Channel' was also declared here.
node_modules/.bun/@types+node@25.2.0/node_modules/@types/node/diagnostics_channel.d.ts:347:11 - error TS2300: Duplicate identifier 'TracingChannel'.
347     class TracingChannel<StoreType = unknown, ContextType extends object = {}> implements TracingChannelCollection {
              ~~~~~~~~~~~~~~
  node_modules/.bun/@types+node@25.1.0/node_modules/@types/node/diagnostics_channel.d.ts:347:11
    347     class TracingChannel<StoreType = unknown, ContextType extends object = {}> implements TracingChannelCollection {
                  ~~~~~~~~~~~~~~
    'TracingChannel' was also declared here.
node_modules/.bun/@types+node@25.2.0/node_modules/@types/node/dns.d.ts:47:1 - error TS6200: Definitions of the following identifiers conflict with those in another file: ADDRCONFIG, V4MAPPED, ALL, AnyRecord, NODATA, FORMERR, SERVFAIL, NOTFOUND, NOTIMP, REFUSED, BADQUERY, BADNAME, BADFAMILY, BADRESP, CONNREFUSED, TIMEOUT, EOF, FILE, NOMEM, DESTRUCTION, BADSTR, BADFLAGS, NONAME, BADHINTS, NOTINITIALIZED, LOADIPHLPAPI, ADDRGETNETWORKPARAMS, CANCELLED, Resolver, promises
47 declare module "node:dns" {
   ~~~~~~~
  node_modules/.bun/@types+node@25.1.0/node_modules/@types/node/dns.d.ts:47:1
    47 declare module "node:dns" {
       ~~~~~~~
    Conflicts are in this file.
node_modules/.bun/@types+node@25.2.0/node_modules/@types/node/dns/promises.d.ts:7:1 - error TS6200: Definitions of the following identifiers conflict with those in another file: NODATA, FORMERR, SERVFAIL, NOTFOUND, NOTIMP, REFUSED, BADQUERY, BADNAME, BADFAMILY, BADRESP, CONNREFUSED, TIMEOUT, EOF, FILE, NOMEM, DESTRUCTION, BADSTR, BADFLAGS, NONAME, BADHINTS, NOTINITIALIZED, LOADIPHLPAPI, ADDRGETNETWORKPARAMS, CANCELLED, Resolver
7 declare module "node:dns/promises" {
  ~~~~~~~
  node_modules/.bun/@types+node@25.1.0/node_modules/@types/node/dns/promises.d.ts:7:1
    7 declare module "node:dns/promises" {
      ~~~~~~~
    Conflicts are in this file.
node_modules/.bun/@types+node@25.2.0/node_modules/@types/node/domain.d.ts:25:11 - error TS2300: Duplicate identifier 'Domain'.
25     class Domain extends EventEmitter {
             ~~~~~~
  node_modules/.bun/@types+node@25.1.0/node_modules/@types/node/domain.d.ts:25:11
    25     class Domain extends EventEmitter {
                 ~~~~~~
    'Domain' was also declared here.
node_modules/.bun/@types+node@25.2.0/node_modules/@types/node/events.d.ts:1049:14 - error TS2300: Duplicate identifier 'EventEmitter'.
1049     export = EventEmitter;
                  ~~~~~~~~~~~~
  node_modules/.bun/@types+node@25.1.0/node_modules/@types/node/events.d.ts:1049:14
    1049     export = EventEmitter;
                      ~~~~~~~~~~~~
    'EventEmitter' was also declared here.
node_modules/.bun/@types+node@25.2.0/node_modules/@types/node/events.d.ts:1053:14 - error TS2300: Duplicate identifier 'events'.
1053     export = events;
                  ~~~~~~
  node_modules/.bun/@types+node@25.1.0/node_modules/@types/node/events.d.ts:1053:14
    1053     export = events;
                      ~~~~~~
    'events' was also declared here.
node_modules/.bun/@types+node@25.2.0/node_modules/@types/node/fs.d.ts:21:1 - error TS6200: Definitions of the following identifiers conflict with those in another file: Type, PathLike, PathOrFileDescriptor, TimeLike, NoParamCallback, BufferEncodingOption, EncodingOption, OpenMode, Mode, Stats, StatsFs, Dirent, Dir, ReadStream, Utf8Stream, WriteStream, statSync, lstatSync, ReadPosition, WriteFileOptions, WatchEventType, WatchListener, StatsListener, BigIntStatsListener, F_OK, R_OK, W_OK, X_OK, COPYFILE_EXCL, COPYFILE_FICLONE, COPYFILE_FICLONE_FORCE, O_RDONLY, O_WRONLY, O_RDWR, O_CREAT, O_EXCL, O_NOCTTY, O_TRUNC, O_APPEND, O_DIRECTORY, O_NOATIME, O_NOFOLLOW, O_SYNC, O_DSYNC, O_SYMLINK, O_DIRECT, O_NONBLOCK, S_IFMT, S_IFREG, S_IFDIR, S_IFCHR, S_IFBLK, S_IFIFO, S_IFLNK, S_IFSOCK, S_IRWXU, S_IRUSR, S_IWUSR, S_IXUSR, S_IRWXG, S_IRGRP, S_IWGRP, S_IXGRP, S_IRWXO, S_IROTH, S_IWOTH, S_IXOTH, UV_FS_O_FILEMAP, promises
21 declare module "node:fs" {
   ~~~~~~~
  node_modules/.bun/@types+node@25.1.0/node_modules/@types/node/fs.d.ts:21:1
    21 declare module "node:fs" {
       ~~~~~~~
    Conflicts are in this file.
node_modules/.bun/@types+node@25.2.0/node_modules/@types/node/fs/promises.d.ts:498:11 - error TS2451: Cannot redeclare block-scoped variable 'constants'.
498     const constants: typeof fsConstants;
              ~~~~~~~~~
  node_modules/.bun/@types+node@25.1.0/node_modules/@types/node/fs/promises.d.ts:498:11
    498     const constants: typeof fsConstants;
                  ~~~~~~~~~
    'constants' was also declared here.
node_modules/.bun/@types+node@25.2.0/node_modules/@types/node/globals.d.ts:113:9 - error TS2374: Duplicate index signature for type 'string'.
113         [key: string]: T | undefined;
            ~~~~~~~~~~~~~~~~~~~~~~~~~~~~~
node_modules/.bun/@types+node@25.2.0/node_modules/@types/node/globals.d.ts:117:9 - error TS2374: Duplicate index signature for type 'string'.
117         readonly [key: string]: T | undefined;
            ~~~~~~~~~~~~~~~~~~~~~~~~~~~~~~~~~~~~~~
node_modules/.bun/@types+node@25.2.0/node_modules/@types/node/globals.d.ts:120:10 - error TS2300: Duplicate identifier 'PartialOptions'.
120     type PartialOptions<T> = { [K in keyof T]?: T[K] | undefined };
             ~~~~~~~~~~~~~~
  node_modules/.bun/@types+node@25.1.0/node_modules/@types/node/globals.d.ts:120:10
    120     type PartialOptions<T> = { [K in keyof T]?: T[K] | undefined };
                 ~~~~~~~~~~~~~~
    'PartialOptions' was also declared here.
node_modules/.bun/@types+node@25.2.0/node_modules/@types/node/globals.d.ts:146:10 - error TS2300: Duplicate identifier 'BufferSource'.
146     type BufferSource = NonSharedArrayBufferView | ArrayBuffer;
             ~~~~~~~~~~~~
  node_modules/.bun/@types+node@25.1.0/node_modules/@types/node/globals.d.ts:146:10
    146     type BufferSource = NonSharedArrayBufferView | ArrayBuffer;
                 ~~~~~~~~~~~~
    'BufferSource' was also declared here.
node_modules/.bun/@types+node@25.2.0/node_modules/@types/node/globals.d.ts:149:10 - error TS2300: Duplicate identifier 'AllowSharedBufferSource'.
149     type AllowSharedBufferSource = ArrayBufferView | ArrayBufferLike;
             ~~~~~~~~~~~~~~~~~~~~~~~
  node_modules/.bun/@types+node@25.1.0/node_modules/@types/node/globals.d.ts:149:10
    149     type AllowSharedBufferSource = ArrayBufferView | ArrayBufferLike;
                 ~~~~~~~~~~~~~~~~~~~~~~~
    'AllowSharedBufferSource' was also declared here.
node_modules/.bun/@types+node@25.2.0/node_modules/@types/node/globals.typedarray.d.ts:1:1 - error TS6200: Definitions of the following identifiers conflict with those in another file: TypedArray, ArrayBufferView, NonSharedUint8Array, NonSharedUint8ClampedArray, NonSharedUint16Array, NonSharedUint32Array, NonSharedInt8Array, NonSharedInt16Array, NonSharedInt32Array, NonSharedBigUint64Array, NonSharedBigInt64Array, NonSharedFloat16Array, NonSharedFloat32Array, NonSharedFloat64Array, NonSharedDataView, NonSharedTypedArray, NonSharedArrayBufferView
1 export {}; // Make this a module
  ~~~~~~
  node_modules/.bun/@types+node@25.1.0/node_modules/@types/node/globals.typedarray.d.ts:1:1
    1 export {}; // Make this a module
      ~~~~~~
    Conflicts are in this file.
node_modules/.bun/@types+node@25.2.0/node_modules/@types/node/http.d.ts:42:1 - error TS6200: Definitions of the following identifiers conflict with those in another file: OutgoingHttpHeader, RequestListener, Server, OutgoingMessage, ServerResponse, ClientRequest, IncomingMessage, Agent, METHODS, STATUS_CODES, globalAgent, maxHeaderSize, WebSocket, CloseEvent, MessageEvent
42 declare module "node:http" {
   ~~~~~~~
  node_modules/.bun/@types+node@25.1.0/node_modules/@types/node/http.d.ts:42:1
    42 declare module "node:http" {
       ~~~~~~~
    Conflicts are in this file.
node_modules/.bun/@types+node@25.2.0/node_modules/@types/node/http2.d.ts:11:1 - error TS6200: Definitions of the following identifiers conflict with those in another file: Http2ServerRequest, Http2ServerResponse, NGHTTP2_SESSION_SERVER, NGHTTP2_SESSION_CLIENT, NGHTTP2_STREAM_STATE_IDLE, NGHTTP2_STREAM_STATE_OPEN, NGHTTP2_STREAM_STATE_RESERVED_LOCAL, NGHTTP2_STREAM_STATE_RESERVED_REMOTE, NGHTTP2_STREAM_STATE_HALF_CLOSED_LOCAL, NGHTTP2_STREAM_STATE_HALF_CLOSED_REMOTE, NGHTTP2_STREAM_STATE_CLOSED, NGHTTP2_NO_ERROR, NGHTTP2_PROTOCOL_ERROR, NGHTTP2_INTERNAL_ERROR, NGHTTP2_FLOW_CONTROL_ERROR, NGHTTP2_SETTINGS_TIMEOUT, NGHTTP2_STREAM_CLOSED, NGHTTP2_FRAME_SIZE_ERROR, NGHTTP2_REFUSED_STREAM, NGHTTP2_CANCEL, NGHTTP2_COMPRESSION_ERROR, NGHTTP2_CONNECT_ERROR, NGHTTP2_ENHANCE_YOUR_CALM, NGHTTP2_INADEQUATE_SECURITY, NGHTTP2_HTTP_1_1_REQUIRED, NGHTTP2_ERR_FRAME_SIZE_ERROR, NGHTTP2_FLAG_NONE, NGHTTP2_FLAG_END_STREAM, NGHTTP2_FLAG_END_HEADERS, NGHTTP2_FLAG_ACK, NGHTTP2_FLAG_PADDED, NGHTTP2_FLAG_PRIORITY, DEFAULT_SETTINGS_HEADER_TABLE_SIZE, DEFAULT_SETTINGS_ENABLE_PUSH, DEFAULT_SETTINGS_INITIAL_WINDOW_SIZE, DEFAULT_SETTINGS_MAX_FRAME_SIZE, MAX_MAX_FRAME_SIZE, MIN_MAX_FRAME_SIZE, MAX_INITIAL_WINDOW_SIZE, NGHTTP2_DEFAULT_WEIGHT, NGHTTP2_SETTINGS_HEADER_TABLE_SIZE, NGHTTP2_SETTINGS_ENABLE_PUSH, NGHTTP2_SETTINGS_MAX_CONCURRENT_STREAMS, NGHTTP2_SETTINGS_INITIAL_WINDOW_SIZE, NGHTTP2_SETTINGS_MAX_FRAME_SIZE, NGHTTP2_SETTINGS_MAX_HEADER_LIST_SIZE, PADDING_STRATEGY_NONE, PADDING_STRATEGY_MAX, PADDING_STRATEGY_CALLBACK, HTTP2_HEADER_STATUS, HTTP2_HEADER_METHOD, HTTP2_HEADER_AUTHORITY, HTTP2_HEADER_SCHEME, HTTP2_HEADER_PATH, HTTP2_HEADER_ACCEPT_CHARSET, HTTP2_HEADER_ACCEPT_ENCODING, HTTP2_HEADER_ACCEPT_LANGUAGE, HTTP2_HEADER_ACCEPT_RANGES, HTTP2_HEADER_ACCEPT, HTTP2_HEADER_ACCESS_CONTROL_ALLOW_CREDENTIALS, HTTP2_HEADER_ACCESS_CONTROL_ALLOW_HEADERS, HTTP2_HEADER_ACCESS_CONTROL_ALLOW_METHODS, HTTP2_HEADER_ACCESS_CONTROL_ALLOW_ORIGIN, HTTP2_HEADER_ACCESS_CONTROL_EXPOSE_HEADERS, HTTP2_HEADER_ACCESS_CONTROL_REQUEST_HEADERS, HTTP2_HEADER_ACCESS_CONTROL_REQUEST_METHOD, HTTP2_HEADER_AGE, HTTP2_HEADER_ALLOW, HTTP2_HEADER_AUTHORIZATION, HTTP2_HEADER_CACHE_CONTROL, HTTP2_HEADER_CONNECTION, HTTP2_HEADER_CONTENT_DISPOSITION, HTTP2_HEADER_CONTENT_ENCODING, HTTP2_HEADER_CONTENT_LANGUAGE, HTTP2_HEADER_CONTENT_LENGTH, HTTP2_HEADER_CONTENT_LOCATION, HTTP2_HEADER_CONTENT_MD5, HTTP2_HEADER_CONTENT_RANGE, HTTP2_HEADER_CONTENT_TYPE, HTTP2_HEADER_COOKIE, HTTP2_HEADER_DATE, HTTP2_HEADER_ETAG, HTTP2_HEADER_EXPECT, HTTP2_HEADER_EXPIRES, HTTP2_HEADER_FROM, HTTP2_HEADER_HOST, HTTP2_HEADER_IF_MATCH, HTTP2_HEADER_IF_MODIFIED_SINCE, HTTP2_HEADER_IF_NONE_MATCH, HTTP2_HEADER_IF_RANGE, HTTP2_HEADER_IF_UNMODIFIED_SINCE, HTTP2_HEADER_LAST_MODIFIED, HTTP2_HEADER_LINK, HTTP2_HEADER_LOCATION, HTTP2_HEADER_MAX_FORWARDS, HTTP2_HEADER_PREFER, HTTP2_HEADER_PROXY_AUTHENTICATE, HTTP2_HEADER_PROXY_AUTHORIZATION, HTTP2_HEADER_RANGE, HTTP2_HEADER_REFERER, HTTP2_HEADER_REFRESH, HTTP2_HEADER_RETRY_AFTER, HTTP2_HEADER_SERVER, HTTP2_HEADER_SET_COOKIE, HTTP2_HEADER_STRICT_TRANSPORT_SECURITY, HTTP2_HEADER_TRANSFER_ENCODING, HTTP2_HEADER_TE, HTTP2_HEADER_UPGRADE, HTTP2_HEADER_USER_AGENT, HTTP2_HEADER_VARY, HTTP2_HEADER_VIA, HTTP2_HEADER_WWW_AUTHENTICATE, HTTP2_HEADER_HTTP2_SETTINGS, HTTP2_HEADER_KEEP_ALIVE, HTTP2_HEADER_PROXY_CONNECTION, HTTP2_METHOD_ACL, HTTP2_METHOD_BASELINE_CONTROL, HTTP2_METHOD_BIND, HTTP2_METHOD_CHECKIN, HTTP2_METHOD_CHECKOUT, HTTP2_METHOD_CONNECT, HTTP2_METHOD_COPY, HTTP2_METHOD_DELETE, HTTP2_METHOD_GET, HTTP2_METHOD_HEAD, HTTP2_METHOD_LABEL, HTTP2_METHOD_LINK, HTTP2_METHOD_LOCK, HTTP2_METHOD_MERGE, HTTP2_METHOD_MKACTIVITY, HTTP2_METHOD_MKCALENDAR, HTTP2_METHOD_MKCOL, HTTP2_METHOD_MKREDIRECTREF, HTTP2_METHOD_MKWORKSPACE, HTTP2_METHOD_MOVE, HTTP2_METHOD_OPTIONS, HTTP2_METHOD_ORDERPATCH, HTTP2_METHOD_PATCH, HTTP2_METHOD_POST, HTTP2_METHOD_PRI, HTTP2_METHOD_PROPFIND, HTTP2_METHOD_PROPPATCH, HTTP2_METHOD_PUT, HTTP2_METHOD_REBIND, HTTP2_METHOD_REPORT, HTTP2_METHOD_SEARCH, HTTP2_METHOD_TRACE, HTTP2_METHOD_UNBIND, HTTP2_METHOD_UNCHECKOUT, HTTP2_METHOD_UNLINK, HTTP2_METHOD_UNLOCK, HTTP2_METHOD_UPDATE, HTTP2_METHOD_UPDATEREDIRECTREF, HTTP2_METHOD_VERSION_CONTROL, HTTP_STATUS_CONTINUE, HTTP_STATUS_SWITCHING_PROTOCOLS, HTTP_STATUS_PROCESSING, HTTP_STATUS_OK, HTTP_STATUS_CREATED, HTTP_STATUS_ACCEPTED, HTTP_STATUS_NON_AUTHORITATIVE_INFORMATION, HTTP_STATUS_NO_CONTENT, HTTP_STATUS_RESET_CONTENT, HTTP_STATUS_PARTIAL_CONTENT, HTTP_STATUS_MULTI_STATUS, HTTP_STATUS_ALREADY_REPORTED, HTTP_STATUS_IM_USED, HTTP_STATUS_MULTIPLE_CHOICES, HTTP_STATUS_MOVED_PERMANENTLY, HTTP_STATUS_FOUND, HTTP_STATUS_SEE_OTHER, HTTP_STATUS_NOT_MODIFIED, HTTP_STATUS_USE_PROXY, HTTP_STATUS_TEMPORARY_REDIRECT, HTTP_STATUS_PERMANENT_REDIRECT, HTTP_STATUS_BAD_REQUEST, HTTP_STATUS_UNAUTHORIZED, HTTP_STATUS_PAYMENT_REQUIRED, HTTP_STATUS_FORBIDDEN, HTTP_STATUS_NOT_FOUND, HTTP_STATUS_METHOD_NOT_ALLOWED, HTTP_STATUS_NOT_ACCEPTABLE, HTTP_STATUS_PROXY_AUTHENTICATION_REQUIRED, HTTP_STATUS_REQUEST_TIMEOUT, HTTP_STATUS_CONFLICT, HTTP_STATUS_GONE, HTTP_STATUS_LENGTH_REQUIRED, HTTP_STATUS_PRECONDITION_FAILED, HTTP_STATUS_PAYLOAD_TOO_LARGE, HTTP_STATUS_URI_TOO_LONG, HTTP_STATUS_UNSUPPORTED_MEDIA_TYPE, HTTP_STATUS_RANGE_NOT_SATISFIABLE, HTTP_STATUS_EXPECTATION_FAILED, HTTP_STATUS_TEAPOT, HTTP_STATUS_MISDIRECTED_REQUEST, HTTP_STATUS_UNPROCESSABLE_ENTITY, HTTP_STATUS_LOCKED, HTTP_STATUS_FAILED_DEPENDENCY, HTTP_STATUS_UNORDERED_COLLECTION, HTTP_STATUS_UPGRADE_REQUIRED, HTTP_STATUS_PRECONDITION_REQUIRED, HTTP_STATUS_TOO_MANY_REQUESTS, HTTP_STATUS_REQUEST_HEADER_FIELDS_TOO_LARGE, HTTP_STATUS_UNAVAILABLE_FOR_LEGAL_REASONS, HTTP_STATUS_INTERNAL_SERVER_ERROR, HTTP_STATUS_NOT_IMPLEMENTED, HTTP_STATUS_BAD_GATEWAY, HTTP_STATUS_SERVICE_UNAVAILABLE, HTTP_STATUS_GATEWAY_TIMEOUT, HTTP_STATUS_HTTP_VERSION_NOT_SUPPORTED, HTTP_STATUS_VARIANT_ALSO_NEGOTIATES, HTTP_STATUS_INSUFFICIENT_STORAGE, HTTP_STATUS_LOOP_DETECTED, HTTP_STATUS_BANDWIDTH_LIMIT_EXCEEDED, HTTP_STATUS_NOT_EXTENDED, HTTP_STATUS_NETWORK_AUTHENTICATION_REQUIRED, sensitiveHeaders, OutgoingHttpHeaders
11 declare module "node:http2" {
   ~~~~~~~
  node_modules/.bun/@types+node@25.1.0/node_modules/@types/node/http2.d.ts:11:1
    11 declare module "node:http2" {
       ~~~~~~~
    Conflicts are in this file.
node_modules/.bun/@types+node@25.2.0/node_modules/@types/node/https.d.ts:35:11 - error TS2300: Duplicate identifier 'Agent'.
35     class Agent extends http.Agent {
             ~~~~~
  node_modules/.bun/@types+node@25.1.0/node_modules/@types/node/https.d.ts:29:11
    29     class Agent extends http.Agent {
                 ~~~~~
    'Agent' was also declared here.
node_modules/.bun/@types+node@25.2.0/node_modules/@types/node/https.d.ts:52:11 - error TS2300: Duplicate identifier 'Server'.
52     class Server<
             ~~~~~~
  node_modules/.bun/@types+node@25.1.0/node_modules/@types/node/https.d.ts:46:11
    46     class Server<
                 ~~~~~~
    'Server' was also declared here.
  node_modules/.bun/@types+node@25.1.0/node_modules/@types/node/https.d.ts:121:15
    121     interface Server<
                      ~~~~~~
    and here.
node_modules/.bun/@types+node@25.2.0/node_modules/@types/node/https.d.ts:127:15 - error TS2300: Duplicate identifier 'Server'.
127     interface Server<
                  ~~~~~~
  node_modules/.bun/@types+node@25.1.0/node_modules/@types/node/https.d.ts:46:11
    46     class Server<
                 ~~~~~~
    'Server' was also declared here.
  node_modules/.bun/@types+node@25.1.0/node_modules/@types/node/https.d.ts:121:15
    121     interface Server<
                      ~~~~~~
    and here.
node_modules/.bun/@types+node@25.2.0/node_modules/@types/node/https.d.ts:401:9 - error TS2451: Cannot redeclare block-scoped variable 'globalAgent'.
401     let globalAgent: Agent;
            ~~~~~~~~~~~
  node_modules/.bun/@types+node@25.1.0/node_modules/@types/node/https.d.ts:395:9
    395     let globalAgent: Agent;
                ~~~~~~~~~~~
    'globalAgent' was also declared here.
node_modules/.bun/@types+node@25.2.0/node_modules/@types/node/inspector.d.ts:12:11 - error TS2300: Duplicate identifier 'Session'.
12     class Session extends EventEmitter {
             ~~~~~~~
  node_modules/.bun/@types+node@25.1.0/node_modules/@types/node/inspector.d.ts:12:11
    12     class Session extends EventEmitter {
                 ~~~~~~~
    'Session' was also declared here.
node_modules/.bun/@types+node@25.2.0/node_modules/@types/node/inspector.d.ts:110:11 - error TS2451: Cannot redeclare block-scoped variable 'console'.
110     const console: InspectorConsole;
              ~~~~~~~
  node_modules/.bun/@types+node@25.1.0/node_modules/@types/node/inspector.d.ts:110:11
    110     const console: InspectorConsole;
                  ~~~~~~~
    'console' was also declared here.
node_modules/.bun/@types+node@25.2.0/node_modules/@types/node/inspector.generated.d.ts:6:1 - error TS6200: Definitions of the following identifiers conflict with those in another file: ScriptId, RemoteObjectId, UnserializableValue, ExecutionContextId, Timestamp, UniqueDebuggerId, BreakpointId, CallFrameId, HeapSnapshotObjectId, WorkerID, SessionID, ResourceType, RequestId, TimeSinceEpoch, MonotonicTime, TargetID, StreamHandle, Schema, Runtime, Debugger, Console, Profiler, HeapProfiler, NodeTracing, NodeWorker, Network, NodeRuntime, Target, IO
6 declare module "node:inspector" {
  ~~~~~~~
  node_modules/.bun/@types+node@25.1.0/node_modules/@types/node/inspector.generated.d.ts:6:1
    6 declare module "node:inspector" {
      ~~~~~~~
    Conflicts are in this file.
node_modules/.bun/@types+node@25.2.0/node_modules/@types/node/inspector.generated.d.ts:2035:15 - error TS2300: Duplicate identifier 'Session'.
2035     interface Session {
                   ~~~~~~~
  node_modules/.bun/@types+node@25.1.0/node_modules/@types/node/inspector.d.ts:12:11
    12     class Session extends EventEmitter {
                 ~~~~~~~
    'Session' was also declared here.
node_modules/.bun/@types+node@25.2.0/node_modules/@types/node/inspector.generated.d.ts:3182:15 - error TS2300: Duplicate identifier 'Session'.
3182     interface Session {
                   ~~~~~~~
  node_modules/.bun/@types+node@25.1.0/node_modules/@types/node/inspector/promises.d.ts:15:18
    15     export class Session extends EventEmitter {
                        ~~~~~~~
    'Session' was also declared here.
node_modules/.bun/@types+node@25.2.0/node_modules/@types/node/inspector/promises.d.ts:9:14 - error TS2300: Duplicate identifier 'close'.
9     export { close, console, NetworkResources, open, url, waitForDebugger } from "node:inspector";
               ~~~~~
  node_modules/.bun/@types+node@25.1.0/node_modules/@types/node/inspector/promises.d.ts:9:14
    9     export { close, console, NetworkResources, open, url, waitForDebugger } from "node:inspector";
                   ~~~~~
    'close' was also declared here.
node_modules/.bun/@types+node@25.2.0/node_modules/@types/node/inspector/promises.d.ts:9:21 - error TS2300: Duplicate identifier 'console'.
9     export { close, console, NetworkResources, open, url, waitForDebugger } from "node:inspector";
                      ~~~~~~~
  node_modules/.bun/@types+node@25.1.0/node_modules/@types/node/inspector/promises.d.ts:9:21
    9     export { close, console, NetworkResources, open, url, waitForDebugger } from "node:inspector";
                          ~~~~~~~
    'console' was also declared here.
node_modules/.bun/@types+node@25.2.0/node_modules/@types/node/inspector/promises.d.ts:9:30 - error TS2300: Duplicate identifier 'NetworkResources'.
9     export { close, console, NetworkResources, open, url, waitForDebugger } from "node:inspector";
                               ~~~~~~~~~~~~~~~~
  node_modules/.bun/@types+node@25.1.0/node_modules/@types/node/inspector/promises.d.ts:9:30
    9     export { close, console, NetworkResources, open, url, waitForDebugger } from "node:inspector";
                                   ~~~~~~~~~~~~~~~~
    'NetworkResources' was also declared here.
node_modules/.bun/@types+node@25.2.0/node_modules/@types/node/inspector/promises.d.ts:9:48 - error TS2300: Duplicate identifier 'open'.
9     export { close, console, NetworkResources, open, url, waitForDebugger } from "node:inspector";
                                                 ~~~~
  node_modules/.bun/@types+node@25.1.0/node_modules/@types/node/inspector/promises.d.ts:9:48
    9     export { close, console, NetworkResources, open, url, waitForDebugger } from "node:inspector";
                                                     ~~~~
    'open' was also declared here.
node_modules/.bun/@types+node@25.2.0/node_modules/@types/node/inspector/promises.d.ts:9:54 - error TS2300: Duplicate identifier 'url'.
9     export { close, console, NetworkResources, open, url, waitForDebugger } from "node:inspector";
                                                       ~~~
  node_modules/.bun/@types+node@25.1.0/node_modules/@types/node/inspector/promises.d.ts:9:54
    9     export { close, console, NetworkResources, open, url, waitForDebugger } from "node:inspector";
                                                           ~~~
    'url' was also declared here.
node_modules/.bun/@types+node@25.2.0/node_modules/@types/node/inspector/promises.d.ts:9:59 - error TS2300: Duplicate identifier 'waitForDebugger'.
9     export { close, console, NetworkResources, open, url, waitForDebugger } from "node:inspector";
                                                            ~~~~~~~~~~~~~~~
  node_modules/.bun/@types+node@25.1.0/node_modules/@types/node/inspector/promises.d.ts:9:59
    9     export { close, console, NetworkResources, open, url, waitForDebugger } from "node:inspector";
                                                                ~~~~~~~~~~~~~~~
    'waitForDebugger' was also declared here.
node_modules/.bun/@types+node@25.2.0/node_modules/@types/node/inspector/promises.d.ts:15:18 - error TS2300: Duplicate identifier 'Session'.
15     export class Session extends EventEmitter {
                    ~~~~~~~
  node_modules/.bun/@types+node@25.1.0/node_modules/@types/node/inspector/promises.d.ts:15:18
    15     export class Session extends EventEmitter {
                        ~~~~~~~
    'Session' was also declared here.
node_modules/.bun/@types+node@25.2.0/node_modules/@types/node/module.d.ts:814:14 - error TS2300: Duplicate identifier 'Module'.
814     export = Module;
                 ~~~~~~
  node_modules/.bun/@types+node@25.1.0/node_modules/@types/node/module.d.ts:814:14
    814     export = Module;
                     ~~~~~~
    'Module' was also declared here.
node_modules/.bun/@types+node@25.2.0/node_modules/@types/node/module.d.ts:818:14 - error TS2300: Duplicate identifier 'module'.
818     export = module;
                 ~~~~~~
  node_modules/.bun/@types+node@25.1.0/node_modules/@types/node/module.d.ts:818:14
    818     export = module;
                     ~~~~~~
    'module' was also declared here.
node_modules/.bun/@types+node@25.2.0/node_modules/@types/node/net.d.ts:15:1 - error TS6200: Definitions of the following identifiers conflict with those in another file: LookupFunction, SocketConnectOpts, SocketReadyState, Socket, Server, IPVersion, BlockList, NetConnectOpts, SocketAddress
15 declare module "node:net" {
   ~~~~~~~
  node_modules/.bun/@types+node@25.1.0/node_modules/@types/node/net.d.ts:15:1
    15 declare module "node:net" {
       ~~~~~~~
    Conflicts are in this file.
node_modules/.bun/@types+node@25.2.0/node_modules/@types/node/os.d.ts:10:1 - error TS6200: Definitions of the following identifiers conflict with those in another file: NetworkInterfaceInfo, SignalConstants, UV_UDP_REUSEADDR, E2BIG, EACCES, EADDRINUSE, EADDRNOTAVAIL, EAFNOSUPPORT, EAGAIN, EALREADY, EBADF, EBADMSG, EBUSY, ECANCELED, ECHILD, ECONNABORTED, ECONNREFUSED, ECONNRESET, EDEADLK, EDESTADDRREQ, EDOM, EDQUOT, EEXIST, EFAULT, EFBIG, EHOSTUNREACH, EIDRM, EILSEQ, EINPROGRESS, EINTR, EINVAL, EIO, EISCONN, EISDIR, ELOOP, EMFILE, EMLINK, EMSGSIZE, EMULTIHOP, ENAMETOOLONG, ENETDOWN, ENETRESET, ENETUNREACH, ENFILE, ENOBUFS, ENODATA, ENODEV, ENOENT, ENOEXEC, ENOLCK, ENOLINK, ENOMEM, ENOMSG, ENOPROTOOPT, ENOSPC, ENOSR, ENOSTR, ENOSYS, ENOTCONN, ENOTDIR, ENOTEMPTY, ENOTSOCK, ENOTSUP, ENOTTY, ENXIO, EOPNOTSUPP, EOVERFLOW, EPERM, EPIPE, EPROTO, EPROTONOSUPPORT, EPROTOTYPE, ERANGE, EROFS, ESPIPE, ESRCH, ESTALE, ETIME, ETIMEDOUT, ETXTBSY, EWOULDBLOCK, EXDEV, WSAEINTR, WSAEBADF, WSAEACCES, WSAEFAULT, WSAEINVAL, WSAEMFILE, WSAEWOULDBLOCK, WSAEINPROGRESS, WSAEALREADY, WSAENOTSOCK, WSAEDESTADDRREQ, WSAEMSGSIZE, WSAEPROTOTYPE, WSAENOPROTOOPT, WSAEPROTONOSUPPORT, WSAESOCKTNOSUPPORT, WSAEOPNOTSUPP, WSAEPFNOSUPPORT, WSAEAFNOSUPPORT, WSAEADDRINUSE, WSAEADDRNOTAVAIL, WSAENETDOWN, WSAENETUNREACH, WSAENETRESET, WSAECONNABORTED, WSAECONNRESET, WSAENOBUFS, WSAEISCONN, WSAENOTCONN, WSAESHUTDOWN, WSAETOOMANYREFS, WSAETIMEDOUT, WSAECONNREFUSED, WSAELOOP, WSAENAMETOOLONG, WSAEHOSTDOWN, WSAEHOSTUNREACH, WSAENOTEMPTY, WSAEPROCLIM, WSAEUSERS, WSAEDQUOT, WSAESTALE, WSAEREMOTE, WSASYSNOTREADY, WSAVERNOTSUPPORTED, WSANOTINITIALISED, WSAEDISCON, WSAENOMORE, WSAECANCELLED, WSAEINVALIDPROCTABLE, WSAEINVALIDPROVIDER, WSAEPROVIDERFAILEDINIT, WSASYSCALLFAILURE, WSASERVICE_NOT_FOUND, WSATYPE_NOT_FOUND, WSA_E_NO_MORE, WSA_E_CANCELLED, WSAEREFUSED, RTLD_LAZY, RTLD_NOW, RTLD_GLOBAL, RTLD_LOCAL, RTLD_DEEPBIND, PRIORITY_LOW, PRIORITY_BELOW_NORMAL, PRIORITY_NORMAL, PRIORITY_ABOVE_NORMAL, PRIORITY_HIGH, PRIORITY_HIGHEST, devNull, EOL
10 declare module "node:os" {
   ~~~~~~~
  node_modules/.bun/@types+node@25.1.0/node_modules/@types/node/os.d.ts:10:1
    10 declare module "node:os" {
       ~~~~~~~
    Conflicts are in this file.
node_modules/.bun/@types+node@25.2.0/node_modules/@types/node/path.d.ts:182:14 - error TS2300: Duplicate identifier 'path'.
182     export = path;
                 ~~~~
  node_modules/.bun/@types+node@25.1.0/node_modules/@types/node/path.d.ts:182:14
    182     export = path;
                     ~~~~
    'path' was also declared here.
  node_modules/.bun/@types+node@25.1.0/node_modules/@types/node/path.d.ts:186:14
    186     export = path;
                     ~~~~
    and here.
node_modules/.bun/@types+node@25.2.0/node_modules/@types/node/path.d.ts:186:14 - error TS2300: Duplicate identifier 'path'.
186     export = path;
                 ~~~~
  node_modules/.bun/@types+node@25.1.0/node_modules/@types/node/path.d.ts:182:14
    182     export = path;
                     ~~~~
    'path' was also declared here.
  node_modules/.bun/@types+node@25.1.0/node_modules/@types/node/path.d.ts:186:14
    186     export = path;
                     ~~~~
    and here.
node_modules/.bun/@types+node@25.2.0/node_modules/@types/node/path/posix.d.ts:3:5 - error TS2300: Duplicate identifier 'export='.
3     export = path.posix;
      ~~~~~~~~~~~~~~~~~~~~
  node_modules/.bun/@types+node@25.1.0/node_modules/@types/node/path/posix.d.ts:3:5
    3     export = path.posix;
          ~~~~~~~~~~~~~~~~~~~~
    'export=' was also declared here.
  node_modules/.bun/@types+node@25.1.0/node_modules/@types/node/path/posix.d.ts:7:5
    7     export = path.posix;
          ~~~~~~~~~~~~~~~~~~~~
    and here.
node_modules/.bun/@types+node@25.2.0/node_modules/@types/node/path/posix.d.ts:7:5 - error TS2300: Duplicate identifier 'export='.
7     export = path.posix;
      ~~~~~~~~~~~~~~~~~~~~
  node_modules/.bun/@types+node@25.1.0/node_modules/@types/node/path/posix.d.ts:3:5
    3     export = path.posix;
          ~~~~~~~~~~~~~~~~~~~~
    'export=' was also declared here.
  node_modules/.bun/@types+node@25.1.0/node_modules/@types/node/path/posix.d.ts:7:5
    7     export = path.posix;
          ~~~~~~~~~~~~~~~~~~~~
    and here.
node_modules/.bun/@types+node@25.2.0/node_modules/@types/node/path/win32.d.ts:3:5 - error TS2300: Duplicate identifier 'export='.
3     export = path.win32;
      ~~~~~~~~~~~~~~~~~~~~
  node_modules/.bun/@types+node@25.1.0/node_modules/@types/node/path/win32.d.ts:3:5
    3     export = path.win32;
          ~~~~~~~~~~~~~~~~~~~~
    'export=' was also declared here.
  node_modules/.bun/@types+node@25.1.0/node_modules/@types/node/path/win32.d.ts:7:5
    7     export = path.win32;
          ~~~~~~~~~~~~~~~~~~~~
    and here.
node_modules/.bun/@types+node@25.2.0/node_modules/@types/node/path/win32.d.ts:7:5 - error TS2300: Duplicate identifier 'export='.
7     export = path.win32;
      ~~~~~~~~~~~~~~~~~~~~
  node_modules/.bun/@types+node@25.1.0/node_modules/@types/node/path/win32.d.ts:3:5
    3     export = path.win32;
          ~~~~~~~~~~~~~~~~~~~~
    'export=' was also declared here.
  node_modules/.bun/@types+node@25.1.0/node_modules/@types/node/path/win32.d.ts:7:5
    7     export = path.win32;
          ~~~~~~~~~~~~~~~~~~~~
    and here.
node_modules/.bun/@types+node@25.2.0/node_modules/@types/node/perf_hooks.d.ts:32:1 - error TS6200: Definitions of the following identifiers conflict with those in another file: EntryType, PerformanceEntryList, PerformanceNodeEntry, NODE_PERFORMANCE_GC_MAJOR, NODE_PERFORMANCE_GC_MINOR, NODE_PERFORMANCE_GC_INCREMENTAL, NODE_PERFORMANCE_GC_WEAKCB, NODE_PERFORMANCE_GC_FLAGS_NO, NODE_PERFORMANCE_GC_FLAGS_CONSTRUCT_RETAINED, NODE_PERFORMANCE_GC_FLAGS_FORCED, NODE_PERFORMANCE_GC_FLAGS_SYNCHRONOUS_PHANTOM_PROCESSING, NODE_PERFORMANCE_GC_FLAGS_ALL_AVAILABLE_GARBAGE, NODE_PERFORMANCE_GC_FLAGS_ALL_EXTERNAL_MEMORY, NODE_PERFORMANCE_GC_FLAGS_SCHEDULE_IDLE
32 declare module "node:perf_hooks" {
   ~~~~~~~
  node_modules/.bun/@types+node@25.1.0/node_modules/@types/node/perf_hooks.d.ts:32:1
    32 declare module "node:perf_hooks" {
       ~~~~~~~
    Conflicts are in this file.
node_modules/.bun/@types+node@25.2.0/node_modules/@types/node/perf_hooks.d.ts:88:15 - error TS2310: Type 'PerformanceTimerifyOptions' recursively references itself as a base type.
88     interface PerformanceTimerifyOptions extends TimerifyOptions {}
                 ~~~~~~~~~~~~~~~~~~~~~~~~~~
node_modules/.bun/@types+node@25.2.0/node_modules/@types/node/perf_hooks.d.ts:570:15 - error TS2310: Type 'TimerifyOptions' recursively references itself as a base type.
570     interface TimerifyOptions {
                  ~~~~~~~~~~~~~~~
node_modules/.bun/@types+node@25.2.0/node_modules/@types/node/process.d.ts:1:1 - error TS6200: Definitions of the following identifiers conflict with those in another file: process, ProcessEventMap, Platform, Architecture, Signals, UncaughtExceptionOrigin, BeforeExitListener, DisconnectListener, ExitListener, MessageListener, RejectionHandledListener, SignalsListener, UncaughtExceptionListener, UnhandledRejectionListener, WarningListener, WorkerListener
1 declare module "node:process" {
  ~~~~~~~
  node_modules/.bun/@types+node@25.1.0/node_modules/@types/node/process.d.ts:1:1
    1 declare module "node:process" {
      ~~~~~~~
    Conflicts are in this file.
node_modules/.bun/@types+node@25.2.0/node_modules/@types/node/punycode.d.ts:87:11 - error TS2451: Cannot redeclare block-scoped variable 'ucs2'.
87     const ucs2: ucs2;
             ~~~~
  node_modules/.bun/@types+node@25.1.0/node_modules/@types/node/punycode.d.ts:87:11
    87     const ucs2: ucs2;
                 ~~~~
    'ucs2' was also declared here.
  node_modules/.bun/@types+node@25.1.0/node_modules/@types/node/punycode.d.ts:88:15
    88     interface ucs2 {
                     ~~~~
    and here.
node_modules/.bun/@types+node@25.2.0/node_modules/@types/node/punycode.d.ts:88:15 - error TS2451: Cannot redeclare block-scoped variable 'ucs2'.
88     interface ucs2 {
                 ~~~~
  node_modules/.bun/@types+node@25.1.0/node_modules/@types/node/punycode.d.ts:87:11
    87     const ucs2: ucs2;
                 ~~~~
    'ucs2' was also declared here.
  node_modules/.bun/@types+node@25.1.0/node_modules/@types/node/punycode.d.ts:88:15
    88     interface ucs2 {
                     ~~~~
    and here.
node_modules/.bun/@types+node@25.2.0/node_modules/@types/node/punycode.d.ts:113:11 - error TS2451: Cannot redeclare block-scoped variable 'version'.
113     const version: string;
              ~~~~~~~
  node_modules/.bun/@types+node@25.1.0/node_modules/@types/node/punycode.d.ts:113:11
    113     const version: string;
                  ~~~~~~~
    'version' was also declared here.
node_modules/.bun/@types+node@25.2.0/node_modules/@types/node/querystring.d.ts:118:11 - error TS2451: Cannot redeclare block-scoped variable 'encode'.
118     const encode: typeof stringify;
              ~~~~~~
  node_modules/.bun/@types+node@25.1.0/node_modules/@types/node/querystring.d.ts:118:11
    118     const encode: typeof stringify;
                  ~~~~~~
    'encode' was also declared here.
node_modules/.bun/@types+node@25.2.0/node_modules/@types/node/querystring.d.ts:122:11 - error TS2451: Cannot redeclare block-scoped variable 'decode'.
122     const decode: typeof parse;
              ~~~~~~
  node_modules/.bun/@types+node@25.1.0/node_modules/@types/node/querystring.d.ts:122:11
    122     const decode: typeof parse;
                  ~~~~~~
    'decode' was also declared here.
node_modules/.bun/@types+node@25.2.0/node_modules/@types/node/quic.d.ts:14:1 - error TS6200: Definitions of the following identifiers conflict with those in another file: OnSessionCallback, OnStreamCallback, OnDatagramCallback, OnDatagramStatusCallback, OnPathValidationCallback, OnSessionTicketCallback, OnVersionNegotiationCallback, OnHandshakeCallback, OnBlockedCallback, OnStreamErrorCallback, QuicEndpoint, QuicSession, QuicStream, RENO, CUBIC, BBR, DEFAULT_CIPHERS, DEFAULT_GROUPS
14 declare module "node:quic" {
   ~~~~~~~
  node_modules/.bun/@types+node@25.1.0/node_modules/@types/node/quic.d.ts:14:1
    14 declare module "node:quic" {
       ~~~~~~~
    Conflicts are in this file.
node_modules/.bun/@types+node@25.2.0/node_modules/@types/node/readline.d.ts:62:11 - error TS2300: Duplicate identifier 'Interface'.
62     class Interface implements EventEmitter, Disposable {
             ~~~~~~~~~
  node_modules/.bun/@types+node@25.1.0/node_modules/@types/node/readline.d.ts:62:11
    62     class Interface implements EventEmitter, Disposable {
                 ~~~~~~~~~
    'Interface' was also declared here.
  node_modules/.bun/@types+node@25.1.0/node_modules/@types/node/readline.d.ts:257:15
    257     interface Interface extends InternalEventEmitter<InterfaceEventMap> {}
                      ~~~~~~~~~
    and here.
node_modules/.bun/@types+node@25.2.0/node_modules/@types/node/readline.d.ts:257:15 - error TS2300: Duplicate identifier 'Interface'.
257     interface Interface extends InternalEventEmitter<InterfaceEventMap> {}
                  ~~~~~~~~~
  node_modules/.bun/@types+node@25.1.0/node_modules/@types/node/readline.d.ts:62:11
    62     class Interface implements EventEmitter, Disposable {
                 ~~~~~~~~~
    'Interface' was also declared here.
  node_modules/.bun/@types+node@25.1.0/node_modules/@types/node/readline.d.ts:257:15
    257     interface Interface extends InternalEventEmitter<InterfaceEventMap> {}
                      ~~~~~~~~~
    and here.
node_modules/.bun/@types+node@25.2.0/node_modules/@types/node/readline.d.ts:258:10 - error TS2300: Duplicate identifier 'ReadLine'.
258     type ReadLine = Interface; // type forwarded for backwards compatibility
             ~~~~~~~~
  node_modules/.bun/@types+node@25.1.0/node_modules/@types/node/readline.d.ts:258:10
    258     type ReadLine = Interface; // type forwarded for backwards compatibility
                 ~~~~~~~~
    'ReadLine' was also declared here.
node_modules/.bun/@types+node@25.2.0/node_modules/@types/node/readline.d.ts:259:10 - error TS2300: Duplicate identifier 'Completer'.
259     type Completer = (line: string) => CompleterResult;
             ~~~~~~~~~
  node_modules/.bun/@types+node@25.1.0/node_modules/@types/node/readline.d.ts:259:10
    259     type Completer = (line: string) => CompleterResult;
                 ~~~~~~~~~
    'Completer' was also declared here.
node_modules/.bun/@types+node@25.2.0/node_modules/@types/node/readline.d.ts:260:10 - error TS2300: Duplicate identifier 'AsyncCompleter'.
260     type AsyncCompleter = (
             ~~~~~~~~~~~~~~
  node_modules/.bun/@types+node@25.1.0/node_modules/@types/node/readline.d.ts:260:10
    260     type AsyncCompleter = (
                 ~~~~~~~~~~~~~~
    'AsyncCompleter' was also declared here.
node_modules/.bun/@types+node@25.2.0/node_modules/@types/node/readline.d.ts:264:10 - error TS2300: Duplicate identifier 'CompleterResult'.
264     type CompleterResult = [string[], string];
             ~~~~~~~~~~~~~~~
  node_modules/.bun/@types+node@25.1.0/node_modules/@types/node/readline.d.ts:264:10
    264     type CompleterResult = [string[], string];
                 ~~~~~~~~~~~~~~~
    'CompleterResult' was also declared here.
node_modules/.bun/@types+node@25.2.0/node_modules/@types/node/readline.d.ts:498:10 - error TS2300: Duplicate identifier 'Direction'.
498     type Direction = -1 | 0 | 1;
             ~~~~~~~~~
  node_modules/.bun/@types+node@25.1.0/node_modules/@types/node/readline.d.ts:498:10
    498     type Direction = -1 | 0 | 1;
                 ~~~~~~~~~
    'Direction' was also declared here.
node_modules/.bun/@types+node@25.2.0/node_modules/@types/node/readline.d.ts:537:17 - error TS2300: Duplicate identifier 'promises'.
537     export * as promises from "node:readline/promises";
                    ~~~~~~~~
  node_modules/.bun/@types+node@25.1.0/node_modules/@types/node/readline.d.ts:537:17
    537     export * as promises from "node:readline/promises";
                        ~~~~~~~~
    'promises' was also declared here.
node_modules/.bun/@types+node@25.2.0/node_modules/@types/node/readline/promises.d.ts:19:11 - error TS2300: Duplicate identifier 'Interface'.
19     class Interface extends _Interface {
             ~~~~~~~~~
  node_modules/.bun/@types+node@25.1.0/node_modules/@types/node/readline/promises.d.ts:19:11
    19     class Interface extends _Interface {
                 ~~~~~~~~~
    'Interface' was also declared here.
node_modules/.bun/@types+node@25.2.0/node_modules/@types/node/readline/promises.d.ts:60:11 - error TS2300: Duplicate identifier 'Readline'.
60     class Readline {
             ~~~~~~~~
  node_modules/.bun/@types+node@25.1.0/node_modules/@types/node/readline/promises.d.ts:60:11
    60     class Readline {
                 ~~~~~~~~
    'Readline' was also declared here.
node_modules/.bun/@types+node@25.2.0/node_modules/@types/node/readline/promises.d.ts:118:10 - error TS2300: Duplicate identifier 'Completer'.
118     type Completer = (line: string) => CompleterResult | Promise<CompleterResult>;
             ~~~~~~~~~
  node_modules/.bun/@types+node@25.1.0/node_modules/@types/node/readline/promises.d.ts:118:10
    118     type Completer = (line: string) => CompleterResult | Promise<CompleterResult>;
                 ~~~~~~~~~
    'Completer' was also declared here.
node_modules/.bun/@types+node@25.2.0/node_modules/@types/node/repl.d.ts:11:1 - error TS6200: Definitions of the following identifiers conflict with those in another file: REPLEval, REPLWriter, writer, REPLCommandAction, REPLServer, REPL_MODE_SLOPPY, REPL_MODE_STRICT, Recoverable
11 declare module "node:repl" {
   ~~~~~~~
  node_modules/.bun/@types+node@25.1.0/node_modules/@types/node/repl.d.ts:11:1
    11 declare module "node:repl" {
       ~~~~~~~
    Conflicts are in this file.
node_modules/.bun/@types+node@25.2.0/node_modules/@types/node/sea.d.ts:117:10 - error TS2300: Duplicate identifier 'AssetKey'.
117     type AssetKey = string;
             ~~~~~~~~
  node_modules/.bun/@types+node@25.1.0/node_modules/@types/node/sea.d.ts:117:10
    117     type AssetKey = string;
                 ~~~~~~~~
    'AssetKey' was also declared here.
node_modules/.bun/@types+node@25.2.0/node_modules/@types/node/sqlite.d.ts:45:1 - error TS6200: Definitions of the following identifiers conflict with those in another file: SQLInputValue, SQLOutputValue, DatabaseSync, StatementSync, SQLITE_CHANGESET_DATA, SQLITE_CHANGESET_NOTFOUND, SQLITE_CHANGESET_CONFLICT, SQLITE_CHANGESET_FOREIGN_KEY, SQLITE_CHANGESET_OMIT, SQLITE_CHANGESET_REPLACE, SQLITE_CHANGESET_ABORT, SQLITE_DENY, SQLITE_IGNORE, SQLITE_OK, SQLITE_CREATE_INDEX, SQLITE_CREATE_TABLE, SQLITE_CREATE_TEMP_INDEX, SQLITE_CREATE_TEMP_TABLE, SQLITE_CREATE_TEMP_TRIGGER, SQLITE_CREATE_TEMP_VIEW, SQLITE_CREATE_TRIGGER, SQLITE_CREATE_VIEW, SQLITE_DELETE, SQLITE_DROP_INDEX, SQLITE_DROP_TABLE, SQLITE_DROP_TEMP_INDEX, SQLITE_DROP_TEMP_TABLE, SQLITE_DROP_TEMP_TRIGGER, SQLITE_DROP_TEMP_VIEW, SQLITE_DROP_TRIGGER, SQLITE_DROP_VIEW, SQLITE_INSERT, SQLITE_PRAGMA, SQLITE_READ, SQLITE_SELECT, SQLITE_TRANSACTION, SQLITE_UPDATE, SQLITE_ATTACH, SQLITE_DETACH, SQLITE_ALTER_TABLE, SQLITE_REINDEX, SQLITE_ANALYZE, SQLITE_CREATE_VTABLE, SQLITE_DROP_VTABLE, SQLITE_FUNCTION, SQLITE_SAVEPOINT, SQLITE_COPY, SQLITE_RECURSIVE
45 declare module "node:sqlite" {
   ~~~~~~~
  node_modules/.bun/@types+node@25.1.0/node_modules/@types/node/sqlite.d.ts:45:1
    45 declare module "node:sqlite" {
       ~~~~~~~
    Conflicts are in this file.
node_modules/.bun/@types+node@25.2.0/node_modules/@types/node/stream.d.ts:1755:14 - error TS2300: Duplicate identifier 'Stream'.
1755     export = Stream;
                  ~~~~~~
  node_modules/.bun/@types+node@25.1.0/node_modules/@types/node/stream.d.ts:1755:14
    1755     export = Stream;
                      ~~~~~~
    'Stream' was also declared here.
node_modules/.bun/@types+node@25.2.0/node_modules/@types/node/stream.d.ts:1759:14 - error TS2300: Duplicate identifier 'stream'.
1759     export = stream;
                  ~~~~~~
  node_modules/.bun/@types+node@25.1.0/node_modules/@types/node/stream.d.ts:1759:14
    1759     export = stream;
                      ~~~~~~
    'stream' was also declared here.
node_modules/.bun/@types+node@25.2.0/node_modules/@types/node/stream/promises.d.ts:55:10 - error TS2300: Duplicate identifier 'PipelineResult'.
55     type PipelineResult<S extends PipelineDestination<any, any>> = S extends (...args: any[]) => PromiseLike<infer R>
            ~~~~~~~~~~~~~~
  node_modules/.bun/@types+node@25.1.0/node_modules/@types/node/stream/promises.d.ts:55:10
    55     type PipelineResult<S extends PipelineDestination<any, any>> = S extends (...args: any[]) => PromiseLike<infer R>
                ~~~~~~~~~~~~~~
    'PipelineResult' was also declared here.
node_modules/.bun/@types+node@25.2.0/node_modules/@types/node/stream/web.d.ts:3:10 - error TS2300: Duplicate identifier 'CompressionFormat'.
3     type CompressionFormat = "brotli" | "deflate" | "deflate-raw" | "gzip";
           ~~~~~~~~~~~~~~~~~
  node_modules/.bun/@types+node@25.1.0/node_modules/@types/node/stream/web.d.ts:3:10
    3     type CompressionFormat = "brotli" | "deflate" | "deflate-raw" | "gzip";
               ~~~~~~~~~~~~~~~~~
    'CompressionFormat' was also declared here.
node_modules/.bun/@types+node@25.2.0/node_modules/@types/node/stream/web.d.ts:4:10 - error TS2300: Duplicate identifier 'ReadableStreamController'.
4     type ReadableStreamController<T> = ReadableStreamDefaultController<T> | ReadableByteStreamController;
           ~~~~~~~~~~~~~~~~~~~~~~~~
  node_modules/.bun/@types+node@25.1.0/node_modules/@types/node/stream/web.d.ts:4:10
    4     type ReadableStreamController<T> = ReadableStreamDefaultController<T> | ReadableByteStreamController;
               ~~~~~~~~~~~~~~~~~~~~~~~~
    'ReadableStreamController' was also declared here.
node_modules/.bun/@types+node@25.2.0/node_modules/@types/node/stream/web.d.ts:5:10 - error TS2300: Duplicate identifier 'ReadableStreamReader'.
5     type ReadableStreamReader<T> = ReadableStreamDefaultReader<T> | ReadableStreamBYOBReader;
           ~~~~~~~~~~~~~~~~~~~~
  node_modules/.bun/@types+node@25.1.0/node_modules/@types/node/stream/web.d.ts:5:10
    5     type ReadableStreamReader<T> = ReadableStreamDefaultReader<T> | ReadableStreamBYOBReader;
               ~~~~~~~~~~~~~~~~~~~~
    'ReadableStreamReader' was also declared here.
node_modules/.bun/@types+node@25.2.0/node_modules/@types/node/stream/web.d.ts:6:10 - error TS2300: Duplicate identifier 'ReadableStreamReaderMode'.
6     type ReadableStreamReaderMode = "byob";
           ~~~~~~~~~~~~~~~~~~~~~~~~
  node_modules/.bun/@types+node@25.1.0/node_modules/@types/node/stream/web.d.ts:6:10
    6     type ReadableStreamReaderMode = "byob";
               ~~~~~~~~~~~~~~~~~~~~~~~~
    'ReadableStreamReaderMode' was also declared here.
node_modules/.bun/@types+node@25.2.0/node_modules/@types/node/stream/web.d.ts:7:10 - error TS2300: Duplicate identifier 'ReadableStreamReadResult'.
7     type ReadableStreamReadResult<T> = ReadableStreamReadValueResult<T> | ReadableStreamReadDoneResult<T>;
           ~~~~~~~~~~~~~~~~~~~~~~~~
  node_modules/.bun/@types+node@25.1.0/node_modules/@types/node/stream/web.d.ts:7:10
    7     type ReadableStreamReadResult<T> = ReadableStreamReadValueResult<T> | ReadableStreamReadDoneResult<T>;
               ~~~~~~~~~~~~~~~~~~~~~~~~
    'ReadableStreamReadResult' was also declared here.
node_modules/.bun/@types+node@25.2.0/node_modules/@types/node/stream/web.d.ts:8:10 - error TS2300: Duplicate identifier 'ReadableStreamType'.
8     type ReadableStreamType = "bytes";
           ~~~~~~~~~~~~~~~~~~
  node_modules/.bun/@types+node@25.1.0/node_modules/@types/node/stream/web.d.ts:8:10
    8     type ReadableStreamType = "bytes";
               ~~~~~~~~~~~~~~~~~~
    'ReadableStreamType' was also declared here.
node_modules/.bun/@types+node@25.2.0/node_modules/@types/node/string_decoder.d.ts:42:11 - error TS2300: Duplicate identifier 'StringDecoder'.
42     class StringDecoder {
             ~~~~~~~~~~~~~
  node_modules/.bun/@types+node@25.1.0/node_modules/@types/node/string_decoder.d.ts:42:11
    42     class StringDecoder {
                 ~~~~~~~~~~~~~
    'StringDecoder' was also declared here.
node_modules/.bun/@types+node@25.2.0/node_modules/@types/node/test.d.ts:2238:14 - error TS2300: Duplicate identifier 'test'.
2238     export = test;
                  ~~~~
  node_modules/.bun/@types+node@25.1.0/node_modules/@types/node/test.d.ts:2238:14
    2238     export = test;
                      ~~~~
    'test' was also declared here.
node_modules/.bun/@types+node@25.2.0/node_modules/@types/node/test/reporters.d.ts:95:14 - error TS2300: Duplicate identifier 'dot'.
95     export { dot, junit, lcov, spec, tap, TestEvent };
                ~~~
  node_modules/.bun/@types+node@25.1.0/node_modules/@types/node/test/reporters.d.ts:95:14
    95     export { dot, junit, lcov, spec, tap, TestEvent };
                    ~~~
    'dot' was also declared here.
node_modules/.bun/@types+node@25.2.0/node_modules/@types/node/test/reporters.d.ts:95:19 - error TS2300: Duplicate identifier 'junit'.
95     export { dot, junit, lcov, spec, tap, TestEvent };
                     ~~~~~
  node_modules/.bun/@types+node@25.1.0/node_modules/@types/node/test/reporters.d.ts:95:19
    95     export { dot, junit, lcov, spec, tap, TestEvent };
                         ~~~~~
    'junit' was also declared here.
node_modules/.bun/@types+node@25.2.0/node_modules/@types/node/test/reporters.d.ts:95:26 - error TS2300: Duplicate identifier 'lcov'.
95     export { dot, junit, lcov, spec, tap, TestEvent };
                            ~~~~
  node_modules/.bun/@types+node@25.1.0/node_modules/@types/node/test/reporters.d.ts:95:26
    95     export { dot, junit, lcov, spec, tap, TestEvent };
                                ~~~~
    'lcov' was also declared here.
node_modules/.bun/@types+node@25.2.0/node_modules/@types/node/test/reporters.d.ts:95:32 - error TS2300: Duplicate identifier 'spec'.
95     export { dot, junit, lcov, spec, tap, TestEvent };
                                  ~~~~
  node_modules/.bun/@types+node@25.1.0/node_modules/@types/node/test/reporters.d.ts:95:32
    95     export { dot, junit, lcov, spec, tap, TestEvent };
                                      ~~~~
    'spec' was also declared here.
node_modules/.bun/@types+node@25.2.0/node_modules/@types/node/test/reporters.d.ts:95:38 - error TS2300: Duplicate identifier 'tap'.
95     export { dot, junit, lcov, spec, tap, TestEvent };
                                        ~~~
  node_modules/.bun/@types+node@25.1.0/node_modules/@types/node/test/reporters.d.ts:95:38
    95     export { dot, junit, lcov, spec, tap, TestEvent };
                                            ~~~
    'tap' was also declared here.
node_modules/.bun/@types+node@25.2.0/node_modules/@types/node/test/reporters.d.ts:95:43 - error TS2300: Duplicate identifier 'TestEvent'.
95     export { dot, junit, lcov, spec, tap, TestEvent };
                                             ~~~~~~~~~
  node_modules/.bun/@types+node@25.1.0/node_modules/@types/node/test/reporters.d.ts:95:43
    95     export { dot, junit, lcov, spec, tap, TestEvent };
                                                 ~~~~~~~~~
    'TestEvent' was also declared here.
node_modules/.bun/@types+node@25.2.0/node_modules/@types/node/timers.d.ts:155:14 - error TS2300: Duplicate identifier 'clearImmediate'.
155     export { clearImmediate, clearInterval, clearTimeout, promises, setImmediate, setInterval, setTimeout };
                 ~~~~~~~~~~~~~~
  node_modules/.bun/@types+node@25.1.0/node_modules/@types/node/timers.d.ts:155:14
    155     export { clearImmediate, clearInterval, clearTimeout, promises, setImmediate, setInterval, setTimeout };
                     ~~~~~~~~~~~~~~
    'clearImmediate' was also declared here.
node_modules/.bun/@types+node@25.2.0/node_modules/@types/node/timers.d.ts:155:30 - error TS2300: Duplicate identifier 'clearInterval'.
155     export { clearImmediate, clearInterval, clearTimeout, promises, setImmediate, setInterval, setTimeout };
                                 ~~~~~~~~~~~~~
  node_modules/.bun/@types+node@25.1.0/node_modules/@types/node/timers.d.ts:155:30
    155     export { clearImmediate, clearInterval, clearTimeout, promises, setImmediate, setInterval, setTimeout };
                                     ~~~~~~~~~~~~~
    'clearInterval' was also declared here.
node_modules/.bun/@types+node@25.2.0/node_modules/@types/node/timers.d.ts:155:45 - error TS2300: Duplicate identifier 'clearTimeout'.
155     export { clearImmediate, clearInterval, clearTimeout, promises, setImmediate, setInterval, setTimeout };
                                                ~~~~~~~~~~~~
  node_modules/.bun/@types+node@25.1.0/node_modules/@types/node/timers.d.ts:155:45
    155     export { clearImmediate, clearInterval, clearTimeout, promises, setImmediate, setInterval, setTimeout };
                                                    ~~~~~~~~~~~~
    'clearTimeout' was also declared here.
node_modules/.bun/@types+node@25.2.0/node_modules/@types/node/timers.d.ts:155:59 - error TS2300: Duplicate identifier 'promises'.
155     export { clearImmediate, clearInterval, clearTimeout, promises, setImmediate, setInterval, setTimeout };
                                                              ~~~~~~~~
  node_modules/.bun/@types+node@25.1.0/node_modules/@types/node/timers.d.ts:155:59
    155     export { clearImmediate, clearInterval, clearTimeout, promises, setImmediate, setInterval, setTimeout };
                                                                  ~~~~~~~~
    'promises' was also declared here.
node_modules/.bun/@types+node@25.2.0/node_modules/@types/node/timers.d.ts:155:69 - error TS2300: Duplicate identifier 'setImmediate'.
155     export { clearImmediate, clearInterval, clearTimeout, promises, setImmediate, setInterval, setTimeout };
                                                                        ~~~~~~~~~~~~
  node_modules/.bun/@types+node@25.1.0/node_modules/@types/node/timers.d.ts:155:69
    155     export { clearImmediate, clearInterval, clearTimeout, promises, setImmediate, setInterval, setTimeout };
                                                                            ~~~~~~~~~~~~
    'setImmediate' was also declared here.
node_modules/.bun/@types+node@25.2.0/node_modules/@types/node/timers.d.ts:155:83 - error TS2300: Duplicate identifier 'setInterval'.
155     export { clearImmediate, clearInterval, clearTimeout, promises, setImmediate, setInterval, setTimeout };
                                                                                      ~~~~~~~~~~~
  node_modules/.bun/@types+node@25.1.0/node_modules/@types/node/timers.d.ts:155:83
    155     export { clearImmediate, clearInterval, clearTimeout, promises, setImmediate, setInterval, setTimeout };
                                                                                          ~~~~~~~~~~~
    'setInterval' was also declared here.
node_modules/.bun/@types+node@25.2.0/node_modules/@types/node/timers.d.ts:155:96 - error TS2300: Duplicate identifier 'setTimeout'.
155     export { clearImmediate, clearInterval, clearTimeout, promises, setImmediate, setInterval, setTimeout };
                                                                                                   ~~~~~~~~~~
  node_modules/.bun/@types+node@25.1.0/node_modules/@types/node/timers.d.ts:155:96
    155     export { clearImmediate, clearInterval, clearTimeout, promises, setImmediate, setInterval, setTimeout };
                                                                                                       ~~~~~~~~~~
    'setTimeout' was also declared here.
node_modules/.bun/@types+node@25.2.0/node_modules/@types/node/timers/promises.d.ts:104:11 - error TS2451: Cannot redeclare block-scoped variable 'scheduler'.
104     const scheduler: Scheduler;
              ~~~~~~~~~
  node_modules/.bun/@types+node@25.1.0/node_modules/@types/node/timers/promises.d.ts:104:11
    104     const scheduler: Scheduler;
                  ~~~~~~~~~
    'scheduler' was also declared here.
node_modules/.bun/@types+node@25.2.0/node_modules/@types/node/tls.d.ts:11:1 - error TS6200: Definitions of the following identifiers conflict with those in another file: CLIENT_RENEG_LIMIT, CLIENT_RENEG_WINDOW, TLSSocket, Server, SecureVersion, DEFAULT_ECDH_CURVE, DEFAULT_MAX_VERSION, DEFAULT_MIN_VERSION, DEFAULT_CIPHERS, rootCertificates
11 declare module "node:tls" {
   ~~~~~~~
  node_modules/.bun/@types+node@25.1.0/node_modules/@types/node/tls.d.ts:11:1
    11 declare module "node:tls" {
       ~~~~~~~
    Conflicts are in this file.
node_modules/.bun/@types+node@25.2.0/node_modules/@types/node/tty.d.ts:41:11 - error TS2300: Duplicate identifier 'ReadStream'.
41     class ReadStream extends net.Socket {
             ~~~~~~~~~~
  node_modules/.bun/@types+node@25.1.0/node_modules/@types/node/tty.d.ts:41:11
    41     class ReadStream extends net.Socket {
                 ~~~~~~~~~~
    'ReadStream' was also declared here.
node_modules/.bun/@types+node@25.2.0/node_modules/@types/node/tty.d.ts:77:10 - error TS2300: Duplicate identifier 'Direction'.
77     type Direction = -1 | 0 | 1;
            ~~~~~~~~~
  node_modules/.bun/@types+node@25.1.0/node_modules/@types/node/tty.d.ts:77:10
    77     type Direction = -1 | 0 | 1;
                ~~~~~~~~~
    'Direction' was also declared here.
node_modules/.bun/@types+node@25.2.0/node_modules/@types/node/tty.d.ts:86:11 - error TS2300: Duplicate identifier 'WriteStream'.
86     class WriteStream extends net.Socket {
             ~~~~~~~~~~~
  node_modules/.bun/@types+node@25.1.0/node_modules/@types/node/tty.d.ts:86:11
    86     class WriteStream extends net.Socket {
                 ~~~~~~~~~~~
    'WriteStream' was also declared here.
node_modules/.bun/@types+node@25.2.0/node_modules/@types/node/url.d.ts:422:10 - error TS2300: Duplicate identifier 'URLPatternInput'.
422     type URLPatternInput = string | URLPatternInit;
             ~~~~~~~~~~~~~~~
  node_modules/.bun/@types+node@25.1.0/node_modules/@types/node/url.d.ts:422:10
    422     type URLPatternInput = string | URLPatternInit;
                 ~~~~~~~~~~~~~~~
    'URLPatternInput' was also declared here.
node_modules/.bun/@types+node@25.2.0/node_modules/@types/node/util.d.ts:11:1 - error TS6200: Definitions of the following identifiers conflict with those in another file: custom, colors, styles, defaultOptions, replDefaults, types, InspectStyle, InspectColorModifier, InspectColorForeground, InspectColorBackground, InspectColor, Style, CustomInspectFunction, Modifiers, ForegroundColors, BackgroundColors, DiffEntry, DebugLoggerFunction, debug, CustomPromisify, ParseArgsOptionsType, MIMEType, MIMEParams
11 declare module "node:util" {
   ~~~~~~~
  node_modules/.bun/@types+node@25.1.0/node_modules/@types/node/util.d.ts:11:1
    11 declare module "node:util" {
       ~~~~~~~
    Conflicts are in this file.
node_modules/.bun/@types+node@25.2.0/node_modules/@types/node/util.d.ts:1323:9 - error TS2374: Duplicate index signature for type 'string'.
1323         [longOption: string]: ParseArgsOptionDescriptor;
             ~~~~~~~~~~~~~~~~~~~~~~~~~~~~~~~~~~~~~~~~~~~~~~~~
node_modules/.bun/@types+node@25.2.0/node_modules/@types/node/v8.d.ts:9:1 - error TS6200: Definitions of the following identifiers conflict with those in another file: DoesZapCodeSpaceFlag, Serializer, DefaultSerializer, Deserializer, DefaultDeserializer, GCProfiler, promiseHooks, StartupSnapshotCallbackFn
9 declare module "node:v8" {
  ~~~~~~~
  node_modules/.bun/@types+node@25.1.0/node_modules/@types/node/v8.d.ts:9:1
    9 declare module "node:v8" {
      ~~~~~~~
    Conflicts are in this file.
node_modules/.bun/@types+node@25.2.0/node_modules/@types/node/vm.d.ts:39:1 - error TS6200: Definitions of the following identifiers conflict with those in another file: DynamicModuleLoader, MeasureMemoryMode, Script, ModuleLinker, ModuleStatus, Module, SourceTextModule, SyntheticModule, USE_MAIN_CONTEXT_DEFAULT_LOADER, DONT_CONTEXTIFY
39 declare module "node:vm" {
   ~~~~~~~
  node_modules/.bun/@types+node@25.1.0/node_modules/@types/node/vm.d.ts:39:1
    39 declare module "node:vm" {
       ~~~~~~~
    Conflicts are in this file.
node_modules/.bun/@types+node@25.2.0/node_modules/@types/node/wasi.d.ts:136:11 - error TS2300: Duplicate identifier 'WASI'.
136     class WASI {
              ~~~~
  node_modules/.bun/@types+node@25.1.0/node_modules/@types/node/wasi.d.ts:136:11
    136     class WASI {
                  ~~~~
    'WASI' was also declared here.
node_modules/.bun/@types+node@25.2.0/node_modules/@types/node/web-globals/timers.d.ts:18:18 - error TS2300: Duplicate identifier '__promisify__'.
18         export { __promisify__ };
                    ~~~~~~~~~~~~~
  node_modules/.bun/@types+node@25.1.0/node_modules/@types/node/web-globals/timers.d.ts:18:18
    18         export { __promisify__ };
                        ~~~~~~~~~~~~~
    '__promisify__' was also declared here.
  node_modules/.bun/@types+node@25.1.0/node_modules/@types/node/web-globals/timers.d.ts:34:18
    34         export { __promisify__ };
                        ~~~~~~~~~~~~~
    and here.
node_modules/.bun/@types+node@25.2.0/node_modules/@types/node/web-globals/timers.d.ts:34:18 - error TS2300: Duplicate identifier '__promisify__'.
34         export { __promisify__ };
                    ~~~~~~~~~~~~~
  node_modules/.bun/@types+node@25.1.0/node_modules/@types/node/web-globals/timers.d.ts:18:18
    18         export { __promisify__ };
                        ~~~~~~~~~~~~~
    '__promisify__' was also declared here.
  node_modules/.bun/@types+node@25.1.0/node_modules/@types/node/web-globals/timers.d.ts:34:18
    34         export { __promisify__ };
                        ~~~~~~~~~~~~~
    and here.
node_modules/.bun/@types+node@25.2.0/node_modules/@types/node/worker_threads.d.ts:57:1 - error TS6200: Definitions of the following identifiers conflict with those in another file: isInternalThread, isMainThread, parentPort, resourceLimits, SHARE_ENV, threadId, threadName, workerData, TransferListItem, Worker, Serializable, LockMode, Transferable, structuredClone
57 declare module "node:worker_threads" {
   ~~~~~~~
  node_modules/.bun/@types+node@25.1.0/node_modules/@types/node/worker_threads.d.ts:57:1
    57 declare module "node:worker_threads" {
       ~~~~~~~
    Conflicts are in this file.
node_modules/.bun/@types+node@25.2.0/node_modules/@types/node/zlib.d.ts:94:1 - error TS6200: Definitions of the following identifiers conflict with those in another file: InputType, CompressCallback, BROTLI_DECODE, BROTLI_DECODER_ERROR_ALLOC_BLOCK_TYPE_TREES, BROTLI_DECODER_ERROR_ALLOC_CONTEXT_MAP, BROTLI_DECODER_ERROR_ALLOC_CONTEXT_MODES, BROTLI_DECODER_ERROR_ALLOC_RING_BUFFER_1, BROTLI_DECODER_ERROR_ALLOC_RING_BUFFER_2, BROTLI_DECODER_ERROR_ALLOC_TREE_GROUPS, BROTLI_DECODER_ERROR_DICTIONARY_NOT_SET, BROTLI_DECODER_ERROR_FORMAT_BLOCK_LENGTH_1, BROTLI_DECODER_ERROR_FORMAT_BLOCK_LENGTH_2, BROTLI_DECODER_ERROR_FORMAT_CL_SPACE, BROTLI_DECODER_ERROR_FORMAT_CONTEXT_MAP_REPEAT, BROTLI_DECODER_ERROR_FORMAT_DICTIONARY, BROTLI_DECODER_ERROR_FORMAT_DISTANCE, BROTLI_DECODER_ERROR_FORMAT_EXUBERANT_META_NIBBLE, BROTLI_DECODER_ERROR_FORMAT_EXUBERANT_NIBBLE, BROTLI_DECODER_ERROR_FORMAT_HUFFMAN_SPACE, BROTLI_DECODER_ERROR_FORMAT_PADDING_1, BROTLI_DECODER_ERROR_FORMAT_PADDING_2, BROTLI_DECODER_ERROR_FORMAT_RESERVED, BROTLI_DECODER_ERROR_FORMAT_SIMPLE_HUFFMAN_ALPHABET, BROTLI_DECODER_ERROR_FORMAT_SIMPLE_HUFFMAN_SAME, BROTLI_DECODER_ERROR_FORMAT_TRANSFORM, BROTLI_DECODER_ERROR_FORMAT_WINDOW_BITS, BROTLI_DECODER_ERROR_INVALID_ARGUMENTS, BROTLI_DECODER_ERROR_UNREACHABLE, BROTLI_DECODER_NEEDS_MORE_INPUT, BROTLI_DECODER_NEEDS_MORE_OUTPUT, BROTLI_DECODER_NO_ERROR, BROTLI_DECODER_PARAM_DISABLE_RING_BUFFER_REALLOCATION, BROTLI_DECODER_PARAM_LARGE_WINDOW, BROTLI_DECODER_RESULT_ERROR, BROTLI_DECODER_RESULT_NEEDS_MORE_INPUT, BROTLI_DECODER_RESULT_NEEDS_MORE_OUTPUT, BROTLI_DECODER_RESULT_SUCCESS, BROTLI_DECODER_SUCCESS, BROTLI_DEFAULT_MODE, BROTLI_DEFAULT_QUALITY, BROTLI_DEFAULT_WINDOW, BROTLI_ENCODE, BROTLI_LARGE_MAX_WINDOW_BITS, BROTLI_MAX_INPUT_BLOCK_BITS, BROTLI_MAX_QUALITY, BROTLI_MAX_WINDOW_BITS, BROTLI_MIN_INPUT_BLOCK_BITS, BROTLI_MIN_QUALITY, BROTLI_MIN_WINDOW_BITS, BROTLI_MODE_FONT, BROTLI_MODE_GENERIC, BROTLI_MODE_TEXT, BROTLI_OPERATION_EMIT_METADATA, BROTLI_OPERATION_FINISH, BROTLI_OPERATION_FLUSH, BROTLI_OPERATION_PROCESS, BROTLI_PARAM_DISABLE_LITERAL_CONTEXT_MODELING, BROTLI_PARAM_LARGE_WINDOW, BROTLI_PARAM_LGBLOCK, BROTLI_PARAM_LGWIN, BROTLI_PARAM_MODE, BROTLI_PARAM_NDIRECT, BROTLI_PARAM_NPOSTFIX, BROTLI_PARAM_QUALITY, BROTLI_PARAM_SIZE_HINT, DEFLATE, DEFLATERAW, GUNZIP, GZIP, INFLATE, INFLATERAW, UNZIP, ZLIB_VERNUM, ZSTD_CLEVEL_DEFAULT, ZSTD_COMPRESS, ZSTD_DECOMPRESS, ZSTD_btlazy2, ZSTD_btopt, ZSTD_btultra, ZSTD_btultra2, ZSTD_c_chainLog, ZSTD_c_checksumFlag, ZSTD_c_compressionLevel, ZSTD_c_contentSizeFlag, ZSTD_c_dictIDFlag, ZSTD_c_enableLongDistanceMatching, ZSTD_c_hashLog, ZSTD_c_jobSize, ZSTD_c_ldmBucketSizeLog, ZSTD_c_ldmHashLog, ZSTD_c_ldmHashRateLog, ZSTD_c_ldmMinMatch, ZSTD_c_minMatch, ZSTD_c_nbWorkers, ZSTD_c_overlapLog, ZSTD_c_searchLog, ZSTD_c_strategy, ZSTD_c_targetLength, ZSTD_c_windowLog, ZSTD_d_windowLogMax, ZSTD_dfast, ZSTD_e_continue, ZSTD_e_end, ZSTD_e_flush, ZSTD_error_GENERIC, ZSTD_error_checksum_wrong, ZSTD_error_corruption_detected, ZSTD_error_dictionaryCreation_failed, ZSTD_error_dictionary_corrupted, ZSTD_error_dictionary_wrong, ZSTD_error_dstBuffer_null, ZSTD_error_dstSize_tooSmall, ZSTD_error_frameParameter_unsupported, ZSTD_error_frameParameter_windowTooLarge, ZSTD_error_init_missing, ZSTD_error_literals_headerWrong, ZSTD_error_maxSymbolValue_tooLarge, ZSTD_error_maxSymbolValue_tooSmall, ZSTD_error_memory_allocation, ZSTD_error_noForwardProgress_destFull, ZSTD_error_noForwardProgress_inputEmpty, ZSTD_error_no_error, ZSTD_error_parameter_combination_unsupported, ZSTD_error_parameter_outOfBound, ZSTD_error_parameter_unsupported, ZSTD_error_prefix_unknown, ZSTD_error_srcSize_wrong, ZSTD_error_stabilityCondition_notRespected, ZSTD_error_stage_wrong, ZSTD_error_tableLog_tooLarge, ZSTD_error_version_unsupported, ZSTD_error_workSpace_tooSmall, ZSTD_fast, ZSTD_greedy, ZSTD_lazy, ZSTD_lazy2, Z_BEST_COMPRESSION, Z_BEST_SPEED, Z_BLOCK, Z_BUF_ERROR, Z_DATA_ERROR, Z_DEFAULT_CHUNK, Z_DEFAULT_COMPRESSION, Z_DEFAULT_LEVEL, Z_DEFAULT_MEMLEVEL, Z_DEFAULT_STRATEGY, Z_DEFAULT_WINDOWBITS, Z_ERRNO, Z_FILTERED, Z_FINISH, Z_FIXED, Z_FULL_FLUSH, Z_HUFFMAN_ONLY, Z_MAX_CHUNK, Z_MAX_LEVEL, Z_MAX_MEMLEVEL, Z_MAX_WINDOWBITS, Z_MEM_ERROR, Z_MIN_CHUNK, Z_MIN_LEVEL, Z_MIN_MEMLEVEL, Z_MIN_WINDOWBITS, Z_NEED_DICT, Z_NO_COMPRESSION, Z_NO_FLUSH, Z_OK, Z_PARTIAL_FLUSH, Z_RLE, Z_STREAM_END, Z_STREAM_ERROR, Z_SYNC_FLUSH, Z_VERSION_ERROR
94 declare module "node:zlib" {
   ~~~~~~~
  node_modules/.bun/@types+node@25.1.0/node_modules/@types/node/zlib.d.ts:94:1
    94 declare module "node:zlib" {
       ~~~~~~~
    Conflicts are in this file.
node_modules/.bun/react-loading-skeleton@3.5.0+b1ab299f0a400331/node_modules/react-loading-skeleton/dist/Skeleton.d.ts:1:8 - error TS1259: Module '"/Users/ihorkorenets/Job/ai-powered-app/node_modules/.bun/@types+react@19.2.10/node_modules/@types/react/index"' can only be default-imported using the 'esModuleInterop' flag
1 import React, { CSSProperties, PropsWithChildren, ReactElement } from 'react';
         ~~~~~
  node_modules/.bun/@types+react@19.2.10/node_modules/@types/react/index.d.ts:67:1
    67 export = React;
       ~~~~~~~~~~~~~~~
    This module is declared with 'export =', and can only be used with a default import when using the 'esModuleInterop' flag.
packages/client/src/components/reviews/ReviewList.tsx:1:8 - error TS1259: Module '"/Users/ihorkorenets/Job/ai-powered-app/node_modules/.bun/@types+react@19.2.10/node_modules/@types/react/index"' can only be default-imported using the 'esModuleInterop' flag
1 import React from 'react';
         ~~~~~
  node_modules/.bun/@types+react@19.2.10/node_modules/@types/react/index.d.ts:67:1
    67 export = React;
       ~~~~~~~~~~~~~~~
    This module is declared with 'export =', and can only be used with a default import when using the 'esModuleInterop' flag.
packages/client/src/components/reviews/ReviewList.tsx:3:28 - error TS2307: Cannot find module '@/components/reviews/StarRating.tsx' or its corresponding type declarations.
3 import { StarRating } from '@/components/reviews/StarRating.tsx';
                             ~~~~~~~~~~~~~~~~~~~~~~~~~~~~~~~~~~~~~
packages/client/src/components/reviews/ReviewList.tsx:45:7 - error TS17004: Cannot use JSX unless the '--jsx' flag is provided.
45       <div>
         ~~~~~
packages/client/src/components/reviews/ReviewList.tsx:47:11 - error TS17004: Cannot use JSX unless the '--jsx' flag is provided.
47           <div key={i} className="flex flex-col gap-y-2 mb-2 border-b pb-2">
             ~~~~~~~~~~~~~~~~~~~~~~~~~~~~~~~~~~~~~~~~~~~~~~~~~~~~~~~~~~~~~~~~~~
packages/client/src/components/reviews/ReviewList.tsx:48:13 - error TS17004: Cannot use JSX unless the '--jsx' flag is provided.
48             <Skeleton width={100} />
               ~~~~~~~~~~~~~~~~~~~~~~~~
packages/client/src/components/reviews/ReviewList.tsx:49:13 - error TS17004: Cannot use JSX unless the '--jsx' flag is provided.
49             <Skeleton width={180} />
               ~~~~~~~~~~~~~~~~~~~~~~~~
packages/client/src/components/reviews/ReviewList.tsx:50:13 - error TS17004: Cannot use JSX unless the '--jsx' flag is provided.
50             <Skeleton count={3} />
               ~~~~~~~~~~~~~~~~~~~~~~
packages/client/src/components/reviews/ReviewList.tsx:59:7 - error TS17004: Cannot use JSX unless the '--jsx' flag is provided.
59       <div
         ~~~~
60         className={'text-red-500'}
   ~~~~~~~~~~~~~~~~~~~~~~~~~~~~~~~~~~
61       >{`${ERROR_MESSAGE} ${error.message}`}</div>
   ~~~~~~~
packages/client/src/components/reviews/ReviewList.tsx:68:5 - error TS17004: Cannot use JSX unless the '--jsx' flag is provided.
68     <div>
       ~~~~~
packages/client/src/components/reviews/ReviewList.tsx:69:20 - error TS2339: Property 'reviews' does not exist on type 'GetReviewsResponse[]'.
69       {reviewData?.reviews.map((review) => (
                      ~~~~~~~
packages/client/src/components/reviews/ReviewList.tsx:70:9 - error TS17004: Cannot use JSX unless the '--jsx' flag is provided.
70         <div
           ~~~~
71           key={review.id}
   ~~~~~~~~~~~~~~~~~~~~~~~~~
72           className="flex flex-col gap-y-2 mb-2 border-b pb-2"
   ~~~~~~~~~~~~~~~~~~~~~~~~~~~~~~~~~~~~~~~~~~~~~~~~~~~~~~~~~~~~~~
73         >
   ~~~~~~~~~
packages/client/src/components/reviews/ReviewList.tsx:74:11 - error TS17004: Cannot use JSX unless the '--jsx' flag is provided.
74           <div className="font-semibold">{review.author}</div>
             ~~~~~~~~~~~~~~~~~~~~~~~~~~~~~~~
packages/client/src/components/reviews/ReviewList.tsx:75:11 - error TS17004: Cannot use JSX unless the '--jsx' flag is provided.
75           <StarRating value={review.rating} />
             ~~~~~~~~~~~~~~~~~~~~~~~~~~~~~~~~~~~~
packages/client/src/components/reviews/ReviewList.tsx:76:11 - error TS17004: Cannot use JSX unless the '--jsx' flag is provided.
76           <div>{review.content}</div>
             ~~~~~
Found 318 errors in 130 files.
Errors  Files
     1  node_modules/.bun/@tanstack+query-core@5.90.20/node_modules/@tanstack/query-core/build/legacy/focusManager.d.ts:6
     7  node_modules/.bun/@tanstack+query-core@5.90.20/node_modules/@tanstack/query-core/build/legacy/hydration-BlEVG2Lp.d.ts:9
     1  node_modules/.bun/@tanstack+query-core@5.90.20/node_modules/@tanstack/query-core/build/legacy/onlineManager.d.ts:6
     1  node_modules/.bun/@tanstack+query-core@5.90.20/node_modules/@tanstack/query-core/build/legacy/queriesObserver.d.ts:11
     1  node_modules/.bun/@tanstack+query-core@5.90.20/node_modules/@tanstack/query-core/build/legacy/removable.d.ts:2
     1  node_modules/.bun/@tanstack+query-core@5.90.20/node_modules/@tanstack/query-core/build/legacy/timeoutManager.d.ts:41
     2  node_modules/.bun/@types+node@25.1.0/node_modules/@types/node/assert.d.ts:950
     2  node_modules/.bun/@types+node@25.1.0/node_modules/@types/node/assert/strict.d.ts:100
     1  node_modules/.bun/@types+node@25.1.0/node_modules/@types/node/async_hooks.d.ts:17
     3  node_modules/.bun/@types+node@25.1.0/node_modules/@types/node/buffer.buffer.d.ts:2
     1  node_modules/.bun/@types+node@25.1.0/node_modules/@types/node/buffer.d.ts:46
     1  node_modules/.bun/@types+node@25.1.0/node_modules/@types/node/child_process.d.ts:68
     2  node_modules/.bun/@types+node@25.1.0/node_modules/@types/node/cluster.d.ts:481
     1  node_modules/.bun/@types+node@25.1.0/node_modules/@types/node/compatibility/iterators.d.ts:18
     2  node_modules/.bun/@types+node@25.1.0/node_modules/@types/node/console.d.ts:146
     2  node_modules/.bun/@types+node@25.1.0/node_modules/@types/node/constants.d.ts:15
     2  node_modules/.bun/@types+node@25.1.0/node_modules/@types/node/crypto.d.ts:19
     3  node_modules/.bun/@types+node@25.1.0/node_modules/@types/node/dgram.d.ts:45
     3  node_modules/.bun/@types+node@25.1.0/node_modules/@types/node/diagnostics_channel.d.ts:61
     1  node_modules/.bun/@types+node@25.1.0/node_modules/@types/node/dns.d.ts:47
     1  node_modules/.bun/@types+node@25.1.0/node_modules/@types/node/dns/promises.d.ts:7
     1  node_modules/.bun/@types+node@25.1.0/node_modules/@types/node/domain.d.ts:25
     2  node_modules/.bun/@types+node@25.1.0/node_modules/@types/node/events.d.ts:1049
     1  node_modules/.bun/@types+node@25.1.0/node_modules/@types/node/fs.d.ts:21
     1  node_modules/.bun/@types+node@25.1.0/node_modules/@types/node/fs/promises.d.ts:498
     5  node_modules/.bun/@types+node@25.1.0/node_modules/@types/node/globals.d.ts:113
     1  node_modules/.bun/@types+node@25.1.0/node_modules/@types/node/globals.typedarray.d.ts:1
    24  node_modules/.bun/@types+node@25.1.0/node_modules/@types/node/http.d.ts:42
    10  node_modules/.bun/@types+node@25.1.0/node_modules/@types/node/http2.d.ts:11
     4  node_modules/.bun/@types+node@25.1.0/node_modules/@types/node/https.d.ts:29
     2  node_modules/.bun/@types+node@25.1.0/node_modules/@types/node/inspector.d.ts:12
     2  node_modules/.bun/@types+node@25.1.0/node_modules/@types/node/inspector.generated.d.ts:6
     7  node_modules/.bun/@types+node@25.1.0/node_modules/@types/node/inspector/promises.d.ts:9
     2  node_modules/.bun/@types+node@25.1.0/node_modules/@types/node/module.d.ts:814
     1  node_modules/.bun/@types+node@25.1.0/node_modules/@types/node/net.d.ts:15
     2  node_modules/.bun/@types+node@25.1.0/node_modules/@types/node/os.d.ts:10
     2  node_modules/.bun/@types+node@25.1.0/node_modules/@types/node/path.d.ts:182
     2  node_modules/.bun/@types+node@25.1.0/node_modules/@types/node/path/posix.d.ts:3
     2  node_modules/.bun/@types+node@25.1.0/node_modules/@types/node/path/win32.d.ts:3
     3  node_modules/.bun/@types+node@25.1.0/node_modules/@types/node/perf_hooks.d.ts:32
     1  node_modules/.bun/@types+node@25.1.0/node_modules/@types/node/process.d.ts:1
     3  node_modules/.bun/@types+node@25.1.0/node_modules/@types/node/punycode.d.ts:87
     2  node_modules/.bun/@types+node@25.1.0/node_modules/@types/node/querystring.d.ts:118
     1  node_modules/.bun/@types+node@25.1.0/node_modules/@types/node/quic.d.ts:14
     8  node_modules/.bun/@types+node@25.1.0/node_modules/@types/node/readline.d.ts:62
     3  node_modules/.bun/@types+node@25.1.0/node_modules/@types/node/readline/promises.d.ts:19
     2  node_modules/.bun/@types+node@25.1.0/node_modules/@types/node/repl.d.ts:11
     1  node_modules/.bun/@types+node@25.1.0/node_modules/@types/node/sea.d.ts:117
     1  node_modules/.bun/@types+node@25.1.0/node_modules/@types/node/sqlite.d.ts:45
     2  node_modules/.bun/@types+node@25.1.0/node_modules/@types/node/stream.d.ts:1755
     1  node_modules/.bun/@types+node@25.1.0/node_modules/@types/node/stream/promises.d.ts:55
     6  node_modules/.bun/@types+node@25.1.0/node_modules/@types/node/stream/web.d.ts:3
     1  node_modules/.bun/@types+node@25.1.0/node_modules/@types/node/string_decoder.d.ts:42
     1  node_modules/.bun/@types+node@25.1.0/node_modules/@types/node/test.d.ts:2238
     6  node_modules/.bun/@types+node@25.1.0/node_modules/@types/node/test/reporters.d.ts:95
     7  node_modules/.bun/@types+node@25.1.0/node_modules/@types/node/timers.d.ts:155
     1  node_modules/.bun/@types+node@25.1.0/node_modules/@types/node/timers/promises.d.ts:104
     1  node_modules/.bun/@types+node@25.1.0/node_modules/@types/node/tls.d.ts:11
     3  node_modules/.bun/@types+node@25.1.0/node_modules/@types/node/tty.d.ts:41
     1  node_modules/.bun/@types+node@25.1.0/node_modules/@types/node/url.d.ts:422
     2  node_modules/.bun/@types+node@25.1.0/node_modules/@types/node/util.d.ts:11
     1  node_modules/.bun/@types+node@25.1.0/node_modules/@types/node/v8.d.ts:9
     1  node_modules/.bun/@types+node@25.1.0/node_modules/@types/node/vm.d.ts:39
     1  node_modules/.bun/@types+node@25.1.0/node_modules/@types/node/wasi.d.ts:136
     2  node_modules/.bun/@types+node@25.1.0/node_modules/@types/node/web-globals/timers.d.ts:18
     2  node_modules/.bun/@types+node@25.1.0/node_modules/@types/node/worker_threads.d.ts:57
     1  node_modules/.bun/@types+node@25.1.0/node_modules/@types/node/zlib.d.ts:94
     2  node_modules/.bun/@types+node@25.2.0/node_modules/@types/node/assert.d.ts:950
     2  node_modules/.bun/@types+node@25.2.0/node_modules/@types/node/assert/strict.d.ts:100
     1  node_modules/.bun/@types+node@25.2.0/node_modules/@types/node/async_hooks.d.ts:17
     3  node_modules/.bun/@types+node@25.2.0/node_modules/@types/node/buffer.buffer.d.ts:2
     1  node_modules/.bun/@types+node@25.2.0/node_modules/@types/node/buffer.d.ts:46
     1  node_modules/.bun/@types+node@25.2.0/node_modules/@types/node/child_process.d.ts:68
     2  node_modules/.bun/@types+node@25.2.0/node_modules/@types/node/cluster.d.ts:481
     1  node_modules/.bun/@types+node@25.2.0/node_modules/@types/node/compatibility/iterators.d.ts:18
     2  node_modules/.bun/@types+node@25.2.0/node_modules/@types/node/console.d.ts:146
     2  node_modules/.bun/@types+node@25.2.0/node_modules/@types/node/constants.d.ts:15
     1  node_modules/.bun/@types+node@25.2.0/node_modules/@types/node/crypto.d.ts:19
     3  node_modules/.bun/@types+node@25.2.0/node_modules/@types/node/dgram.d.ts:45
     3  node_modules/.bun/@types+node@25.2.0/node_modules/@types/node/diagnostics_channel.d.ts:61
     1  node_modules/.bun/@types+node@25.2.0/node_modules/@types/node/dns.d.ts:47
     1  node_modules/.bun/@types+node@25.2.0/node_modules/@types/node/dns/promises.d.ts:7
     1  node_modules/.bun/@types+node@25.2.0/node_modules/@types/node/domain.d.ts:25
     2  node_modules/.bun/@types+node@25.2.0/node_modules/@types/node/events.d.ts:1049
     1  node_modules/.bun/@types+node@25.2.0/node_modules/@types/node/fs.d.ts:21
     1  node_modules/.bun/@types+node@25.2.0/node_modules/@types/node/fs/promises.d.ts:498
     5  node_modules/.bun/@types+node@25.2.0/node_modules/@types/node/globals.d.ts:113
     1  node_modules/.bun/@types+node@25.2.0/node_modules/@types/node/globals.typedarray.d.ts:1
     1  node_modules/.bun/@types+node@25.2.0/node_modules/@types/node/http.d.ts:42
     1  node_modules/.bun/@types+node@25.2.0/node_modules/@types/node/http2.d.ts:11
     4  node_modules/.bun/@types+node@25.2.0/node_modules/@types/node/https.d.ts:35
     2  node_modules/.bun/@types+node@25.2.0/node_modules/@types/node/inspector.d.ts:12
     3  node_modules/.bun/@types+node@25.2.0/node_modules/@types/node/inspector.generated.d.ts:6
     7  node_modules/.bun/@types+node@25.2.0/node_modules/@types/node/inspector/promises.d.ts:9
     2  node_modules/.bun/@types+node@25.2.0/node_modules/@types/node/module.d.ts:814
     1  node_modules/.bun/@types+node@25.2.0/node_modules/@types/node/net.d.ts:15
     1  node_modules/.bun/@types+node@25.2.0/node_modules/@types/node/os.d.ts:10
     2  node_modules/.bun/@types+node@25.2.0/node_modules/@types/node/path.d.ts:182
     2  node_modules/.bun/@types+node@25.2.0/node_modules/@types/node/path/posix.d.ts:3
     2  node_modules/.bun/@types+node@25.2.0/node_modules/@types/node/path/win32.d.ts:3
     3  node_modules/.bun/@types+node@25.2.0/node_modules/@types/node/perf_hooks.d.ts:32
     1  node_modules/.bun/@types+node@25.2.0/node_modules/@types/node/process.d.ts:1
     3  node_modules/.bun/@types+node@25.2.0/node_modules/@types/node/punycode.d.ts:87
     2  node_modules/.bun/@types+node@25.2.0/node_modules/@types/node/querystring.d.ts:118
     1  node_modules/.bun/@types+node@25.2.0/node_modules/@types/node/quic.d.ts:14
     8  node_modules/.bun/@types+node@25.2.0/node_modules/@types/node/readline.d.ts:62
     3  node_modules/.bun/@types+node@25.2.0/node_modules/@types/node/readline/promises.d.ts:19
     1  node_modules/.bun/@types+node@25.2.0/node_modules/@types/node/repl.d.ts:11
     1  node_modules/.bun/@types+node@25.2.0/node_modules/@types/node/sea.d.ts:117
     1  node_modules/.bun/@types+node@25.2.0/node_modules/@types/node/sqlite.d.ts:45
     2  node_modules/.bun/@types+node@25.2.0/node_modules/@types/node/stream.d.ts:1755
     1  node_modules/.bun/@types+node@25.2.0/node_modules/@types/node/stream/promises.d.ts:55
     6  node_modules/.bun/@types+node@25.2.0/node_modules/@types/node/stream/web.d.ts:3
     1  node_modules/.bun/@types+node@25.2.0/node_modules/@types/node/string_decoder.d.ts:42
     1  node_modules/.bun/@types+node@25.2.0/node_modules/@types/node/test.d.ts:2238
     6  node_modules/.bun/@types+node@25.2.0/node_modules/@types/node/test/reporters.d.ts:95
     7  node_modules/.bun/@types+node@25.2.0/node_modules/@types/node/timers.d.ts:155
     1  node_modules/.bun/@types+node@25.2.0/node_modules/@types/node/timers/promises.d.ts:104
     1  node_modules/.bun/@types+node@25.2.0/node_modules/@types/node/tls.d.ts:11
     3  node_modules/.bun/@types+node@25.2.0/node_modules/@types/node/tty.d.ts:41
     1  node_modules/.bun/@types+node@25.2.0/node_modules/@types/node/url.d.ts:422
     2  node_modules/.bun/@types+node@25.2.0/node_modules/@types/node/util.d.ts:11
     1  node_modules/.bun/@types+node@25.2.0/node_modules/@types/node/v8.d.ts:9
     1  node_modules/.bun/@types+node@25.2.0/node_modules/@types/node/vm.d.ts:39
     1  node_modules/.bun/@types+node@25.2.0/node_modules/@types/node/wasi.d.ts:136
     2  node_modules/.bun/@types+node@25.2.0/node_modules/@types/node/web-globals/timers.d.ts:18
     1  node_modules/.bun/@types+node@25.2.0/node_modules/@types/node/worker_threads.d.ts:57
     1  node_modules/.bun/@types+node@25.2.0/node_modules/@types/node/zlib.d.ts:94
     1  node_modules/.bun/react-loading-skeleton@3.5.0+b1ab299f0a400331/node_modules/react-loading-skeleton/dist/Skeleton.d.ts:1
    14  packages/client/src/components/reviews/ReviewList.tsx:1
npm notice
npm notice New major version of npm available! 10.9.0 -> 11.8.0
npm notice Changelog: https://github.com/npm/cli/releases/tag/v11.8.0
npm notice To update run: npm install -g npm@11.8.0
npm notice

LINE LIMIT EXCEEDED
